<?xml version="1.0" encoding="UTF-8"?>
<!-- Generated by org.testng.reporters.JUnitXMLReporter -->
<testsuite ignored="6" hostname="DESKTOP-OVC9B5E" failures="9" tests="26" name="Run on Chrome" time="372.987" errors="0" timestamp="17 Oct 2022 18:57:36 GMT">
  <testcase classname="orangehrm.admin.organization.Location_Operation" name="@BeforeClass Precondition_Login" time="24.137">
    <failure type="org.openqa.selenium.TimeoutException" message="Expected condition failed: waiting for element to be clickable: By.xpath: //span[text()=&amp;apos;Admin&amp;apos;]/parent::a (tried for 5 second(s) with 500 milliseconds interval)">
      <![CDATA[org.openqa.selenium.TimeoutException: Expected condition failed: waiting for element to be clickable: By.xpath: //span[text()='Admin']/parent::a (tried for 5 second(s) with 500 milliseconds interval)
at org.openqa.selenium.support.ui.WebDriverWait.timeoutException(WebDriverWait.java:95)
at org.openqa.selenium.support.ui.FluentWait.until(FluentWait.java:272)
at commons.AbstractPage.waitToElementClickable(AbstractPage.java:107)
at commons.AbstractPage.clickToLeftMenuByName(AbstractPage.java:180)
at orangehrm.admin.organization.Location_Operation.Precondition_Login(Location_Operation.java:48)
Caused by: org.openqa.selenium.NoSuchElementException: no such element: Unable to locate element: {"method":"xpath","selector":"//span[text()='Admin']/parent::a"}
  (Session info: chrome=106.0.5249.119)
For documentation on this error, please visit: https://www.seleniumhq.org/exceptions/no_such_element.html
Build info: version: '3.141.59', revision: 'e82be7d358', time: '2018-11-14T08:17:03'
System info: host: 'DESKTOP-OVC9B5E', ip: '192.168.1.3', os.name: 'Windows 10', os.arch: 'amd64', os.version: '10.0', java.version: '17.0.1'
Driver info: org.openqa.selenium.chrome.ChromeDriver
Capabilities {acceptInsecureCerts: false, browserName: chrome, browserVersion: 106.0.5249.119, chrome: {chromedriverVersion: 106.0.5249.61 (511755355844..., userDataDir: C:\Users\admin\AppData\Loca...}, goog:chromeOptions: {debuggerAddress: localhost:53296}, javascriptEnabled: true, networkConnectionEnabled: false, pageLoadStrategy: normal, platform: WINDOWS, platformName: WINDOWS, proxy: Proxy(), setWindowRect: true, strictFileInteractability: false, timeouts: {implicit: 0, pageLoad: 300000, script: 30000}, unhandledPromptBehavior: dismiss and notify, webauthn:extension:credBlob: true, webauthn:extension:largeBlob: true, webauthn:virtualAuthenticators: true}
Session ID: db1eba3a5067c327115e60a46db535e3
*** Element info: {Using=xpath, value=//span[text()='Admin']/parent::a}
at org.openqa.selenium.remote.http.W3CHttpResponseCodec.createException(W3CHttpResponseCodec.java:187)
at org.openqa.selenium.remote.http.W3CHttpResponseCodec.decode(W3CHttpResponseCodec.java:122)
at org.openqa.selenium.remote.http.W3CHttpResponseCodec.decode(W3CHttpResponseCodec.java:49)
at org.openqa.selenium.remote.HttpCommandExecutor.execute(HttpCommandExecutor.java:158)
at org.openqa.selenium.remote.service.DriverCommandExecutor.execute(DriverCommandExecutor.java:83)
at org.openqa.selenium.remote.RemoteWebDriver.execute(RemoteWebDriver.java:552)
at org.openqa.selenium.remote.RemoteWebDriver.findElement(RemoteWebDriver.java:323)
at org.openqa.selenium.remote.RemoteWebDriver.findElementByXPath(RemoteWebDriver.java:428)
at org.openqa.selenium.By$ByXPath.findElement(By.java:353)
at org.openqa.selenium.remote.RemoteWebDriver.findElement(RemoteWebDriver.java:315)
at org.openqa.selenium.support.ui.ExpectedConditions$7.apply(ExpectedConditions.java:205)
at org.openqa.selenium.support.ui.ExpectedConditions$7.apply(ExpectedConditions.java:201)
at org.openqa.selenium.support.ui.ExpectedConditions$22.apply(ExpectedConditions.java:641)
at org.openqa.selenium.support.ui.ExpectedConditions$22.apply(ExpectedConditions.java:638)
at org.openqa.selenium.support.ui.FluentWait.until(FluentWait.java:249)
... 29 more
... Removed 31 stack frames]]>
    </failure>
  </testcase> <!-- @BeforeClass Precondition_Login -->
  <testcase classname="orangehrm.admin.organization.Location_Operation" name="@AfterClass afterClass" time="0.0">
    <skipped/>
  </testcase> <!-- @AfterClass afterClass -->
  <testcase classname="orangehrm.admin.job.JobTitle_Operation" name="TC_01_Verify_Add_Job_Title" time="15.789"/>
  <testcase classname="orangehrm.admin.job.JobTitle_Operation" name="TC_02_Verify_Edit_Job_Title" time="11.358"/>
  <testcase classname="orangehrm.admin.job.JobTitle_Operation" name="TC_03_Verify_Edit_Job_Specification_File" time="14.712"/>
  <testcase classname="orangehrm.admin.job.JobTitle_Operation" name="TC_04_Verify_Delete_Job_Specification_File" time="16.324"/>
  <testcase classname="orangehrm.admin.job.JobTitle_Operation" name="TC_05_Job_Title_Cannot_Be_Duplicated" time="6.533"/>
  <testcase classname="orangehrm.admin.job.JobTitle_Operation" name="TC_06_Verify_Delete_Operation" time="10.674"/>
  <testcase classname="orangehrm.admin.job.JobTitle_Validation" name="TC_01_Job_Title_Cannot_Be_Blank" time="2.876"/>
  <testcase classname="orangehrm.admin.job.JobTitle_Validation" name="TC_02_Job_Title_Cannot_More_Than_100_Characters" time="6.549"/>
  <testcase classname="orangehrm.admin.job.JobTitle_Validation" name="TC_03_File_Size_Cannot_More_Than_1MB" time="9.514"/>
  <testcase classname="orangehrm.admin.job.JobTitle_Validation" name="TC_04_File_Extension_Wrong_Format" time="9.473"/>
  <testcase classname="orangehrm.admin.job.PayGrades_Operation" name="TC_01_Verify_Add_Pay_Grade" time="6.867"/>
  <testcase classname="orangehrm.admin.job.PayGrades_Operation" name="TC_02_Verify_Add_Currency" time="18.089">
    <failure type="org.openqa.selenium.StaleElementReferenceException" message="stale element reference: element is not attached to the page document
  (Session info: chrome=106.0.5249.119)
For documentation on this error, please visit: https://www.seleniumhq.org/exceptions/stale_element_reference.html
Build info: version: &amp;apos;3.141.59&amp;apos;, revision: &amp;apos;e82be7d358&amp;apos;, time: &amp;apos;2018-11-14T08:17:03&amp;apos;
System info: host: &amp;apos;DESKTOP-OVC9B5E&amp;apos;, ip: &amp;apos;192.168.1.3&amp;apos;, os.name: &amp;apos;Windows 10&amp;apos;, os.arch: &amp;apos;amd64&amp;apos;, os.version: &amp;apos;10.0&amp;apos;, java.version: &amp;apos;17.0.1&amp;apos;
Driver info: org.openqa.selenium.chrome.ChromeDriver
Capabilities {acceptInsecureCerts: false, browserName: chrome, browserVersion: 106.0.5249.119, chrome: {chromedriverVersion: 106.0.5249.61 (511755355844..., userDataDir: C:\Users\admin\AppData\Loca...}, goog:chromeOptions: {debuggerAddress: localhost:53219}, javascriptEnabled: true, networkConnectionEnabled: false, pageLoadStrategy: normal, platform: WINDOWS, platformName: WINDOWS, proxy: Proxy(), setWindowRect: true, strictFileInteractability: false, timeouts: {implicit: 0, pageLoad: 300000, script: 30000}, unhandledPromptBehavior: dismiss and notify, webauthn:extension:credBlob: true, webauthn:extension:largeBlob: true, webauthn:virtualAuthenticators: true}
Session ID: b054c35d9ab1042ed7c60c79b5dfedcd">
      <![CDATA[org.openqa.selenium.StaleElementReferenceException: stale element reference: element is not attached to the page document
  (Session info: chrome=106.0.5249.119)
For documentation on this error, please visit: https://www.seleniumhq.org/exceptions/stale_element_reference.html
Build info: version: '3.141.59', revision: 'e82be7d358', time: '2018-11-14T08:17:03'
System info: host: 'DESKTOP-OVC9B5E', ip: '192.168.1.3', os.name: 'Windows 10', os.arch: 'amd64', os.version: '10.0', java.version: '17.0.1'
Driver info: org.openqa.selenium.chrome.ChromeDriver
Capabilities {acceptInsecureCerts: false, browserName: chrome, browserVersion: 106.0.5249.119, chrome: {chromedriverVersion: 106.0.5249.61 (511755355844..., userDataDir: C:\Users\admin\AppData\Loca...}, goog:chromeOptions: {debuggerAddress: localhost:53219}, javascriptEnabled: true, networkConnectionEnabled: false, pageLoadStrategy: normal, platform: WINDOWS, platformName: WINDOWS, proxy: Proxy(), setWindowRect: true, strictFileInteractability: false, timeouts: {implicit: 0, pageLoad: 300000, script: 30000}, unhandledPromptBehavior: dismiss and notify, webauthn:extension:credBlob: true, webauthn:extension:largeBlob: true, webauthn:virtualAuthenticators: true}
Session ID: b054c35d9ab1042ed7c60c79b5dfedcd
at org.openqa.selenium.remote.http.W3CHttpResponseCodec.createException(W3CHttpResponseCodec.java:187)
at org.openqa.selenium.remote.http.W3CHttpResponseCodec.decode(W3CHttpResponseCodec.java:122)
at org.openqa.selenium.remote.http.W3CHttpResponseCodec.decode(W3CHttpResponseCodec.java:49)
at org.openqa.selenium.remote.HttpCommandExecutor.execute(HttpCommandExecutor.java:158)
at org.openqa.selenium.remote.service.DriverCommandExecutor.execute(DriverCommandExecutor.java:83)
at org.openqa.selenium.remote.RemoteWebDriver.execute(RemoteWebDriver.java:552)
at org.openqa.selenium.remote.RemoteWebElement.execute(RemoteWebElement.java:285)
at org.openqa.selenium.remote.RemoteWebElement.getText(RemoteWebElement.java:166)
at pageObjects.PayGradesPageObject.getAllDropdownValue(PayGradesPageObject.java:104)
at pageObjects.PayGradesPageObject.getRandomCurrencyValue(PayGradesPageObject.java:168)
at orangehrm.admin.job.PayGrades_Operation.TC_02_Verify_Add_Currency(PayGrades_Operation.java:104)
... Removed 30 stack frames]]>
    </failure>
  </testcase> <!-- TC_02_Verify_Add_Currency -->
  <testcase classname="orangehrm.admin.job.PayGrades_Operation" name="TC_03_Verify_Edit_Currency" time="0.006">
    <failure type="java.lang.NullPointerException" message="Cannot invoke &amp;quot;String.substring(int)&amp;quot; because &amp;quot;this.currencyValue&amp;quot; is null">
      <![CDATA[java.lang.NullPointerException: Cannot invoke "String.substring(int)" because "this.currencyValue" is null
at orangehrm.admin.job.PayGrades_Operation.TC_03_Verify_Edit_Currency(PayGrades_Operation.java:133)
... Removed 25 stack frames]]>
    </failure>
  </testcase> <!-- TC_03_Verify_Edit_Currency -->
  <testcase classname="orangehrm.admin.job.PayGrades_Operation" name="TC_04_Verify_Delete_Currency" time="0.005">
    <failure type="java.lang.NullPointerException" message="Cannot invoke &amp;quot;String.substring(int)&amp;quot; because &amp;quot;this.currencyValue&amp;quot; is null">
      <![CDATA[java.lang.NullPointerException: Cannot invoke "String.substring(int)" because "this.currencyValue" is null
at orangehrm.admin.job.PayGrades_Operation.TC_04_Verify_Delete_Currency(PayGrades_Operation.java:156)
... Removed 25 stack frames]]>
    </failure>
  </testcase> <!-- TC_04_Verify_Delete_Currency -->
  <testcase classname="orangehrm.admin.job.PayGrades_Operation" name="TC_05_Verify_Edit_Pay_Grades" time="11.613"/>
  <testcase classname="orangehrm.admin.job.PayGrades_Operation" name="TC_06_Verify_Delete_Pay_Grade" time="9.849"/>
  <testcase classname="orangehrm.admin.job.WorkShift_Operation" name="TC_01_Verify_Add_Work_Shift" time="11.147"/>
  <testcase classname="orangehrm.admin.organization.Location_Operation" name="TC_04_Verify_Search_Existed_Location_By_Name" time="0.0">
    <skipped/>
  </testcase> <!-- TC_04_Verify_Search_Existed_Location_By_Name -->
  <testcase classname="orangehrm.page.Admin_Page_Access_01" name="TC_01_Verify_Access_User_Page" time="11.772">
    <failure type="org.openqa.selenium.TimeoutException" message="Expected condition failed: waiting for element to be clickable: By.xpath: //span[text()=&amp;apos;Admin&amp;apos;]/parent::a (tried for 5 second(s) with 500 milliseconds interval)">
      <![CDATA[org.openqa.selenium.TimeoutException: Expected condition failed: waiting for element to be clickable: By.xpath: //span[text()='Admin']/parent::a (tried for 5 second(s) with 500 milliseconds interval)
at org.openqa.selenium.support.ui.WebDriverWait.timeoutException(WebDriverWait.java:95)
at org.openqa.selenium.support.ui.FluentWait.until(FluentWait.java:272)
at commons.AbstractPage.waitToElementClickable(AbstractPage.java:107)
at commons.AbstractPage.clickToLeftMenuByName(AbstractPage.java:180)
at orangehrm.page.Admin_Page_Access_01.TC_01_Verify_Access_User_Page(Admin_Page_Access_01.java:57)
Caused by: org.openqa.selenium.NoSuchElementException: no such element: Unable to locate element: {"method":"xpath","selector":"//span[text()='Admin']/parent::a"}
  (Session info: chrome=106.0.5249.119)
For documentation on this error, please visit: https://www.seleniumhq.org/exceptions/no_such_element.html
Build info: version: '3.141.59', revision: 'e82be7d358', time: '2018-11-14T08:17:03'
System info: host: 'DESKTOP-OVC9B5E', ip: '192.168.1.3', os.name: 'Windows 10', os.arch: 'amd64', os.version: '10.0', java.version: '17.0.1'
Driver info: org.openqa.selenium.chrome.ChromeDriver
Capabilities {acceptInsecureCerts: false, browserName: chrome, browserVersion: 106.0.5249.119, chrome: {chromedriverVersion: 106.0.5249.61 (511755355844..., userDataDir: C:\Users\admin\AppData\Loca...}, goog:chromeOptions: {debuggerAddress: localhost:53316}, javascriptEnabled: true, networkConnectionEnabled: false, pageLoadStrategy: normal, platform: WINDOWS, platformName: WINDOWS, proxy: Proxy(), setWindowRect: true, strictFileInteractability: false, timeouts: {implicit: 0, pageLoad: 300000, script: 30000}, unhandledPromptBehavior: dismiss and notify, webauthn:extension:credBlob: true, webauthn:extension:largeBlob: true, webauthn:virtualAuthenticators: true}
Session ID: ff215575744e01bcc1b0bd39770fa845
*** Element info: {Using=xpath, value=//span[text()='Admin']/parent::a}
at org.openqa.selenium.remote.http.W3CHttpResponseCodec.createException(W3CHttpResponseCodec.java:187)
at org.openqa.selenium.remote.http.W3CHttpResponseCodec.decode(W3CHttpResponseCodec.java:122)
at org.openqa.selenium.remote.http.W3CHttpResponseCodec.decode(W3CHttpResponseCodec.java:49)
at org.openqa.selenium.remote.HttpCommandExecutor.execute(HttpCommandExecutor.java:158)
at org.openqa.selenium.remote.service.DriverCommandExecutor.execute(DriverCommandExecutor.java:83)
at org.openqa.selenium.remote.RemoteWebDriver.execute(RemoteWebDriver.java:552)
at org.openqa.selenium.remote.RemoteWebDriver.findElement(RemoteWebDriver.java:323)
at org.openqa.selenium.remote.RemoteWebDriver.findElementByXPath(RemoteWebDriver.java:428)
at org.openqa.selenium.By$ByXPath.findElement(By.java:353)
at org.openqa.selenium.remote.RemoteWebDriver.findElement(RemoteWebDriver.java:315)
at org.openqa.selenium.support.ui.ExpectedConditions$7.apply(ExpectedConditions.java:205)
at org.openqa.selenium.support.ui.ExpectedConditions$7.apply(ExpectedConditions.java:201)
at org.openqa.selenium.support.ui.ExpectedConditions$22.apply(ExpectedConditions.java:641)
at org.openqa.selenium.support.ui.ExpectedConditions$22.apply(ExpectedConditions.java:638)
at org.openqa.selenium.support.ui.FluentWait.until(FluentWait.java:249)
... 28 more
... Removed 30 stack frames]]>
    </failure>
  </testcase> <!-- TC_01_Verify_Access_User_Page -->
  <testcase classname="orangehrm.page.Admin_Page_Access_01" name="TC_02_Verify_Job_Titles_Page" time="0.007">
    <failure type="java.lang.NullPointerException" message="Cannot invoke &amp;quot;pageObjects.UserPageObject.clickToParentMenuByName(org.openqa.selenium.WebDriver, String)&amp;quot; because &amp;quot;this.userPage&amp;quot; is null">
      <![CDATA[java.lang.NullPointerException: Cannot invoke "pageObjects.UserPageObject.clickToParentMenuByName(org.openqa.selenium.WebDriver, String)" because "this.userPage" is null
at orangehrm.page.Admin_Page_Access_01.TC_02_Verify_Job_Titles_Page(Admin_Page_Access_01.java:67)
... Removed 25 stack frames]]>
    </failure>
  </testcase> <!-- TC_02_Verify_Job_Titles_Page -->
  <testcase classname="orangehrm.page.Admin_Page_Access_01" name="TC_03_Verify_Job_Pay_Grades_Page" time="0.004">
    <failure type="java.lang.NullPointerException" message="Cannot invoke &amp;quot;pageObjects.JobTitlesPageObject.clickToParentMenuByName(org.openqa.selenium.WebDriver, String)&amp;quot; because &amp;quot;this.jobTitlesPage&amp;quot; is null">
      <![CDATA[java.lang.NullPointerException: Cannot invoke "pageObjects.JobTitlesPageObject.clickToParentMenuByName(org.openqa.selenium.WebDriver, String)" because "this.jobTitlesPage" is null
at orangehrm.page.Admin_Page_Access_01.TC_03_Verify_Job_Pay_Grades_Page(Admin_Page_Access_01.java:78)
... Removed 25 stack frames]]>
    </failure>
  </testcase> <!-- TC_03_Verify_Job_Pay_Grades_Page -->
  <testcase classname="orangehrm.page.Admin_Page_Access_01" name="TC_04_Verify_Job_Employee_Status_Page" time="0.005">
    <failure type="java.lang.NullPointerException" message="Cannot invoke &amp;quot;pageObjects.PayGradesPageObject.clickToParentMenuByName(org.openqa.selenium.WebDriver, String)&amp;quot; because &amp;quot;this.payGradesPage&amp;quot; is null">
      <![CDATA[java.lang.NullPointerException: Cannot invoke "pageObjects.PayGradesPageObject.clickToParentMenuByName(org.openqa.selenium.WebDriver, String)" because "this.payGradesPage" is null
at orangehrm.page.Admin_Page_Access_01.TC_04_Verify_Job_Employee_Status_Page(Admin_Page_Access_01.java:89)
... Removed 25 stack frames]]>
    </failure>
  </testcase> <!-- TC_04_Verify_Job_Employee_Status_Page -->
  <testcase classname="orangehrm.page.Admin_Page_Access_01" name="TC_05_Verify_Job_Job_Categories_Page" time="0.005">
    <failure type="java.lang.NullPointerException" message="Cannot invoke &amp;quot;pageObjects.EmploymentStatusPageObject.clickToParentMenuByName(org.openqa.selenium.WebDriver, String)&amp;quot; because &amp;quot;this.employmentStatusPage&amp;quot; is null">
      <![CDATA[java.lang.NullPointerException: Cannot invoke "pageObjects.EmploymentStatusPageObject.clickToParentMenuByName(org.openqa.selenium.WebDriver, String)" because "this.employmentStatusPage" is null
at orangehrm.page.Admin_Page_Access_01.TC_05_Verify_Job_Job_Categories_Page(Admin_Page_Access_01.java:100)
... Removed 25 stack frames]]>
    </failure>
  </testcase> <!-- TC_05_Verify_Job_Job_Categories_Page -->
  <testcase classname="orangehrm.page.Admin_Page_Access_01" name="TC_06_Verify_Job_Work_Shifts_Page" time="0.005">
    <failure type="java.lang.NullPointerException" message="Cannot invoke &amp;quot;pageObjects.JobCategoriesPageObject.clickToParentMenuByName(org.openqa.selenium.WebDriver, String)&amp;quot; because &amp;quot;this.jobCategoriesPage&amp;quot; is null">
      <![CDATA[java.lang.NullPointerException: Cannot invoke "pageObjects.JobCategoriesPageObject.clickToParentMenuByName(org.openqa.selenium.WebDriver, String)" because "this.jobCategoriesPage" is null
at orangehrm.page.Admin_Page_Access_01.TC_06_Verify_Job_Work_Shifts_Page(Admin_Page_Access_01.java:111)
... Removed 25 stack frames]]>
    </failure>
  </testcase> <!-- TC_06_Verify_Job_Work_Shifts_Page -->
  <testcase classname="orangehrm.pim.Employee_Add" name="TC_01_Verify_Add_Employee" time="20.643"/>
  <testcase classname="orangehrm.pim.Employee_Add" name="TC_02_Verify_Edit_Personal_Details" time="13.481"/>
  <testcase classname="commons.AbstractTest" name="@BeforeSuite deleteAllFilesInReportNGScreenshot" time="0.0">
    <ignored/>
  </testcase> <!-- @BeforeSuite deleteAllFilesInReportNGScreenshot -->
  <testcase classname="commons.AbstractTest" name="@BeforeSuite deleteAllFilesInReportNGScreenshot" time="0.0">
    <ignored/>
  </testcase> <!-- @BeforeSuite deleteAllFilesInReportNGScreenshot -->
  <testcase classname="commons.AbstractTest" name="@BeforeSuite deleteAllFilesInReportNGScreenshot" time="0.0">
    <ignored/>
  </testcase> <!-- @BeforeSuite deleteAllFilesInReportNGScreenshot -->
  <testcase classname="commons.AbstractTest" name="@BeforeSuite deleteAllFilesInReportNGScreenshot" time="0.0">
    <ignored/>
  </testcase> <!-- @BeforeSuite deleteAllFilesInReportNGScreenshot -->
  <testcase classname="commons.AbstractTest" name="@BeforeSuite deleteAllFilesInReportNGScreenshot" time="0.0">
    <ignored/>
  </testcase> <!-- @BeforeSuite deleteAllFilesInReportNGScreenshot -->
  <testcase classname="commons.AbstractTest" name="@BeforeSuite deleteAllFilesInReportNGScreenshot" time="0.0">
    <ignored/>
  </testcase> <!-- @BeforeSuite deleteAllFilesInReportNGScreenshot -->
</testsuite> <!-- Run on Chrome -->
