<html>
<head>
<title>TestNG:  Run on Chrome</title>
<link href="../testng.css" rel="stylesheet" type="text/css" />
<link href="../my-testng.css" rel="stylesheet" type="text/css" />

<style type="text/css">
.log { display: none;} 
.stack-trace { display: none;} 
</style>
<script type="text/javascript">
<!--
function flip(e) {
  current = e.style.display;
  if (current == 'block') {
    e.style.display = 'none';
    return 0;
  }
  else {
    e.style.display = 'block';
    return 1;
  }
}

function toggleBox(szDivId, elem, msg1, msg2)
{
  var res = -1;  if (document.getElementById) {
    res = flip(document.getElementById(szDivId));
  }
  else if (document.all) {
    // this is the way old msie versions work
    res = flip(document.all[szDivId]);
  }
  if(elem) {
    if(res == 0) elem.innerHTML = msg1; else elem.innerHTML = msg2;
  }

}

function toggleAllBoxes() {
  if (document.getElementsByTagName) {
    d = document.getElementsByTagName('div');
    for (i = 0; i < d.length; i++) {
      if (d[i].className == 'log') {
        flip(d[i]);
      }
    }
  }
}

// -->
</script>

</head>
<body>
<h2 align='center'>Run on Chrome</h2><table border='1' align="center">
<tr>
<td>Tests passed/Failed/Skipped:</td><td>16/9/1</td>
</tr><tr>
<td>Started on:</td><td>Tue Oct 18 01:51:23 ICT 2022</td>
</tr>
<tr><td>Total time:</td><td>372 seconds (372987 ms)</td>
</tr><tr>
<td>Included groups:</td><td></td>
</tr><tr>
<td>Excluded groups:</td><td></td>
</tr>
</table><p/>
<small><i>(Hover the method name to see the test class name)</i></small><p/>
<table width='100%' border='1' class='invocation-failed'>
<tr><td colspan='4' align='center'><b>FAILED CONFIGURATIONS</b></td></tr>
<tr><td><b>Test method</b></td>
<td width="30%"><b>Exception</b></td>
<td width="10%"><b>Time (seconds)</b></td>
<td><b>Instance</b></td>
</tr>
<tr>
<td title='orangehrm.admin.organization.Location_Operation.Precondition_Login()'><b>Precondition_Login</b><br>Test class: orangehrm.admin.organization.Location_Operation<br>Parameters: chrome</td>
<td><div><pre>org.openqa.selenium.TimeoutException: Expected condition failed: waiting for element to be clickable: By.xpath: //span[text()=&apos;Admin&apos;]/parent::a (tried for 5 second(s) with 500 milliseconds interval)
	at org.openqa.selenium.support.ui.WebDriverWait.timeoutException(WebDriverWait.java:95)
	at org.openqa.selenium.support.ui.FluentWait.until(FluentWait.java:272)
	at commons.AbstractPage.waitToElementClickable(AbstractPage.java:107)
	at commons.AbstractPage.clickToLeftMenuByName(AbstractPage.java:180)
	at orangehrm.admin.organization.Location_Operation.Precondition_Login(Location_Operation.java:48)
Caused by: org.openqa.selenium.NoSuchElementException: no such element: Unable to locate element: {&quot;method&quot;:&quot;xpath&quot;,&quot;selector&quot;:&quot;//span[text()=&apos;Admin&apos;]/parent::a&quot;}
  (Session info: chrome=106.0.5249.119)
For documentation on this error, please visit: https://www.seleniumhq.org/exceptions/no_such_element.html
Build info: version: &apos;3.141.59&apos;, revision: &apos;e82be7d358&apos;, time: &apos;2018-11-14T08:17:03&apos;
System info: host: &apos;DESKTOP-OVC9B5E&apos;, ip: &apos;192.168.1.3&apos;, os.name: &apos;Windows 10&apos;, os.arch: &apos;amd64&apos;, os.version: &apos;10.0&apos;, java.version: &apos;17.0.1&apos;
Driver info: org.openqa.selenium.chrome.ChromeDriver
Capabilities {acceptInsecureCerts: false, browserName: chrome, browserVersion: 106.0.5249.119, chrome: {chromedriverVersion: 106.0.5249.61 (511755355844..., userDataDir: C:\Users\admin\AppData\Loca...}, goog:chromeOptions: {debuggerAddress: localhost:53296}, javascriptEnabled: true, networkConnectionEnabled: false, pageLoadStrategy: normal, platform: WINDOWS, platformName: WINDOWS, proxy: Proxy(), setWindowRect: true, strictFileInteractability: false, timeouts: {implicit: 0, pageLoad: 300000, script: 30000}, unhandledPromptBehavior: dismiss and notify, webauthn:extension:credBlob: true, webauthn:extension:largeBlob: true, webauthn:virtualAuthenticators: true}
Session ID: db1eba3a5067c327115e60a46db535e3
*** Element info: {Using=xpath, value=//span[text()=&apos;Admin&apos;]/parent::a}
	at org.openqa.selenium.remote.http.W3CHttpResponseCodec.createException(W3CHttpResponseCodec.java:187)
	at org.openqa.selenium.remote.http.W3CHttpResponseCodec.decode(W3CHttpResponseCodec.java:122)
	at org.openqa.selenium.remote.http.W3CHttpResponseCodec.decode(W3CHttpResponseCodec.java:49)
	at org.openqa.selenium.remote.HttpCommandExecutor.execute(HttpCommandExecutor.java:158)
	at org.openqa.selenium.remote.service.DriverCommandExecutor.execute(DriverCommandExecutor.java:83)
	at org.openqa.selenium.remote.RemoteWebDriver.execute(RemoteWebDriver.java:552)
	at org.openqa.selenium.remote.RemoteWebDriver.findElement(RemoteWebDriver.java:323)
	at org.openqa.selenium.remote.RemoteWebDriver.findElementByXPath(RemoteWebDriver.java:428)
	at org.openqa.selenium.By$ByXPath.findElement(By.java:353)
	at org.openqa.selenium.remote.RemoteWebDriver.findElement(RemoteWebDriver.java:315)
	at org.openqa.selenium.support.ui.ExpectedConditions$7.apply(ExpectedConditions.java:205)
	at org.openqa.selenium.support.ui.ExpectedConditions$7.apply(ExpectedConditions.java:201)
	at org.openqa.selenium.support.ui.ExpectedConditions$22.apply(ExpectedConditions.java:641)
	at org.openqa.selenium.support.ui.ExpectedConditions$22.apply(ExpectedConditions.java:638)
	at org.openqa.selenium.support.ui.FluentWait.until(FluentWait.java:249)
	... 29 more
... Removed 31 stack frames</pre></div><a href='#' onClick='toggleBox("stack-trace572262783", this, "Click to show all stack frames", "Click to hide stack frames")'>Click to show all stack frames</a>
<div class='stack-trace' id='stack-trace572262783'><pre>org.openqa.selenium.TimeoutException: Expected condition failed: waiting for element to be clickable: By.xpath: //span[text()=&apos;Admin&apos;]/parent::a (tried for 5 second(s) with 500 milliseconds interval)
	at org.openqa.selenium.support.ui.WebDriverWait.timeoutException(WebDriverWait.java:95)
	at org.openqa.selenium.support.ui.FluentWait.until(FluentWait.java:272)
	at commons.AbstractPage.waitToElementClickable(AbstractPage.java:107)
	at commons.AbstractPage.clickToLeftMenuByName(AbstractPage.java:180)
	at orangehrm.admin.organization.Location_Operation.Precondition_Login(Location_Operation.java:48)
	at java.base/jdk.internal.reflect.NativeMethodAccessorImpl.invoke0(Native Method)
	at java.base/jdk.internal.reflect.NativeMethodAccessorImpl.invoke(NativeMethodAccessorImpl.java:77)
	at java.base/jdk.internal.reflect.DelegatingMethodAccessorImpl.invoke(DelegatingMethodAccessorImpl.java:43)
	at java.base/java.lang.reflect.Method.invoke(Method.java:568)
	at org.testng.internal.MethodInvocationHelper.invokeMethod(MethodInvocationHelper.java:124)
	at org.testng.internal.MethodInvocationHelper.invokeMethodConsideringTimeout(MethodInvocationHelper.java:59)
	at org.testng.internal.Invoker.invokeConfigurationMethod(Invoker.java:458)
	at org.testng.internal.Invoker.invokeConfigurations(Invoker.java:222)
	at org.testng.internal.Invoker.invokeConfigurations(Invoker.java:142)
	at org.testng.internal.TestMethodWorker.invokeBeforeClassMethods(TestMethodWorker.java:168)
	at org.testng.internal.TestMethodWorker.run(TestMethodWorker.java:105)
	at org.testng.TestRunner.privateRun(TestRunner.java:648)
	at org.testng.TestRunner.run(TestRunner.java:505)
	at org.testng.SuiteRunner.runTest(SuiteRunner.java:455)
	at org.testng.SuiteRunner.runSequentially(SuiteRunner.java:450)
	at org.testng.SuiteRunner.privateRun(SuiteRunner.java:415)
	at org.testng.SuiteRunner.run(SuiteRunner.java:364)
	at org.testng.SuiteRunnerWorker.runSuite(SuiteRunnerWorker.java:52)
	at org.testng.SuiteRunnerWorker.run(SuiteRunnerWorker.java:84)
	at org.testng.TestNG.runSuitesSequentially(TestNG.java:1208)
	at org.testng.TestNG.runSuitesLocally(TestNG.java:1137)
	at org.testng.TestNG.runSuites(TestNG.java:1049)
	at org.testng.TestNG.run(TestNG.java:1017)
	at org.testng.remote.AbstractRemoteTestNG.run(AbstractRemoteTestNG.java:115)
	at org.testng.remote.RemoteTestNG.initAndRun(RemoteTestNG.java:251)
	at org.testng.remote.RemoteTestNG.main(RemoteTestNG.java:77)
Caused by: org.openqa.selenium.NoSuchElementException: no such element: Unable to locate element: {&quot;method&quot;:&quot;xpath&quot;,&quot;selector&quot;:&quot;//span[text()=&apos;Admin&apos;]/parent::a&quot;}
  (Session info: chrome=106.0.5249.119)
For documentation on this error, please visit: https://www.seleniumhq.org/exceptions/no_such_element.html
Build info: version: &apos;3.141.59&apos;, revision: &apos;e82be7d358&apos;, time: &apos;2018-11-14T08:17:03&apos;
System info: host: &apos;DESKTOP-OVC9B5E&apos;, ip: &apos;192.168.1.3&apos;, os.name: &apos;Windows 10&apos;, os.arch: &apos;amd64&apos;, os.version: &apos;10.0&apos;, java.version: &apos;17.0.1&apos;
Driver info: org.openqa.selenium.chrome.ChromeDriver
Capabilities {acceptInsecureCerts: false, browserName: chrome, browserVersion: 106.0.5249.119, chrome: {chromedriverVersion: 106.0.5249.61 (511755355844..., userDataDir: C:\Users\admin\AppData\Loca...}, goog:chromeOptions: {debuggerAddress: localhost:53296}, javascriptEnabled: true, networkConnectionEnabled: false, pageLoadStrategy: normal, platform: WINDOWS, platformName: WINDOWS, proxy: Proxy(), setWindowRect: true, strictFileInteractability: false, timeouts: {implicit: 0, pageLoad: 300000, script: 30000}, unhandledPromptBehavior: dismiss and notify, webauthn:extension:credBlob: true, webauthn:extension:largeBlob: true, webauthn:virtualAuthenticators: true}
Session ID: db1eba3a5067c327115e60a46db535e3
*** Element info: {Using=xpath, value=//span[text()=&apos;Admin&apos;]/parent::a}
	at java.base/jdk.internal.reflect.NativeConstructorAccessorImpl.newInstance0(Native Method)
	at java.base/jdk.internal.reflect.NativeConstructorAccessorImpl.newInstance(NativeConstructorAccessorImpl.java:77)
	at java.base/jdk.internal.reflect.DelegatingConstructorAccessorImpl.newInstance(DelegatingConstructorAccessorImpl.java:45)
	at java.base/java.lang.reflect.Constructor.newInstanceWithCaller(Constructor.java:499)
	at java.base/java.lang.reflect.Constructor.newInstance(Constructor.java:480)
	at org.openqa.selenium.remote.http.W3CHttpResponseCodec.createException(W3CHttpResponseCodec.java:187)
	at org.openqa.selenium.remote.http.W3CHttpResponseCodec.decode(W3CHttpResponseCodec.java:122)
	at org.openqa.selenium.remote.http.W3CHttpResponseCodec.decode(W3CHttpResponseCodec.java:49)
	at org.openqa.selenium.remote.HttpCommandExecutor.execute(HttpCommandExecutor.java:158)
	at org.openqa.selenium.remote.service.DriverCommandExecutor.execute(DriverCommandExecutor.java:83)
	at org.openqa.selenium.remote.RemoteWebDriver.execute(RemoteWebDriver.java:552)
	at org.openqa.selenium.remote.RemoteWebDriver.findElement(RemoteWebDriver.java:323)
	at org.openqa.selenium.remote.RemoteWebDriver.findElementByXPath(RemoteWebDriver.java:428)
	at org.openqa.selenium.By$ByXPath.findElement(By.java:353)
	at org.openqa.selenium.remote.RemoteWebDriver.findElement(RemoteWebDriver.java:315)
	at org.openqa.selenium.support.ui.ExpectedConditions$7.apply(ExpectedConditions.java:205)
	at org.openqa.selenium.support.ui.ExpectedConditions$7.apply(ExpectedConditions.java:201)
	at org.openqa.selenium.support.ui.ExpectedConditions$22.apply(ExpectedConditions.java:641)
	at org.openqa.selenium.support.ui.ExpectedConditions$22.apply(ExpectedConditions.java:638)
	at org.openqa.selenium.support.ui.FluentWait.until(FluentWait.java:249)
	... 29 more
</pre></div></td>
<td>24</td>
<td>orangehrm.admin.organization.Location_Operation@50756c76</td></tr>
</table><p>
<table width='100%' border='1' class='invocation-skipped'>
<tr><td colspan='4' align='center'><b>SKIPPED CONFIGURATIONS</b></td></tr>
<tr><td><b>Test method</b></td>
<td width="30%"><b>Exception</b></td>
<td width="10%"><b>Time (seconds)</b></td>
<td><b>Instance</b></td>
</tr>
<tr>
<td title='orangehrm.admin.organization.Location_Operation.afterClass()'><b>afterClass</b><br>Test class: orangehrm.admin.organization.Location_Operation</td>
<td></td>
<td>0</td>
<td>orangehrm.admin.organization.Location_Operation@50756c76</td></tr>
</table><p>
<table width='100%' border='1' class='invocation-failed'>
<tr><td colspan='4' align='center'><b>FAILED TESTS</b></td></tr>
<tr><td><b>Test method</b></td>
<td width="30%"><b>Exception</b></td>
<td width="10%"><b>Time (seconds)</b></td>
<td><b>Instance</b></td>
</tr>
<tr>
<td title='orangehrm.page.Admin_Page_Access_01.TC_01_Verify_Access_User_Page()'><b>TC_01_Verify_Access_User_Page</b><br>Test class: orangehrm.page.Admin_Page_Access_01<br/>
<a href="#Output-164482795" onClick='toggleBox("Output-164482795", this, "Show output", "Hide output");'>Show output</a>

<a href="#Output-164482795" onClick="toggleAllBoxes();">Show all outputs</a>
<div class='log' id="Output-164482795">
<br><a target="_blank" href="file:///G:\course-automation-test-framework\02-source_code\selenium-java-orangehrm\ReportNGScreenShots\TC_01_Verify_Access_User_Page_18_10_2022_01_56_45.png"><img src="file:///G:\course-automation-test-framework\02-source_code\selenium-java-orangehrm\ReportNGScreenShots\TC_01_Verify_Access_User_Page_18_10_2022_01_56_45.png" height='100' width='150'/> </a></br><br/>
</div>
</td>
<td><div><pre>org.openqa.selenium.TimeoutException: Expected condition failed: waiting for element to be clickable: By.xpath: //span[text()=&apos;Admin&apos;]/parent::a (tried for 5 second(s) with 500 milliseconds interval)
	at org.openqa.selenium.support.ui.WebDriverWait.timeoutException(WebDriverWait.java:95)
	at org.openqa.selenium.support.ui.FluentWait.until(FluentWait.java:272)
	at commons.AbstractPage.waitToElementClickable(AbstractPage.java:107)
	at commons.AbstractPage.clickToLeftMenuByName(AbstractPage.java:180)
	at orangehrm.page.Admin_Page_Access_01.TC_01_Verify_Access_User_Page(Admin_Page_Access_01.java:57)
Caused by: org.openqa.selenium.NoSuchElementException: no such element: Unable to locate element: {&quot;method&quot;:&quot;xpath&quot;,&quot;selector&quot;:&quot;//span[text()=&apos;Admin&apos;]/parent::a&quot;}
  (Session info: chrome=106.0.5249.119)
For documentation on this error, please visit: https://www.seleniumhq.org/exceptions/no_such_element.html
Build info: version: &apos;3.141.59&apos;, revision: &apos;e82be7d358&apos;, time: &apos;2018-11-14T08:17:03&apos;
System info: host: &apos;DESKTOP-OVC9B5E&apos;, ip: &apos;192.168.1.3&apos;, os.name: &apos;Windows 10&apos;, os.arch: &apos;amd64&apos;, os.version: &apos;10.0&apos;, java.version: &apos;17.0.1&apos;
Driver info: org.openqa.selenium.chrome.ChromeDriver
Capabilities {acceptInsecureCerts: false, browserName: chrome, browserVersion: 106.0.5249.119, chrome: {chromedriverVersion: 106.0.5249.61 (511755355844..., userDataDir: C:\Users\admin\AppData\Loca...}, goog:chromeOptions: {debuggerAddress: localhost:53316}, javascriptEnabled: true, networkConnectionEnabled: false, pageLoadStrategy: normal, platform: WINDOWS, platformName: WINDOWS, proxy: Proxy(), setWindowRect: true, strictFileInteractability: false, timeouts: {implicit: 0, pageLoad: 300000, script: 30000}, unhandledPromptBehavior: dismiss and notify, webauthn:extension:credBlob: true, webauthn:extension:largeBlob: true, webauthn:virtualAuthenticators: true}
Session ID: ff215575744e01bcc1b0bd39770fa845
*** Element info: {Using=xpath, value=//span[text()=&apos;Admin&apos;]/parent::a}
	at org.openqa.selenium.remote.http.W3CHttpResponseCodec.createException(W3CHttpResponseCodec.java:187)
	at org.openqa.selenium.remote.http.W3CHttpResponseCodec.decode(W3CHttpResponseCodec.java:122)
	at org.openqa.selenium.remote.http.W3CHttpResponseCodec.decode(W3CHttpResponseCodec.java:49)
	at org.openqa.selenium.remote.HttpCommandExecutor.execute(HttpCommandExecutor.java:158)
	at org.openqa.selenium.remote.service.DriverCommandExecutor.execute(DriverCommandExecutor.java:83)
	at org.openqa.selenium.remote.RemoteWebDriver.execute(RemoteWebDriver.java:552)
	at org.openqa.selenium.remote.RemoteWebDriver.findElement(RemoteWebDriver.java:323)
	at org.openqa.selenium.remote.RemoteWebDriver.findElementByXPath(RemoteWebDriver.java:428)
	at org.openqa.selenium.By$ByXPath.findElement(By.java:353)
	at org.openqa.selenium.remote.RemoteWebDriver.findElement(RemoteWebDriver.java:315)
	at org.openqa.selenium.support.ui.ExpectedConditions$7.apply(ExpectedConditions.java:205)
	at org.openqa.selenium.support.ui.ExpectedConditions$7.apply(ExpectedConditions.java:201)
	at org.openqa.selenium.support.ui.ExpectedConditions$22.apply(ExpectedConditions.java:641)
	at org.openqa.selenium.support.ui.ExpectedConditions$22.apply(ExpectedConditions.java:638)
	at org.openqa.selenium.support.ui.FluentWait.until(FluentWait.java:249)
	... 28 more
... Removed 30 stack frames</pre></div><a href='#' onClick='toggleBox("stack-trace164482795", this, "Click to show all stack frames", "Click to hide stack frames")'>Click to show all stack frames</a>
<div class='stack-trace' id='stack-trace164482795'><pre>org.openqa.selenium.TimeoutException: Expected condition failed: waiting for element to be clickable: By.xpath: //span[text()=&apos;Admin&apos;]/parent::a (tried for 5 second(s) with 500 milliseconds interval)
	at org.openqa.selenium.support.ui.WebDriverWait.timeoutException(WebDriverWait.java:95)
	at org.openqa.selenium.support.ui.FluentWait.until(FluentWait.java:272)
	at commons.AbstractPage.waitToElementClickable(AbstractPage.java:107)
	at commons.AbstractPage.clickToLeftMenuByName(AbstractPage.java:180)
	at orangehrm.page.Admin_Page_Access_01.TC_01_Verify_Access_User_Page(Admin_Page_Access_01.java:57)
	at java.base/jdk.internal.reflect.NativeMethodAccessorImpl.invoke0(Native Method)
	at java.base/jdk.internal.reflect.NativeMethodAccessorImpl.invoke(NativeMethodAccessorImpl.java:77)
	at java.base/jdk.internal.reflect.DelegatingMethodAccessorImpl.invoke(DelegatingMethodAccessorImpl.java:43)
	at java.base/java.lang.reflect.Method.invoke(Method.java:568)
	at org.testng.internal.MethodInvocationHelper.invokeMethod(MethodInvocationHelper.java:124)
	at org.testng.internal.Invoker.invokeMethod(Invoker.java:583)
	at org.testng.internal.Invoker.invokeTestMethod(Invoker.java:719)
	at org.testng.internal.Invoker.invokeTestMethods(Invoker.java:989)
	at org.testng.internal.TestMethodWorker.invokeTestMethods(TestMethodWorker.java:125)
	at org.testng.internal.TestMethodWorker.run(TestMethodWorker.java:109)
	at org.testng.TestRunner.privateRun(TestRunner.java:648)
	at org.testng.TestRunner.run(TestRunner.java:505)
	at org.testng.SuiteRunner.runTest(SuiteRunner.java:455)
	at org.testng.SuiteRunner.runSequentially(SuiteRunner.java:450)
	at org.testng.SuiteRunner.privateRun(SuiteRunner.java:415)
	at org.testng.SuiteRunner.run(SuiteRunner.java:364)
	at org.testng.SuiteRunnerWorker.runSuite(SuiteRunnerWorker.java:52)
	at org.testng.SuiteRunnerWorker.run(SuiteRunnerWorker.java:84)
	at org.testng.TestNG.runSuitesSequentially(TestNG.java:1208)
	at org.testng.TestNG.runSuitesLocally(TestNG.java:1137)
	at org.testng.TestNG.runSuites(TestNG.java:1049)
	at org.testng.TestNG.run(TestNG.java:1017)
	at org.testng.remote.AbstractRemoteTestNG.run(AbstractRemoteTestNG.java:115)
	at org.testng.remote.RemoteTestNG.initAndRun(RemoteTestNG.java:251)
	at org.testng.remote.RemoteTestNG.main(RemoteTestNG.java:77)
Caused by: org.openqa.selenium.NoSuchElementException: no such element: Unable to locate element: {&quot;method&quot;:&quot;xpath&quot;,&quot;selector&quot;:&quot;//span[text()=&apos;Admin&apos;]/parent::a&quot;}
  (Session info: chrome=106.0.5249.119)
For documentation on this error, please visit: https://www.seleniumhq.org/exceptions/no_such_element.html
Build info: version: &apos;3.141.59&apos;, revision: &apos;e82be7d358&apos;, time: &apos;2018-11-14T08:17:03&apos;
System info: host: &apos;DESKTOP-OVC9B5E&apos;, ip: &apos;192.168.1.3&apos;, os.name: &apos;Windows 10&apos;, os.arch: &apos;amd64&apos;, os.version: &apos;10.0&apos;, java.version: &apos;17.0.1&apos;
Driver info: org.openqa.selenium.chrome.ChromeDriver
Capabilities {acceptInsecureCerts: false, browserName: chrome, browserVersion: 106.0.5249.119, chrome: {chromedriverVersion: 106.0.5249.61 (511755355844..., userDataDir: C:\Users\admin\AppData\Loca...}, goog:chromeOptions: {debuggerAddress: localhost:53316}, javascriptEnabled: true, networkConnectionEnabled: false, pageLoadStrategy: normal, platform: WINDOWS, platformName: WINDOWS, proxy: Proxy(), setWindowRect: true, strictFileInteractability: false, timeouts: {implicit: 0, pageLoad: 300000, script: 30000}, unhandledPromptBehavior: dismiss and notify, webauthn:extension:credBlob: true, webauthn:extension:largeBlob: true, webauthn:virtualAuthenticators: true}
Session ID: ff215575744e01bcc1b0bd39770fa845
*** Element info: {Using=xpath, value=//span[text()=&apos;Admin&apos;]/parent::a}
	at java.base/jdk.internal.reflect.NativeConstructorAccessorImpl.newInstance0(Native Method)
	at java.base/jdk.internal.reflect.NativeConstructorAccessorImpl.newInstance(NativeConstructorAccessorImpl.java:77)
	at java.base/jdk.internal.reflect.DelegatingConstructorAccessorImpl.newInstance(DelegatingConstructorAccessorImpl.java:45)
	at java.base/java.lang.reflect.Constructor.newInstanceWithCaller(Constructor.java:499)
	at java.base/java.lang.reflect.Constructor.newInstance(Constructor.java:480)
	at org.openqa.selenium.remote.http.W3CHttpResponseCodec.createException(W3CHttpResponseCodec.java:187)
	at org.openqa.selenium.remote.http.W3CHttpResponseCodec.decode(W3CHttpResponseCodec.java:122)
	at org.openqa.selenium.remote.http.W3CHttpResponseCodec.decode(W3CHttpResponseCodec.java:49)
	at org.openqa.selenium.remote.HttpCommandExecutor.execute(HttpCommandExecutor.java:158)
	at org.openqa.selenium.remote.service.DriverCommandExecutor.execute(DriverCommandExecutor.java:83)
	at org.openqa.selenium.remote.RemoteWebDriver.execute(RemoteWebDriver.java:552)
	at org.openqa.selenium.remote.RemoteWebDriver.findElement(RemoteWebDriver.java:323)
	at org.openqa.selenium.remote.RemoteWebDriver.findElementByXPath(RemoteWebDriver.java:428)
	at org.openqa.selenium.By$ByXPath.findElement(By.java:353)
	at org.openqa.selenium.remote.RemoteWebDriver.findElement(RemoteWebDriver.java:315)
	at org.openqa.selenium.support.ui.ExpectedConditions$7.apply(ExpectedConditions.java:205)
	at org.openqa.selenium.support.ui.ExpectedConditions$7.apply(ExpectedConditions.java:201)
	at org.openqa.selenium.support.ui.ExpectedConditions$22.apply(ExpectedConditions.java:641)
	at org.openqa.selenium.support.ui.ExpectedConditions$22.apply(ExpectedConditions.java:638)
	at org.openqa.selenium.support.ui.FluentWait.until(FluentWait.java:249)
	... 28 more
</pre></div></td>
<td>11</td>
<td>orangehrm.page.Admin_Page_Access_01@38aafb53</td></tr>
<tr>
<td title='orangehrm.admin.job.PayGrades_Operation.TC_02_Verify_Add_Currency()'><b>TC_02_Verify_Add_Currency</b><br>Test class: orangehrm.admin.job.PayGrades_Operation<br/>
<a href="#Output-1750744084" onClick='toggleBox("Output-1750744084", this, "Show output", "Hide output");'>Show output</a>

<a href="#Output-1750744084" onClick="toggleAllBoxes();">Show all outputs</a>
<div class='log' id="Output-1750744084">
<br><a target="_blank" href="file:///G:\course-automation-test-framework\02-source_code\selenium-java-orangehrm\ReportNGScreenShots\TC_02_Verify_Add_Currency_18_10_2022_01_54_49.png"><img src="file:///G:\course-automation-test-framework\02-source_code\selenium-java-orangehrm\ReportNGScreenShots\TC_02_Verify_Add_Currency_18_10_2022_01_54_49.png" height='100' width='150'/> </a></br><br/>
</div>
</td>
<td><div><pre>org.openqa.selenium.StaleElementReferenceException: stale element reference: element is not attached to the page document
  (Session info: chrome=106.0.5249.119)
For documentation on this error, please visit: https://www.seleniumhq.org/exceptions/stale_element_reference.html
Build info: version: &apos;3.141.59&apos;, revision: &apos;e82be7d358&apos;, time: &apos;2018-11-14T08:17:03&apos;
System info: host: &apos;DESKTOP-OVC9B5E&apos;, ip: &apos;192.168.1.3&apos;, os.name: &apos;Windows 10&apos;, os.arch: &apos;amd64&apos;, os.version: &apos;10.0&apos;, java.version: &apos;17.0.1&apos;
Driver info: org.openqa.selenium.chrome.ChromeDriver
Capabilities {acceptInsecureCerts: false, browserName: chrome, browserVersion: 106.0.5249.119, chrome: {chromedriverVersion: 106.0.5249.61 (511755355844..., userDataDir: C:\Users\admin\AppData\Loca...}, goog:chromeOptions: {debuggerAddress: localhost:53219}, javascriptEnabled: true, networkConnectionEnabled: false, pageLoadStrategy: normal, platform: WINDOWS, platformName: WINDOWS, proxy: Proxy(), setWindowRect: true, strictFileInteractability: false, timeouts: {implicit: 0, pageLoad: 300000, script: 30000}, unhandledPromptBehavior: dismiss and notify, webauthn:extension:credBlob: true, webauthn:extension:largeBlob: true, webauthn:virtualAuthenticators: true}
Session ID: b054c35d9ab1042ed7c60c79b5dfedcd
	at org.openqa.selenium.remote.http.W3CHttpResponseCodec.createException(W3CHttpResponseCodec.java:187)
	at org.openqa.selenium.remote.http.W3CHttpResponseCodec.decode(W3CHttpResponseCodec.java:122)
	at org.openqa.selenium.remote.http.W3CHttpResponseCodec.decode(W3CHttpResponseCodec.java:49)
	at org.openqa.selenium.remote.HttpCommandExecutor.execute(HttpCommandExecutor.java:158)
	at org.openqa.selenium.remote.service.DriverCommandExecutor.execute(DriverCommandExecutor.java:83)
	at org.openqa.selenium.remote.RemoteWebDriver.execute(RemoteWebDriver.java:552)
	at org.openqa.selenium.remote.RemoteWebElement.execute(RemoteWebElement.java:285)
	at org.openqa.selenium.remote.RemoteWebElement.getText(RemoteWebElement.java:166)
	at pageObjects.PayGradesPageObject.getAllDropdownValue(PayGradesPageObject.java:104)
	at pageObjects.PayGradesPageObject.getRandomCurrencyValue(PayGradesPageObject.java:168)
	at orangehrm.admin.job.PayGrades_Operation.TC_02_Verify_Add_Currency(PayGrades_Operation.java:104)
... Removed 30 stack frames</pre></div><a href='#' onClick='toggleBox("stack-trace1750744084", this, "Click to show all stack frames", "Click to hide stack frames")'>Click to show all stack frames</a>
<div class='stack-trace' id='stack-trace1750744084'><pre>org.openqa.selenium.StaleElementReferenceException: stale element reference: element is not attached to the page document
  (Session info: chrome=106.0.5249.119)
For documentation on this error, please visit: https://www.seleniumhq.org/exceptions/stale_element_reference.html
Build info: version: &apos;3.141.59&apos;, revision: &apos;e82be7d358&apos;, time: &apos;2018-11-14T08:17:03&apos;
System info: host: &apos;DESKTOP-OVC9B5E&apos;, ip: &apos;192.168.1.3&apos;, os.name: &apos;Windows 10&apos;, os.arch: &apos;amd64&apos;, os.version: &apos;10.0&apos;, java.version: &apos;17.0.1&apos;
Driver info: org.openqa.selenium.chrome.ChromeDriver
Capabilities {acceptInsecureCerts: false, browserName: chrome, browserVersion: 106.0.5249.119, chrome: {chromedriverVersion: 106.0.5249.61 (511755355844..., userDataDir: C:\Users\admin\AppData\Loca...}, goog:chromeOptions: {debuggerAddress: localhost:53219}, javascriptEnabled: true, networkConnectionEnabled: false, pageLoadStrategy: normal, platform: WINDOWS, platformName: WINDOWS, proxy: Proxy(), setWindowRect: true, strictFileInteractability: false, timeouts: {implicit: 0, pageLoad: 300000, script: 30000}, unhandledPromptBehavior: dismiss and notify, webauthn:extension:credBlob: true, webauthn:extension:largeBlob: true, webauthn:virtualAuthenticators: true}
Session ID: b054c35d9ab1042ed7c60c79b5dfedcd
	at java.base/jdk.internal.reflect.NativeConstructorAccessorImpl.newInstance0(Native Method)
	at java.base/jdk.internal.reflect.NativeConstructorAccessorImpl.newInstance(NativeConstructorAccessorImpl.java:77)
	at java.base/jdk.internal.reflect.DelegatingConstructorAccessorImpl.newInstance(DelegatingConstructorAccessorImpl.java:45)
	at java.base/java.lang.reflect.Constructor.newInstanceWithCaller(Constructor.java:499)
	at java.base/java.lang.reflect.Constructor.newInstance(Constructor.java:480)
	at org.openqa.selenium.remote.http.W3CHttpResponseCodec.createException(W3CHttpResponseCodec.java:187)
	at org.openqa.selenium.remote.http.W3CHttpResponseCodec.decode(W3CHttpResponseCodec.java:122)
	at org.openqa.selenium.remote.http.W3CHttpResponseCodec.decode(W3CHttpResponseCodec.java:49)
	at org.openqa.selenium.remote.HttpCommandExecutor.execute(HttpCommandExecutor.java:158)
	at org.openqa.selenium.remote.service.DriverCommandExecutor.execute(DriverCommandExecutor.java:83)
	at org.openqa.selenium.remote.RemoteWebDriver.execute(RemoteWebDriver.java:552)
	at org.openqa.selenium.remote.RemoteWebElement.execute(RemoteWebElement.java:285)
	at org.openqa.selenium.remote.RemoteWebElement.getText(RemoteWebElement.java:166)
	at pageObjects.PayGradesPageObject.getAllDropdownValue(PayGradesPageObject.java:104)
	at pageObjects.PayGradesPageObject.getRandomCurrencyValue(PayGradesPageObject.java:168)
	at orangehrm.admin.job.PayGrades_Operation.TC_02_Verify_Add_Currency(PayGrades_Operation.java:104)
	at java.base/jdk.internal.reflect.NativeMethodAccessorImpl.invoke0(Native Method)
	at java.base/jdk.internal.reflect.NativeMethodAccessorImpl.invoke(NativeMethodAccessorImpl.java:77)
	at java.base/jdk.internal.reflect.DelegatingMethodAccessorImpl.invoke(DelegatingMethodAccessorImpl.java:43)
	at java.base/java.lang.reflect.Method.invoke(Method.java:568)
	at org.testng.internal.MethodInvocationHelper.invokeMethod(MethodInvocationHelper.java:124)
	at org.testng.internal.Invoker.invokeMethod(Invoker.java:583)
	at org.testng.internal.Invoker.invokeTestMethod(Invoker.java:719)
	at org.testng.internal.Invoker.invokeTestMethods(Invoker.java:989)
	at org.testng.internal.TestMethodWorker.invokeTestMethods(TestMethodWorker.java:125)
	at org.testng.internal.TestMethodWorker.run(TestMethodWorker.java:109)
	at org.testng.TestRunner.privateRun(TestRunner.java:648)
	at org.testng.TestRunner.run(TestRunner.java:505)
	at org.testng.SuiteRunner.runTest(SuiteRunner.java:455)
	at org.testng.SuiteRunner.runSequentially(SuiteRunner.java:450)
	at org.testng.SuiteRunner.privateRun(SuiteRunner.java:415)
	at org.testng.SuiteRunner.run(SuiteRunner.java:364)
	at org.testng.SuiteRunnerWorker.runSuite(SuiteRunnerWorker.java:52)
	at org.testng.SuiteRunnerWorker.run(SuiteRunnerWorker.java:84)
	at org.testng.TestNG.runSuitesSequentially(TestNG.java:1208)
	at org.testng.TestNG.runSuitesLocally(TestNG.java:1137)
	at org.testng.TestNG.runSuites(TestNG.java:1049)
	at org.testng.TestNG.run(TestNG.java:1017)
	at org.testng.remote.AbstractRemoteTestNG.run(AbstractRemoteTestNG.java:115)
	at org.testng.remote.RemoteTestNG.initAndRun(RemoteTestNG.java:251)
	at org.testng.remote.RemoteTestNG.main(RemoteTestNG.java:77)
</pre></div></td>
<td>18</td>
<td>orangehrm.admin.job.PayGrades_Operation@54cf7c6a</td></tr>
<tr>
<td title='orangehrm.page.Admin_Page_Access_01.TC_02_Verify_Job_Titles_Page()'><b>TC_02_Verify_Job_Titles_Page</b><br>Test class: orangehrm.page.Admin_Page_Access_01<br/>
<a href="#Output-2069858413" onClick='toggleBox("Output-2069858413", this, "Show output", "Hide output");'>Show output</a>

<a href="#Output-2069858413" onClick="toggleAllBoxes();">Show all outputs</a>
<div class='log' id="Output-2069858413">
<br><a target="_blank" href="file:///G:\course-automation-test-framework\02-source_code\selenium-java-orangehrm\ReportNGScreenShots\TC_02_Verify_Job_Titles_Page_18_10_2022_01_56_46.png"><img src="file:///G:\course-automation-test-framework\02-source_code\selenium-java-orangehrm\ReportNGScreenShots\TC_02_Verify_Job_Titles_Page_18_10_2022_01_56_46.png" height='100' width='150'/> </a></br><br/>
</div>
</td>
<td><div><pre>java.lang.NullPointerException: Cannot invoke &quot;pageObjects.UserPageObject.clickToParentMenuByName(org.openqa.selenium.WebDriver, String)&quot; because &quot;this.userPage&quot; is null
	at orangehrm.page.Admin_Page_Access_01.TC_02_Verify_Job_Titles_Page(Admin_Page_Access_01.java:67)
... Removed 25 stack frames</pre></div><a href='#' onClick='toggleBox("stack-trace2069858413", this, "Click to show all stack frames", "Click to hide stack frames")'>Click to show all stack frames</a>
<div class='stack-trace' id='stack-trace2069858413'><pre>java.lang.NullPointerException: Cannot invoke &quot;pageObjects.UserPageObject.clickToParentMenuByName(org.openqa.selenium.WebDriver, String)&quot; because &quot;this.userPage&quot; is null
	at orangehrm.page.Admin_Page_Access_01.TC_02_Verify_Job_Titles_Page(Admin_Page_Access_01.java:67)
	at java.base/jdk.internal.reflect.NativeMethodAccessorImpl.invoke0(Native Method)
	at java.base/jdk.internal.reflect.NativeMethodAccessorImpl.invoke(NativeMethodAccessorImpl.java:77)
	at java.base/jdk.internal.reflect.DelegatingMethodAccessorImpl.invoke(DelegatingMethodAccessorImpl.java:43)
	at java.base/java.lang.reflect.Method.invoke(Method.java:568)
	at org.testng.internal.MethodInvocationHelper.invokeMethod(MethodInvocationHelper.java:124)
	at org.testng.internal.Invoker.invokeMethod(Invoker.java:583)
	at org.testng.internal.Invoker.invokeTestMethod(Invoker.java:719)
	at org.testng.internal.Invoker.invokeTestMethods(Invoker.java:989)
	at org.testng.internal.TestMethodWorker.invokeTestMethods(TestMethodWorker.java:125)
	at org.testng.internal.TestMethodWorker.run(TestMethodWorker.java:109)
	at org.testng.TestRunner.privateRun(TestRunner.java:648)
	at org.testng.TestRunner.run(TestRunner.java:505)
	at org.testng.SuiteRunner.runTest(SuiteRunner.java:455)
	at org.testng.SuiteRunner.runSequentially(SuiteRunner.java:450)
	at org.testng.SuiteRunner.privateRun(SuiteRunner.java:415)
	at org.testng.SuiteRunner.run(SuiteRunner.java:364)
	at org.testng.SuiteRunnerWorker.runSuite(SuiteRunnerWorker.java:52)
	at org.testng.SuiteRunnerWorker.run(SuiteRunnerWorker.java:84)
	at org.testng.TestNG.runSuitesSequentially(TestNG.java:1208)
	at org.testng.TestNG.runSuitesLocally(TestNG.java:1137)
	at org.testng.TestNG.runSuites(TestNG.java:1049)
	at org.testng.TestNG.run(TestNG.java:1017)
	at org.testng.remote.AbstractRemoteTestNG.run(AbstractRemoteTestNG.java:115)
	at org.testng.remote.RemoteTestNG.initAndRun(RemoteTestNG.java:251)
	at org.testng.remote.RemoteTestNG.main(RemoteTestNG.java:77)
</pre></div></td>
<td>0</td>
<td>orangehrm.page.Admin_Page_Access_01@38aafb53</td></tr>
<tr>
<td title='orangehrm.admin.job.PayGrades_Operation.TC_03_Verify_Edit_Currency()'><b>TC_03_Verify_Edit_Currency</b><br>Test class: orangehrm.admin.job.PayGrades_Operation<br/>
<a href="#Output-1266332258" onClick='toggleBox("Output-1266332258", this, "Show output", "Hide output");'>Show output</a>

<a href="#Output-1266332258" onClick="toggleAllBoxes();">Show all outputs</a>
<div class='log' id="Output-1266332258">
<br><a target="_blank" href="file:///G:\course-automation-test-framework\02-source_code\selenium-java-orangehrm\ReportNGScreenShots\TC_03_Verify_Edit_Currency_18_10_2022_01_54_50.png"><img src="file:///G:\course-automation-test-framework\02-source_code\selenium-java-orangehrm\ReportNGScreenShots\TC_03_Verify_Edit_Currency_18_10_2022_01_54_50.png" height='100' width='150'/> </a></br><br/>
</div>
</td>
<td><div><pre>java.lang.NullPointerException: Cannot invoke &quot;String.substring(int)&quot; because &quot;this.currencyValue&quot; is null
	at orangehrm.admin.job.PayGrades_Operation.TC_03_Verify_Edit_Currency(PayGrades_Operation.java:133)
... Removed 25 stack frames</pre></div><a href='#' onClick='toggleBox("stack-trace1266332258", this, "Click to show all stack frames", "Click to hide stack frames")'>Click to show all stack frames</a>
<div class='stack-trace' id='stack-trace1266332258'><pre>java.lang.NullPointerException: Cannot invoke &quot;String.substring(int)&quot; because &quot;this.currencyValue&quot; is null
	at orangehrm.admin.job.PayGrades_Operation.TC_03_Verify_Edit_Currency(PayGrades_Operation.java:133)
	at java.base/jdk.internal.reflect.NativeMethodAccessorImpl.invoke0(Native Method)
	at java.base/jdk.internal.reflect.NativeMethodAccessorImpl.invoke(NativeMethodAccessorImpl.java:77)
	at java.base/jdk.internal.reflect.DelegatingMethodAccessorImpl.invoke(DelegatingMethodAccessorImpl.java:43)
	at java.base/java.lang.reflect.Method.invoke(Method.java:568)
	at org.testng.internal.MethodInvocationHelper.invokeMethod(MethodInvocationHelper.java:124)
	at org.testng.internal.Invoker.invokeMethod(Invoker.java:583)
	at org.testng.internal.Invoker.invokeTestMethod(Invoker.java:719)
	at org.testng.internal.Invoker.invokeTestMethods(Invoker.java:989)
	at org.testng.internal.TestMethodWorker.invokeTestMethods(TestMethodWorker.java:125)
	at org.testng.internal.TestMethodWorker.run(TestMethodWorker.java:109)
	at org.testng.TestRunner.privateRun(TestRunner.java:648)
	at org.testng.TestRunner.run(TestRunner.java:505)
	at org.testng.SuiteRunner.runTest(SuiteRunner.java:455)
	at org.testng.SuiteRunner.runSequentially(SuiteRunner.java:450)
	at org.testng.SuiteRunner.privateRun(SuiteRunner.java:415)
	at org.testng.SuiteRunner.run(SuiteRunner.java:364)
	at org.testng.SuiteRunnerWorker.runSuite(SuiteRunnerWorker.java:52)
	at org.testng.SuiteRunnerWorker.run(SuiteRunnerWorker.java:84)
	at org.testng.TestNG.runSuitesSequentially(TestNG.java:1208)
	at org.testng.TestNG.runSuitesLocally(TestNG.java:1137)
	at org.testng.TestNG.runSuites(TestNG.java:1049)
	at org.testng.TestNG.run(TestNG.java:1017)
	at org.testng.remote.AbstractRemoteTestNG.run(AbstractRemoteTestNG.java:115)
	at org.testng.remote.RemoteTestNG.initAndRun(RemoteTestNG.java:251)
	at org.testng.remote.RemoteTestNG.main(RemoteTestNG.java:77)
</pre></div></td>
<td>0</td>
<td>orangehrm.admin.job.PayGrades_Operation@54cf7c6a</td></tr>
<tr>
<td title='orangehrm.page.Admin_Page_Access_01.TC_03_Verify_Job_Pay_Grades_Page()'><b>TC_03_Verify_Job_Pay_Grades_Page</b><br>Test class: orangehrm.page.Admin_Page_Access_01<br/>
<a href="#Output-156256856" onClick='toggleBox("Output-156256856", this, "Show output", "Hide output");'>Show output</a>

<a href="#Output-156256856" onClick="toggleAllBoxes();">Show all outputs</a>
<div class='log' id="Output-156256856">
<br><a target="_blank" href="file:///G:\course-automation-test-framework\02-source_code\selenium-java-orangehrm\ReportNGScreenShots\TC_03_Verify_Job_Pay_Grades_Page_18_10_2022_01_56_47.png"><img src="file:///G:\course-automation-test-framework\02-source_code\selenium-java-orangehrm\ReportNGScreenShots\TC_03_Verify_Job_Pay_Grades_Page_18_10_2022_01_56_47.png" height='100' width='150'/> </a></br><br/>
</div>
</td>
<td><div><pre>java.lang.NullPointerException: Cannot invoke &quot;pageObjects.JobTitlesPageObject.clickToParentMenuByName(org.openqa.selenium.WebDriver, String)&quot; because &quot;this.jobTitlesPage&quot; is null
	at orangehrm.page.Admin_Page_Access_01.TC_03_Verify_Job_Pay_Grades_Page(Admin_Page_Access_01.java:78)
... Removed 25 stack frames</pre></div><a href='#' onClick='toggleBox("stack-trace156256856", this, "Click to show all stack frames", "Click to hide stack frames")'>Click to show all stack frames</a>
<div class='stack-trace' id='stack-trace156256856'><pre>java.lang.NullPointerException: Cannot invoke &quot;pageObjects.JobTitlesPageObject.clickToParentMenuByName(org.openqa.selenium.WebDriver, String)&quot; because &quot;this.jobTitlesPage&quot; is null
	at orangehrm.page.Admin_Page_Access_01.TC_03_Verify_Job_Pay_Grades_Page(Admin_Page_Access_01.java:78)
	at java.base/jdk.internal.reflect.NativeMethodAccessorImpl.invoke0(Native Method)
	at java.base/jdk.internal.reflect.NativeMethodAccessorImpl.invoke(NativeMethodAccessorImpl.java:77)
	at java.base/jdk.internal.reflect.DelegatingMethodAccessorImpl.invoke(DelegatingMethodAccessorImpl.java:43)
	at java.base/java.lang.reflect.Method.invoke(Method.java:568)
	at org.testng.internal.MethodInvocationHelper.invokeMethod(MethodInvocationHelper.java:124)
	at org.testng.internal.Invoker.invokeMethod(Invoker.java:583)
	at org.testng.internal.Invoker.invokeTestMethod(Invoker.java:719)
	at org.testng.internal.Invoker.invokeTestMethods(Invoker.java:989)
	at org.testng.internal.TestMethodWorker.invokeTestMethods(TestMethodWorker.java:125)
	at org.testng.internal.TestMethodWorker.run(TestMethodWorker.java:109)
	at org.testng.TestRunner.privateRun(TestRunner.java:648)
	at org.testng.TestRunner.run(TestRunner.java:505)
	at org.testng.SuiteRunner.runTest(SuiteRunner.java:455)
	at org.testng.SuiteRunner.runSequentially(SuiteRunner.java:450)
	at org.testng.SuiteRunner.privateRun(SuiteRunner.java:415)
	at org.testng.SuiteRunner.run(SuiteRunner.java:364)
	at org.testng.SuiteRunnerWorker.runSuite(SuiteRunnerWorker.java:52)
	at org.testng.SuiteRunnerWorker.run(SuiteRunnerWorker.java:84)
	at org.testng.TestNG.runSuitesSequentially(TestNG.java:1208)
	at org.testng.TestNG.runSuitesLocally(TestNG.java:1137)
	at org.testng.TestNG.runSuites(TestNG.java:1049)
	at org.testng.TestNG.run(TestNG.java:1017)
	at org.testng.remote.AbstractRemoteTestNG.run(AbstractRemoteTestNG.java:115)
	at org.testng.remote.RemoteTestNG.initAndRun(RemoteTestNG.java:251)
	at org.testng.remote.RemoteTestNG.main(RemoteTestNG.java:77)
</pre></div></td>
<td>0</td>
<td>orangehrm.page.Admin_Page_Access_01@38aafb53</td></tr>
<tr>
<td title='orangehrm.admin.job.PayGrades_Operation.TC_04_Verify_Delete_Currency()'><b>TC_04_Verify_Delete_Currency</b><br>Test class: orangehrm.admin.job.PayGrades_Operation<br/>
<a href="#Output-922304163" onClick='toggleBox("Output-922304163", this, "Show output", "Hide output");'>Show output</a>

<a href="#Output-922304163" onClick="toggleAllBoxes();">Show all outputs</a>
<div class='log' id="Output-922304163">
<br><a target="_blank" href="file:///G:\course-automation-test-framework\02-source_code\selenium-java-orangehrm\ReportNGScreenShots\TC_04_Verify_Delete_Currency_18_10_2022_01_54_51.png"><img src="file:///G:\course-automation-test-framework\02-source_code\selenium-java-orangehrm\ReportNGScreenShots\TC_04_Verify_Delete_Currency_18_10_2022_01_54_51.png" height='100' width='150'/> </a></br><br/>
</div>
</td>
<td><div><pre>java.lang.NullPointerException: Cannot invoke &quot;String.substring(int)&quot; because &quot;this.currencyValue&quot; is null
	at orangehrm.admin.job.PayGrades_Operation.TC_04_Verify_Delete_Currency(PayGrades_Operation.java:156)
... Removed 25 stack frames</pre></div><a href='#' onClick='toggleBox("stack-trace922304163", this, "Click to show all stack frames", "Click to hide stack frames")'>Click to show all stack frames</a>
<div class='stack-trace' id='stack-trace922304163'><pre>java.lang.NullPointerException: Cannot invoke &quot;String.substring(int)&quot; because &quot;this.currencyValue&quot; is null
	at orangehrm.admin.job.PayGrades_Operation.TC_04_Verify_Delete_Currency(PayGrades_Operation.java:156)
	at java.base/jdk.internal.reflect.NativeMethodAccessorImpl.invoke0(Native Method)
	at java.base/jdk.internal.reflect.NativeMethodAccessorImpl.invoke(NativeMethodAccessorImpl.java:77)
	at java.base/jdk.internal.reflect.DelegatingMethodAccessorImpl.invoke(DelegatingMethodAccessorImpl.java:43)
	at java.base/java.lang.reflect.Method.invoke(Method.java:568)
	at org.testng.internal.MethodInvocationHelper.invokeMethod(MethodInvocationHelper.java:124)
	at org.testng.internal.Invoker.invokeMethod(Invoker.java:583)
	at org.testng.internal.Invoker.invokeTestMethod(Invoker.java:719)
	at org.testng.internal.Invoker.invokeTestMethods(Invoker.java:989)
	at org.testng.internal.TestMethodWorker.invokeTestMethods(TestMethodWorker.java:125)
	at org.testng.internal.TestMethodWorker.run(TestMethodWorker.java:109)
	at org.testng.TestRunner.privateRun(TestRunner.java:648)
	at org.testng.TestRunner.run(TestRunner.java:505)
	at org.testng.SuiteRunner.runTest(SuiteRunner.java:455)
	at org.testng.SuiteRunner.runSequentially(SuiteRunner.java:450)
	at org.testng.SuiteRunner.privateRun(SuiteRunner.java:415)
	at org.testng.SuiteRunner.run(SuiteRunner.java:364)
	at org.testng.SuiteRunnerWorker.runSuite(SuiteRunnerWorker.java:52)
	at org.testng.SuiteRunnerWorker.run(SuiteRunnerWorker.java:84)
	at org.testng.TestNG.runSuitesSequentially(TestNG.java:1208)
	at org.testng.TestNG.runSuitesLocally(TestNG.java:1137)
	at org.testng.TestNG.runSuites(TestNG.java:1049)
	at org.testng.TestNG.run(TestNG.java:1017)
	at org.testng.remote.AbstractRemoteTestNG.run(AbstractRemoteTestNG.java:115)
	at org.testng.remote.RemoteTestNG.initAndRun(RemoteTestNG.java:251)
	at org.testng.remote.RemoteTestNG.main(RemoteTestNG.java:77)
</pre></div></td>
<td>0</td>
<td>orangehrm.admin.job.PayGrades_Operation@54cf7c6a</td></tr>
<tr>
<td title='orangehrm.page.Admin_Page_Access_01.TC_04_Verify_Job_Employee_Status_Page()'><b>TC_04_Verify_Job_Employee_Status_Page</b><br>Test class: orangehrm.page.Admin_Page_Access_01<br/>
<a href="#Output-195949131" onClick='toggleBox("Output-195949131", this, "Show output", "Hide output");'>Show output</a>

<a href="#Output-195949131" onClick="toggleAllBoxes();">Show all outputs</a>
<div class='log' id="Output-195949131">
<br><a target="_blank" href="file:///G:\course-automation-test-framework\02-source_code\selenium-java-orangehrm\ReportNGScreenShots\TC_04_Verify_Job_Employee_Status_Page_18_10_2022_01_56_47.png"><img src="file:///G:\course-automation-test-framework\02-source_code\selenium-java-orangehrm\ReportNGScreenShots\TC_04_Verify_Job_Employee_Status_Page_18_10_2022_01_56_47.png" height='100' width='150'/> </a></br><br/>
</div>
</td>
<td><div><pre>java.lang.NullPointerException: Cannot invoke &quot;pageObjects.PayGradesPageObject.clickToParentMenuByName(org.openqa.selenium.WebDriver, String)&quot; because &quot;this.payGradesPage&quot; is null
	at orangehrm.page.Admin_Page_Access_01.TC_04_Verify_Job_Employee_Status_Page(Admin_Page_Access_01.java:89)
... Removed 25 stack frames</pre></div><a href='#' onClick='toggleBox("stack-trace195949131", this, "Click to show all stack frames", "Click to hide stack frames")'>Click to show all stack frames</a>
<div class='stack-trace' id='stack-trace195949131'><pre>java.lang.NullPointerException: Cannot invoke &quot;pageObjects.PayGradesPageObject.clickToParentMenuByName(org.openqa.selenium.WebDriver, String)&quot; because &quot;this.payGradesPage&quot; is null
	at orangehrm.page.Admin_Page_Access_01.TC_04_Verify_Job_Employee_Status_Page(Admin_Page_Access_01.java:89)
	at java.base/jdk.internal.reflect.NativeMethodAccessorImpl.invoke0(Native Method)
	at java.base/jdk.internal.reflect.NativeMethodAccessorImpl.invoke(NativeMethodAccessorImpl.java:77)
	at java.base/jdk.internal.reflect.DelegatingMethodAccessorImpl.invoke(DelegatingMethodAccessorImpl.java:43)
	at java.base/java.lang.reflect.Method.invoke(Method.java:568)
	at org.testng.internal.MethodInvocationHelper.invokeMethod(MethodInvocationHelper.java:124)
	at org.testng.internal.Invoker.invokeMethod(Invoker.java:583)
	at org.testng.internal.Invoker.invokeTestMethod(Invoker.java:719)
	at org.testng.internal.Invoker.invokeTestMethods(Invoker.java:989)
	at org.testng.internal.TestMethodWorker.invokeTestMethods(TestMethodWorker.java:125)
	at org.testng.internal.TestMethodWorker.run(TestMethodWorker.java:109)
	at org.testng.TestRunner.privateRun(TestRunner.java:648)
	at org.testng.TestRunner.run(TestRunner.java:505)
	at org.testng.SuiteRunner.runTest(SuiteRunner.java:455)
	at org.testng.SuiteRunner.runSequentially(SuiteRunner.java:450)
	at org.testng.SuiteRunner.privateRun(SuiteRunner.java:415)
	at org.testng.SuiteRunner.run(SuiteRunner.java:364)
	at org.testng.SuiteRunnerWorker.runSuite(SuiteRunnerWorker.java:52)
	at org.testng.SuiteRunnerWorker.run(SuiteRunnerWorker.java:84)
	at org.testng.TestNG.runSuitesSequentially(TestNG.java:1208)
	at org.testng.TestNG.runSuitesLocally(TestNG.java:1137)
	at org.testng.TestNG.runSuites(TestNG.java:1049)
	at org.testng.TestNG.run(TestNG.java:1017)
	at org.testng.remote.AbstractRemoteTestNG.run(AbstractRemoteTestNG.java:115)
	at org.testng.remote.RemoteTestNG.initAndRun(RemoteTestNG.java:251)
	at org.testng.remote.RemoteTestNG.main(RemoteTestNG.java:77)
</pre></div></td>
<td>0</td>
<td>orangehrm.page.Admin_Page_Access_01@38aafb53</td></tr>
<tr>
<td title='orangehrm.page.Admin_Page_Access_01.TC_05_Verify_Job_Job_Categories_Page()'><b>TC_05_Verify_Job_Job_Categories_Page</b><br>Test class: orangehrm.page.Admin_Page_Access_01<br/>
<a href="#Output-91480972" onClick='toggleBox("Output-91480972", this, "Show output", "Hide output");'>Show output</a>

<a href="#Output-91480972" onClick="toggleAllBoxes();">Show all outputs</a>
<div class='log' id="Output-91480972">
<br><a target="_blank" href="file:///G:\course-automation-test-framework\02-source_code\selenium-java-orangehrm\ReportNGScreenShots\TC_05_Verify_Job_Job_Categories_Page_18_10_2022_01_56_48.png"><img src="file:///G:\course-automation-test-framework\02-source_code\selenium-java-orangehrm\ReportNGScreenShots\TC_05_Verify_Job_Job_Categories_Page_18_10_2022_01_56_48.png" height='100' width='150'/> </a></br><br/>
</div>
</td>
<td><div><pre>java.lang.NullPointerException: Cannot invoke &quot;pageObjects.EmploymentStatusPageObject.clickToParentMenuByName(org.openqa.selenium.WebDriver, String)&quot; because &quot;this.employmentStatusPage&quot; is null
	at orangehrm.page.Admin_Page_Access_01.TC_05_Verify_Job_Job_Categories_Page(Admin_Page_Access_01.java:100)
... Removed 25 stack frames</pre></div><a href='#' onClick='toggleBox("stack-trace91480972", this, "Click to show all stack frames", "Click to hide stack frames")'>Click to show all stack frames</a>
<div class='stack-trace' id='stack-trace91480972'><pre>java.lang.NullPointerException: Cannot invoke &quot;pageObjects.EmploymentStatusPageObject.clickToParentMenuByName(org.openqa.selenium.WebDriver, String)&quot; because &quot;this.employmentStatusPage&quot; is null
	at orangehrm.page.Admin_Page_Access_01.TC_05_Verify_Job_Job_Categories_Page(Admin_Page_Access_01.java:100)
	at java.base/jdk.internal.reflect.NativeMethodAccessorImpl.invoke0(Native Method)
	at java.base/jdk.internal.reflect.NativeMethodAccessorImpl.invoke(NativeMethodAccessorImpl.java:77)
	at java.base/jdk.internal.reflect.DelegatingMethodAccessorImpl.invoke(DelegatingMethodAccessorImpl.java:43)
	at java.base/java.lang.reflect.Method.invoke(Method.java:568)
	at org.testng.internal.MethodInvocationHelper.invokeMethod(MethodInvocationHelper.java:124)
	at org.testng.internal.Invoker.invokeMethod(Invoker.java:583)
	at org.testng.internal.Invoker.invokeTestMethod(Invoker.java:719)
	at org.testng.internal.Invoker.invokeTestMethods(Invoker.java:989)
	at org.testng.internal.TestMethodWorker.invokeTestMethods(TestMethodWorker.java:125)
	at org.testng.internal.TestMethodWorker.run(TestMethodWorker.java:109)
	at org.testng.TestRunner.privateRun(TestRunner.java:648)
	at org.testng.TestRunner.run(TestRunner.java:505)
	at org.testng.SuiteRunner.runTest(SuiteRunner.java:455)
	at org.testng.SuiteRunner.runSequentially(SuiteRunner.java:450)
	at org.testng.SuiteRunner.privateRun(SuiteRunner.java:415)
	at org.testng.SuiteRunner.run(SuiteRunner.java:364)
	at org.testng.SuiteRunnerWorker.runSuite(SuiteRunnerWorker.java:52)
	at org.testng.SuiteRunnerWorker.run(SuiteRunnerWorker.java:84)
	at org.testng.TestNG.runSuitesSequentially(TestNG.java:1208)
	at org.testng.TestNG.runSuitesLocally(TestNG.java:1137)
	at org.testng.TestNG.runSuites(TestNG.java:1049)
	at org.testng.TestNG.run(TestNG.java:1017)
	at org.testng.remote.AbstractRemoteTestNG.run(AbstractRemoteTestNG.java:115)
	at org.testng.remote.RemoteTestNG.initAndRun(RemoteTestNG.java:251)
	at org.testng.remote.RemoteTestNG.main(RemoteTestNG.java:77)
</pre></div></td>
<td>0</td>
<td>orangehrm.page.Admin_Page_Access_01@38aafb53</td></tr>
<tr>
<td title='orangehrm.page.Admin_Page_Access_01.TC_06_Verify_Job_Work_Shifts_Page()'><b>TC_06_Verify_Job_Work_Shifts_Page</b><br>Test class: orangehrm.page.Admin_Page_Access_01<br/>
<a href="#Output-1566057148" onClick='toggleBox("Output-1566057148", this, "Show output", "Hide output");'>Show output</a>

<a href="#Output-1566057148" onClick="toggleAllBoxes();">Show all outputs</a>
<div class='log' id="Output-1566057148">
<br><a target="_blank" href="file:///G:\course-automation-test-framework\02-source_code\selenium-java-orangehrm\ReportNGScreenShots\TC_06_Verify_Job_Work_Shifts_Page_18_10_2022_01_56_49.png"><img src="file:///G:\course-automation-test-framework\02-source_code\selenium-java-orangehrm\ReportNGScreenShots\TC_06_Verify_Job_Work_Shifts_Page_18_10_2022_01_56_49.png" height='100' width='150'/> </a></br><br/>
</div>
</td>
<td><div><pre>java.lang.NullPointerException: Cannot invoke &quot;pageObjects.JobCategoriesPageObject.clickToParentMenuByName(org.openqa.selenium.WebDriver, String)&quot; because &quot;this.jobCategoriesPage&quot; is null
	at orangehrm.page.Admin_Page_Access_01.TC_06_Verify_Job_Work_Shifts_Page(Admin_Page_Access_01.java:111)
... Removed 25 stack frames</pre></div><a href='#' onClick='toggleBox("stack-trace1566057148", this, "Click to show all stack frames", "Click to hide stack frames")'>Click to show all stack frames</a>
<div class='stack-trace' id='stack-trace1566057148'><pre>java.lang.NullPointerException: Cannot invoke &quot;pageObjects.JobCategoriesPageObject.clickToParentMenuByName(org.openqa.selenium.WebDriver, String)&quot; because &quot;this.jobCategoriesPage&quot; is null
	at orangehrm.page.Admin_Page_Access_01.TC_06_Verify_Job_Work_Shifts_Page(Admin_Page_Access_01.java:111)
	at java.base/jdk.internal.reflect.NativeMethodAccessorImpl.invoke0(Native Method)
	at java.base/jdk.internal.reflect.NativeMethodAccessorImpl.invoke(NativeMethodAccessorImpl.java:77)
	at java.base/jdk.internal.reflect.DelegatingMethodAccessorImpl.invoke(DelegatingMethodAccessorImpl.java:43)
	at java.base/java.lang.reflect.Method.invoke(Method.java:568)
	at org.testng.internal.MethodInvocationHelper.invokeMethod(MethodInvocationHelper.java:124)
	at org.testng.internal.Invoker.invokeMethod(Invoker.java:583)
	at org.testng.internal.Invoker.invokeTestMethod(Invoker.java:719)
	at org.testng.internal.Invoker.invokeTestMethods(Invoker.java:989)
	at org.testng.internal.TestMethodWorker.invokeTestMethods(TestMethodWorker.java:125)
	at org.testng.internal.TestMethodWorker.run(TestMethodWorker.java:109)
	at org.testng.TestRunner.privateRun(TestRunner.java:648)
	at org.testng.TestRunner.run(TestRunner.java:505)
	at org.testng.SuiteRunner.runTest(SuiteRunner.java:455)
	at org.testng.SuiteRunner.runSequentially(SuiteRunner.java:450)
	at org.testng.SuiteRunner.privateRun(SuiteRunner.java:415)
	at org.testng.SuiteRunner.run(SuiteRunner.java:364)
	at org.testng.SuiteRunnerWorker.runSuite(SuiteRunnerWorker.java:52)
	at org.testng.SuiteRunnerWorker.run(SuiteRunnerWorker.java:84)
	at org.testng.TestNG.runSuitesSequentially(TestNG.java:1208)
	at org.testng.TestNG.runSuitesLocally(TestNG.java:1137)
	at org.testng.TestNG.runSuites(TestNG.java:1049)
	at org.testng.TestNG.run(TestNG.java:1017)
	at org.testng.remote.AbstractRemoteTestNG.run(AbstractRemoteTestNG.java:115)
	at org.testng.remote.RemoteTestNG.initAndRun(RemoteTestNG.java:251)
	at org.testng.remote.RemoteTestNG.main(RemoteTestNG.java:77)
</pre></div></td>
<td>0</td>
<td>orangehrm.page.Admin_Page_Access_01@38aafb53</td></tr>
</table><p>
<table width='100%' border='1' class='invocation-passed'>
<tr><td colspan='4' align='center'><b>PASSED TESTS</b></td></tr>
<tr><td><b>Test method</b></td>
<td width="30%"><b>Exception</b></td>
<td width="10%"><b>Time (seconds)</b></td>
<td><b>Instance</b></td>
</tr>
<tr>
<td title='orangehrm.admin.job.JobTitle_Validation.TC_01_Job_Title_Cannot_Be_Blank()'><b>TC_01_Job_Title_Cannot_Be_Blank</b><br>Test class: orangehrm.admin.job.JobTitle_Validation</td>
<td></td>
<td>2</td>
<td>orangehrm.admin.job.JobTitle_Validation@5527b211</td></tr>
<tr>
<td title='orangehrm.pim.Employee_Add.TC_01_Verify_Add_Employee()'><b>TC_01_Verify_Add_Employee</b><br>Test class: orangehrm.pim.Employee_Add<br/>
<a href="#Output-168249245" onClick='toggleBox("Output-168249245", this, "Show output", "Hide output");'>Show output</a>

<a href="#Output-168249245" onClick="toggleAllBoxes();">Show all outputs</a>
<div class='log' id="Output-168249245">
[INFO ] [2022-10-18 01:57:02,280] TC01 - Step 01: Click Add Employee
<br><br/>
[INFO ] [2022-10-18 01:57:07,814] TC01 - Step 02: Input valid info of employee 
<br><br/>
[INFO ] [2022-10-18 01:57:09,311] TC01 - Step 03: Click Save button
<br><br/>
[INFO ] [2022-10-18 01:57:14,615] TC01 - Step 04: Verify success message is displayed
<br><br/>
[INFO ] [2022-10-18 01:57:19,555] TC01 - Step 05: Verify that employee information screen is displayed with correct info
<br><br/>
</div>
</td>
<td></td>
<td>20</td>
<td>orangehrm.pim.Employee_Add@1729ec00</td></tr>
<tr>
<td title='orangehrm.admin.job.JobTitle_Operation.TC_01_Verify_Add_Job_Title()'><b>TC_01_Verify_Add_Job_Title</b><br>Test class: orangehrm.admin.job.JobTitle_Operation</td>
<td></td>
<td>15</td>
<td>orangehrm.admin.job.JobTitle_Operation@468dda3e</td></tr>
<tr>
<td title='orangehrm.admin.job.PayGrades_Operation.TC_01_Verify_Add_Pay_Grade()'><b>TC_01_Verify_Add_Pay_Grade</b><br>Test class: orangehrm.admin.job.PayGrades_Operation</td>
<td></td>
<td>6</td>
<td>orangehrm.admin.job.PayGrades_Operation@54cf7c6a</td></tr>
<tr>
<td title='orangehrm.admin.job.WorkShift_Operation.TC_01_Verify_Add_Work_Shift()'><b>TC_01_Verify_Add_Work_Shift</b><br>Test class: orangehrm.admin.job.WorkShift_Operation</td>
<td></td>
<td>11</td>
<td>orangehrm.admin.job.WorkShift_Operation@78010562</td></tr>
<tr>
<td title='orangehrm.admin.job.JobTitle_Validation.TC_02_Job_Title_Cannot_More_Than_100_Characters()'><b>TC_02_Job_Title_Cannot_More_Than_100_Characters</b><br>Test class: orangehrm.admin.job.JobTitle_Validation</td>
<td></td>
<td>6</td>
<td>orangehrm.admin.job.JobTitle_Validation@5527b211</td></tr>
<tr>
<td title='orangehrm.admin.job.JobTitle_Operation.TC_02_Verify_Edit_Job_Title()'><b>TC_02_Verify_Edit_Job_Title</b><br>Test class: orangehrm.admin.job.JobTitle_Operation</td>
<td></td>
<td>11</td>
<td>orangehrm.admin.job.JobTitle_Operation@468dda3e</td></tr>
<tr>
<td title='orangehrm.pim.Employee_Add.TC_02_Verify_Edit_Personal_Details()'><b>TC_02_Verify_Edit_Personal_Details</b><br>Test class: orangehrm.pim.Employee_Add<br/>
<a href="#Output-145113581" onClick='toggleBox("Output-145113581", this, "Show output", "Hide output");'>Show output</a>

<a href="#Output-145113581" onClick="toggleAllBoxes();">Show all outputs</a>
<div class='log' id="Output-145113581">
[INFO ] [2022-10-18 01:57:22,822] TC02 - Step 01: Set NickName
<br><br/>
[INFO ] [2022-10-18 01:57:23,402] TC02 - Step 02: Set Other ID
<br><br/>
[INFO ] [2022-10-18 01:57:23,939] TC02 - Step 03: Set Driver's License Number
<br><br/>
[INFO ] [2022-10-18 01:57:24,545] TC02 - Step 04: Set License Expiry Date
<br><br/>
[INFO ] [2022-10-18 01:57:24,987] TC02 - Step 05: Set SSN Number
<br><br/>
[INFO ] [2022-10-18 01:57:25,646] TC02 - Step 06: Set SIN Number
<br><br/>
[INFO ] [2022-10-18 01:57:26,148] TC02 - Step 07: Set Nationality
<br><br/>
[INFO ] [2022-10-18 01:57:27,758] TC02 - Step 08: Set Marital Status
<br><br/>
[INFO ] [2022-10-18 01:57:29,243] TC02 - Step 09: Set Date of Birth
<br><br/>
[INFO ] [2022-10-18 01:57:29,650] TC02 - Step 10: Set Gender
<br><br/>
[INFO ] [2022-10-18 01:57:29,957] TC02 - Step 11: Set Military Service
<br><br/>
[INFO ] [2022-10-18 01:57:30,395] TC02 - Step 12: Set Smoker
<br><br/>
[INFO ] [2022-10-18 01:57:30,576] TC02 - Step 13: Click Save
<br><br/>
[INFO ] [2022-10-18 01:57:30,849] TC02 - Step 14: Verify message success displayed
<br><br/>
[INFO ] [2022-10-18 01:57:31,799] TC02 - Step 15: Set Blood Type
<br><br/>
[INFO ] [2022-10-18 01:57:32,398] TC02 - Step 16: Click Save
<br><br/>
[INFO ] [2022-10-18 01:57:35,671] TC02 - Step 17: Verify message success displayed
<br><br/>
</div>
</td>
<td></td>
<td>13</td>
<td>orangehrm.pim.Employee_Add@1729ec00</td></tr>
<tr>
<td title='orangehrm.admin.job.JobTitle_Validation.TC_03_File_Size_Cannot_More_Than_1MB()'><b>TC_03_File_Size_Cannot_More_Than_1MB</b><br>Test class: orangehrm.admin.job.JobTitle_Validation</td>
<td></td>
<td>9</td>
<td>orangehrm.admin.job.JobTitle_Validation@5527b211</td></tr>
<tr>
<td title='orangehrm.admin.job.JobTitle_Operation.TC_03_Verify_Edit_Job_Specification_File()'><b>TC_03_Verify_Edit_Job_Specification_File</b><br>Test class: orangehrm.admin.job.JobTitle_Operation</td>
<td></td>
<td>14</td>
<td>orangehrm.admin.job.JobTitle_Operation@468dda3e</td></tr>
<tr>
<td title='orangehrm.admin.job.JobTitle_Validation.TC_04_File_Extension_Wrong_Format()'><b>TC_04_File_Extension_Wrong_Format</b><br>Test class: orangehrm.admin.job.JobTitle_Validation</td>
<td></td>
<td>9</td>
<td>orangehrm.admin.job.JobTitle_Validation@5527b211</td></tr>
<tr>
<td title='orangehrm.admin.job.JobTitle_Operation.TC_04_Verify_Delete_Job_Specification_File()'><b>TC_04_Verify_Delete_Job_Specification_File</b><br>Test class: orangehrm.admin.job.JobTitle_Operation</td>
<td></td>
<td>16</td>
<td>orangehrm.admin.job.JobTitle_Operation@468dda3e</td></tr>
<tr>
<td title='orangehrm.admin.job.JobTitle_Operation.TC_05_Job_Title_Cannot_Be_Duplicated()'><b>TC_05_Job_Title_Cannot_Be_Duplicated</b><br>Test class: orangehrm.admin.job.JobTitle_Operation</td>
<td></td>
<td>6</td>
<td>orangehrm.admin.job.JobTitle_Operation@468dda3e</td></tr>
<tr>
<td title='orangehrm.admin.job.PayGrades_Operation.TC_05_Verify_Edit_Pay_Grades()'><b>TC_05_Verify_Edit_Pay_Grades</b><br>Test class: orangehrm.admin.job.PayGrades_Operation</td>
<td></td>
<td>11</td>
<td>orangehrm.admin.job.PayGrades_Operation@54cf7c6a</td></tr>
<tr>
<td title='orangehrm.admin.job.JobTitle_Operation.TC_06_Verify_Delete_Operation()'><b>TC_06_Verify_Delete_Operation</b><br>Test class: orangehrm.admin.job.JobTitle_Operation</td>
<td></td>
<td>10</td>
<td>orangehrm.admin.job.JobTitle_Operation@468dda3e</td></tr>
<tr>
<td title='orangehrm.admin.job.PayGrades_Operation.TC_06_Verify_Delete_Pay_Grade()'><b>TC_06_Verify_Delete_Pay_Grade</b><br>Test class: orangehrm.admin.job.PayGrades_Operation</td>
<td></td>
<td>9</td>
<td>orangehrm.admin.job.PayGrades_Operation@54cf7c6a</td></tr>
</table><p>
<table width='100%' border='1' class='invocation-skipped'>
<tr><td colspan='4' align='center'><b>SKIPPED TESTS</b></td></tr>
<tr><td><b>Test method</b></td>
<td width="30%"><b>Exception</b></td>
<td width="10%"><b>Time (seconds)</b></td>
<td><b>Instance</b></td>
</tr>
<tr>
<td title='orangehrm.admin.organization.Location_Operation.TC_04_Verify_Search_Existed_Location_By_Name()'><b>TC_04_Verify_Search_Existed_Location_By_Name</b><br>Test class: orangehrm.admin.organization.Location_Operation</td>
<td><div><pre>org.openqa.selenium.TimeoutException: Expected condition failed: waiting for element to be clickable: By.xpath: //span[text()=&apos;Admin&apos;]/parent::a (tried for 5 second(s) with 500 milliseconds interval)
	at org.openqa.selenium.support.ui.WebDriverWait.timeoutException(WebDriverWait.java:95)
	at org.openqa.selenium.support.ui.FluentWait.until(FluentWait.java:272)
	at commons.AbstractPage.waitToElementClickable(AbstractPage.java:107)
	at commons.AbstractPage.clickToLeftMenuByName(AbstractPage.java:180)
	at orangehrm.admin.organization.Location_Operation.Precondition_Login(Location_Operation.java:48)
Caused by: org.openqa.selenium.NoSuchElementException: no such element: Unable to locate element: {&quot;method&quot;:&quot;xpath&quot;,&quot;selector&quot;:&quot;//span[text()=&apos;Admin&apos;]/parent::a&quot;}
  (Session info: chrome=106.0.5249.119)
For documentation on this error, please visit: https://www.seleniumhq.org/exceptions/no_such_element.html
Build info: version: &apos;3.141.59&apos;, revision: &apos;e82be7d358&apos;, time: &apos;2018-11-14T08:17:03&apos;
System info: host: &apos;DESKTOP-OVC9B5E&apos;, ip: &apos;192.168.1.3&apos;, os.name: &apos;Windows 10&apos;, os.arch: &apos;amd64&apos;, os.version: &apos;10.0&apos;, java.version: &apos;17.0.1&apos;
Driver info: org.openqa.selenium.chrome.ChromeDriver
Capabilities {acceptInsecureCerts: false, browserName: chrome, browserVersion: 106.0.5249.119, chrome: {chromedriverVersion: 106.0.5249.61 (511755355844..., userDataDir: C:\Users\admin\AppData\Loca...}, goog:chromeOptions: {debuggerAddress: localhost:53296}, javascriptEnabled: true, networkConnectionEnabled: false, pageLoadStrategy: normal, platform: WINDOWS, platformName: WINDOWS, proxy: Proxy(), setWindowRect: true, strictFileInteractability: false, timeouts: {implicit: 0, pageLoad: 300000, script: 30000}, unhandledPromptBehavior: dismiss and notify, webauthn:extension:credBlob: true, webauthn:extension:largeBlob: true, webauthn:virtualAuthenticators: true}
Session ID: db1eba3a5067c327115e60a46db535e3
*** Element info: {Using=xpath, value=//span[text()=&apos;Admin&apos;]/parent::a}
	at org.openqa.selenium.remote.http.W3CHttpResponseCodec.createException(W3CHttpResponseCodec.java:187)
	at org.openqa.selenium.remote.http.W3CHttpResponseCodec.decode(W3CHttpResponseCodec.java:122)
	at org.openqa.selenium.remote.http.W3CHttpResponseCodec.decode(W3CHttpResponseCodec.java:49)
	at org.openqa.selenium.remote.HttpCommandExecutor.execute(HttpCommandExecutor.java:158)
	at org.openqa.selenium.remote.service.DriverCommandExecutor.execute(DriverCommandExecutor.java:83)
	at org.openqa.selenium.remote.RemoteWebDriver.execute(RemoteWebDriver.java:552)
	at org.openqa.selenium.remote.RemoteWebDriver.findElement(RemoteWebDriver.java:323)
	at org.openqa.selenium.remote.RemoteWebDriver.findElementByXPath(RemoteWebDriver.java:428)
	at org.openqa.selenium.By$ByXPath.findElement(By.java:353)
	at org.openqa.selenium.remote.RemoteWebDriver.findElement(RemoteWebDriver.java:315)
	at org.openqa.selenium.support.ui.ExpectedConditions$7.apply(ExpectedConditions.java:205)
	at org.openqa.selenium.support.ui.ExpectedConditions$7.apply(ExpectedConditions.java:201)
	at org.openqa.selenium.support.ui.ExpectedConditions$22.apply(ExpectedConditions.java:641)
	at org.openqa.selenium.support.ui.ExpectedConditions$22.apply(ExpectedConditions.java:638)
	at org.openqa.selenium.support.ui.FluentWait.until(FluentWait.java:249)
	... 29 more
... Removed 31 stack frames</pre></div><a href='#' onClick='toggleBox("stack-trace1237113101", this, "Click to show all stack frames", "Click to hide stack frames")'>Click to show all stack frames</a>
<div class='stack-trace' id='stack-trace1237113101'><pre>org.openqa.selenium.TimeoutException: Expected condition failed: waiting for element to be clickable: By.xpath: //span[text()=&apos;Admin&apos;]/parent::a (tried for 5 second(s) with 500 milliseconds interval)
	at org.openqa.selenium.support.ui.WebDriverWait.timeoutException(WebDriverWait.java:95)
	at org.openqa.selenium.support.ui.FluentWait.until(FluentWait.java:272)
	at commons.AbstractPage.waitToElementClickable(AbstractPage.java:107)
	at commons.AbstractPage.clickToLeftMenuByName(AbstractPage.java:180)
	at orangehrm.admin.organization.Location_Operation.Precondition_Login(Location_Operation.java:48)
	at java.base/jdk.internal.reflect.NativeMethodAccessorImpl.invoke0(Native Method)
	at java.base/jdk.internal.reflect.NativeMethodAccessorImpl.invoke(NativeMethodAccessorImpl.java:77)
	at java.base/jdk.internal.reflect.DelegatingMethodAccessorImpl.invoke(DelegatingMethodAccessorImpl.java:43)
	at java.base/java.lang.reflect.Method.invoke(Method.java:568)
	at org.testng.internal.MethodInvocationHelper.invokeMethod(MethodInvocationHelper.java:124)
	at org.testng.internal.MethodInvocationHelper.invokeMethodConsideringTimeout(MethodInvocationHelper.java:59)
	at org.testng.internal.Invoker.invokeConfigurationMethod(Invoker.java:458)
	at org.testng.internal.Invoker.invokeConfigurations(Invoker.java:222)
	at org.testng.internal.Invoker.invokeConfigurations(Invoker.java:142)
	at org.testng.internal.TestMethodWorker.invokeBeforeClassMethods(TestMethodWorker.java:168)
	at org.testng.internal.TestMethodWorker.run(TestMethodWorker.java:105)
	at org.testng.TestRunner.privateRun(TestRunner.java:648)
	at org.testng.TestRunner.run(TestRunner.java:505)
	at org.testng.SuiteRunner.runTest(SuiteRunner.java:455)
	at org.testng.SuiteRunner.runSequentially(SuiteRunner.java:450)
	at org.testng.SuiteRunner.privateRun(SuiteRunner.java:415)
	at org.testng.SuiteRunner.run(SuiteRunner.java:364)
	at org.testng.SuiteRunnerWorker.runSuite(SuiteRunnerWorker.java:52)
	at org.testng.SuiteRunnerWorker.run(SuiteRunnerWorker.java:84)
	at org.testng.TestNG.runSuitesSequentially(TestNG.java:1208)
	at org.testng.TestNG.runSuitesLocally(TestNG.java:1137)
	at org.testng.TestNG.runSuites(TestNG.java:1049)
	at org.testng.TestNG.run(TestNG.java:1017)
	at org.testng.remote.AbstractRemoteTestNG.run(AbstractRemoteTestNG.java:115)
	at org.testng.remote.RemoteTestNG.initAndRun(RemoteTestNG.java:251)
	at org.testng.remote.RemoteTestNG.main(RemoteTestNG.java:77)
Caused by: org.openqa.selenium.NoSuchElementException: no such element: Unable to locate element: {&quot;method&quot;:&quot;xpath&quot;,&quot;selector&quot;:&quot;//span[text()=&apos;Admin&apos;]/parent::a&quot;}
  (Session info: chrome=106.0.5249.119)
For documentation on this error, please visit: https://www.seleniumhq.org/exceptions/no_such_element.html
Build info: version: &apos;3.141.59&apos;, revision: &apos;e82be7d358&apos;, time: &apos;2018-11-14T08:17:03&apos;
System info: host: &apos;DESKTOP-OVC9B5E&apos;, ip: &apos;192.168.1.3&apos;, os.name: &apos;Windows 10&apos;, os.arch: &apos;amd64&apos;, os.version: &apos;10.0&apos;, java.version: &apos;17.0.1&apos;
Driver info: org.openqa.selenium.chrome.ChromeDriver
Capabilities {acceptInsecureCerts: false, browserName: chrome, browserVersion: 106.0.5249.119, chrome: {chromedriverVersion: 106.0.5249.61 (511755355844..., userDataDir: C:\Users\admin\AppData\Loca...}, goog:chromeOptions: {debuggerAddress: localhost:53296}, javascriptEnabled: true, networkConnectionEnabled: false, pageLoadStrategy: normal, platform: WINDOWS, platformName: WINDOWS, proxy: Proxy(), setWindowRect: true, strictFileInteractability: false, timeouts: {implicit: 0, pageLoad: 300000, script: 30000}, unhandledPromptBehavior: dismiss and notify, webauthn:extension:credBlob: true, webauthn:extension:largeBlob: true, webauthn:virtualAuthenticators: true}
Session ID: db1eba3a5067c327115e60a46db535e3
*** Element info: {Using=xpath, value=//span[text()=&apos;Admin&apos;]/parent::a}
	at java.base/jdk.internal.reflect.NativeConstructorAccessorImpl.newInstance0(Native Method)
	at java.base/jdk.internal.reflect.NativeConstructorAccessorImpl.newInstance(NativeConstructorAccessorImpl.java:77)
	at java.base/jdk.internal.reflect.DelegatingConstructorAccessorImpl.newInstance(DelegatingConstructorAccessorImpl.java:45)
	at java.base/java.lang.reflect.Constructor.newInstanceWithCaller(Constructor.java:499)
	at java.base/java.lang.reflect.Constructor.newInstance(Constructor.java:480)
	at org.openqa.selenium.remote.http.W3CHttpResponseCodec.createException(W3CHttpResponseCodec.java:187)
	at org.openqa.selenium.remote.http.W3CHttpResponseCodec.decode(W3CHttpResponseCodec.java:122)
	at org.openqa.selenium.remote.http.W3CHttpResponseCodec.decode(W3CHttpResponseCodec.java:49)
	at org.openqa.selenium.remote.HttpCommandExecutor.execute(HttpCommandExecutor.java:158)
	at org.openqa.selenium.remote.service.DriverCommandExecutor.execute(DriverCommandExecutor.java:83)
	at org.openqa.selenium.remote.RemoteWebDriver.execute(RemoteWebDriver.java:552)
	at org.openqa.selenium.remote.RemoteWebDriver.findElement(RemoteWebDriver.java:323)
	at org.openqa.selenium.remote.RemoteWebDriver.findElementByXPath(RemoteWebDriver.java:428)
	at org.openqa.selenium.By$ByXPath.findElement(By.java:353)
	at org.openqa.selenium.remote.RemoteWebDriver.findElement(RemoteWebDriver.java:315)
	at org.openqa.selenium.support.ui.ExpectedConditions$7.apply(ExpectedConditions.java:205)
	at org.openqa.selenium.support.ui.ExpectedConditions$7.apply(ExpectedConditions.java:201)
	at org.openqa.selenium.support.ui.ExpectedConditions$22.apply(ExpectedConditions.java:641)
	at org.openqa.selenium.support.ui.ExpectedConditions$22.apply(ExpectedConditions.java:638)
	at org.openqa.selenium.support.ui.FluentWait.until(FluentWait.java:249)
	... 29 more
</pre></div></td>
<td>0</td>
<td>orangehrm.admin.organization.Location_Operation@50756c76</td></tr>
</table><p>
</body>
</html>