<?xml version="1.0" encoding="UTF-8"?>
<!-- Generated by org.testng.reporters.JUnitXMLReporter -->
<testsuite ignored="1" hostname="btklinh" failures="1" tests="1" name="Run on Chrome" time="26.517" errors="0" timestamp="23 Sep 2022 07:23:51 GMT">
  <testcase classname="orangehrm.page.Admin_Page_Access" name="TC_01_Verify_Access_User_Page" time="0.0">
    <failure type="org.testng.TestNGException" message="
Cannot inject @Test annotated Method [TC_01_Verify_Access_User_Page] with [class java.lang.String].
For more information on native dependency injection please refer to http://testng.org/doc/documentation-main.html#native-dependency-injection">
      <![CDATA[org.testng.TestNGException: 
Cannot inject @Test annotated Method [TC_01_Verify_Access_User_Page] with [class java.lang.String].
For more information on native dependency injection please refer to http://testng.org/doc/documentation-main.html#native-dependency-injection
... Removed 28 stack frames]]>
    </failure>
  </testcase> <!-- TC_01_Verify_Access_User_Page -->
  <testcase classname="commons.AbstractTest" name="@BeforeSuite deleteAllFilesInReportNGScreenshot" time="0.0">
    <ignored/>
  </testcase> <!-- @BeforeSuite deleteAllFilesInReportNGScreenshot -->
</testsuite> <!-- Run on Chrome -->
