<!DOCTYPE html PUBLIC "-//W3C//DTD XHTML 1.1//EN" "http://www.w3.org/TR/xhtml11/DTD/xhtml11.dtd">
<html xmlns="http://www.w3.org/1999/xhtml">
<head>
<meta http-equiv="content-type" content="text/html; charset=UTF-8"/>
<title>TestNG Report</title>
<style type="text/css">table {margin-bottom:10px;border-collapse:collapse;empty-cells:show}th,td {border:1px solid #009;padding:.25em .5em}th {vertical-align:bottom}td {vertical-align:top}table a {font-weight:bold}.stripe td {background-color: #E6EBF9}.num {text-align:right}.passedodd td {background-color: #3F3}.passedeven td {background-color: #0A0}.skippedodd td {background-color: #DDD}.skippedeven td {background-color: #CCC}.failedodd td,.attn {background-color: #F33}.failedeven td,.stripe .attn {background-color: #D00}.stacktrace {white-space:pre;font-family:monospace}.totop {font-size:85%;text-align:center;border-bottom:2px solid #000}.invisible {display:none}</style>
</head>
<body>
<table>
<tr><th>Test</th><th># Passed</th><th># Skipped</th><th># Failed</th><th>Time (ms)</th><th>Included Groups</th><th>Excluded Groups</th></tr>
<tr><th colspan="7">Suite</th></tr>
<tr><td><a href="#t0">Run on Chrome</a></td><td class="num">16</td><td class="num attn">1</td><td class="num attn">9</td><td class="num">372,987</td><td></td><td></td></tr>
</table>
<table id='summary'><thead><tr><th>Class</th><th>Method</th><th>Start</th><th>Time (ms)</th></tr></thead><tbody><tr><th colspan="4">Suite</th></tr></tbody><tbody id="t0"><tr><th colspan="4">Run on Chrome &#8212; failed (configuration methods)</th></tr><tr class="failedeven"><td rowspan="1">orangehrm.admin.organization.Location_Operation</td><td><a href="#m0">Precondition_Login</a></td><td rowspan="1">1666032943812</td><td rowspan="1">24137</td></tr><tr><th colspan="4">Run on Chrome &#8212; failed</th></tr><tr class="failedeven"><td rowspan="3">orangehrm.admin.job.PayGrades_Operation</td><td><a href="#m1">TC_02_Verify_Add_Currency</a></td><td rowspan="1">1666032871765</td><td rowspan="1">18089</td></tr><tr class="failedeven"><td><a href="#m2">TC_03_Verify_Edit_Currency</a></td><td rowspan="1">1666032890734</td><td rowspan="1">6</td></tr><tr class="failedeven"><td><a href="#m3">TC_04_Verify_Delete_Currency</a></td><td rowspan="1">1666032891327</td><td rowspan="1">5</td></tr><tr class="failedodd"><td rowspan="6">orangehrm.page.Admin_Page_Access_01</td><td><a href="#m4">TC_01_Verify_Access_User_Page</a></td><td rowspan="1">1666032993797</td><td rowspan="1">11772</td></tr><tr class="failedodd"><td><a href="#m5">TC_02_Verify_Job_Titles_Page</a></td><td rowspan="1">1666033006529</td><td rowspan="1">7</td></tr><tr class="failedodd"><td><a href="#m6">TC_03_Verify_Job_Pay_Grades_Page</a></td><td rowspan="1">1666033007242</td><td rowspan="1">4</td></tr><tr class="failedodd"><td><a href="#m7">TC_04_Verify_Job_Employee_Status_Page</a></td><td rowspan="1">1666033007954</td><td rowspan="1">5</td></tr><tr class="failedodd"><td><a href="#m8">TC_05_Verify_Job_Job_Categories_Page</a></td><td rowspan="1">1666033008691</td><td rowspan="1">5</td></tr><tr class="failedodd"><td><a href="#m9">TC_06_Verify_Job_Work_Shifts_Page</a></td><td rowspan="1">1666033009476</td><td rowspan="1">5</td></tr><tr><th colspan="4">Run on Chrome &#8212; skipped (configuration methods)</th></tr><tr class="skippedeven"><td rowspan="1">orangehrm.admin.organization.Location_Operation</td><td><a href="#m10">afterClass</a></td><td rowspan="1">1666032967988</td><td rowspan="1">0</td></tr><tr><th colspan="4">Run on Chrome &#8212; skipped</th></tr><tr class="skippedeven"><td rowspan="1">orangehrm.admin.organization.Location_Operation</td><td><a href="#m11">TC_04_Verify_Search_Existed_Location_By_Name</a></td><td rowspan="1">1666032967975</td><td rowspan="1">0</td></tr><tr><th colspan="4">Run on Chrome &#8212; passed</th></tr><tr class="passedeven"><td rowspan="6">orangehrm.admin.job.JobTitle_Operation</td><td><a href="#m12">TC_01_Verify_Add_Job_Title</a></td><td rowspan="1">1666032708389</td><td rowspan="1">15789</td></tr><tr class="passedeven"><td><a href="#m13">TC_02_Verify_Edit_Job_Title</a></td><td rowspan="1">1666032724622</td><td rowspan="1">11358</td></tr><tr class="passedeven"><td><a href="#m14">TC_03_Verify_Edit_Job_Specification_File</a></td><td rowspan="1">1666032735992</td><td rowspan="1">14712</td></tr><tr class="passedeven"><td><a href="#m15">TC_04_Verify_Delete_Job_Specification_File</a></td><td rowspan="1">1666032750710</td><td rowspan="1">16324</td></tr><tr class="passedeven"><td><a href="#m16">TC_05_Job_Title_Cannot_Be_Duplicated</a></td><td rowspan="1">1666032767041</td><td rowspan="1">6533</td></tr><tr class="passedeven"><td><a href="#m17">TC_06_Verify_Delete_Operation</a></td><td rowspan="1">1666032773669</td><td rowspan="1">10674</td></tr><tr class="passedodd"><td rowspan="4">orangehrm.admin.job.JobTitle_Validation</td><td><a href="#m18">TC_01_Job_Title_Cannot_Be_Blank</a></td><td rowspan="1">1666032810164</td><td rowspan="1">2876</td></tr><tr class="passedodd"><td><a href="#m19">TC_02_Job_Title_Cannot_More_Than_100_Characters</a></td><td rowspan="1">1666032813047</td><td rowspan="1">6549</td></tr><tr class="passedodd"><td><a href="#m20">TC_03_File_Size_Cannot_More_Than_1MB</a></td><td rowspan="1">1666032819601</td><td rowspan="1">9514</td></tr><tr class="passedodd"><td><a href="#m21">TC_04_File_Extension_Wrong_Format</a></td><td rowspan="1">1666032829219</td><td rowspan="1">9473</td></tr><tr class="passedeven"><td rowspan="3">orangehrm.admin.job.PayGrades_Operation</td><td><a href="#m22">TC_01_Verify_Add_Pay_Grade</a></td><td rowspan="1">1666032864894</td><td rowspan="1">6867</td></tr><tr class="passedeven"><td><a href="#m23">TC_05_Verify_Edit_Pay_Grades</a></td><td rowspan="1">1666032891927</td><td rowspan="1">11613</td></tr><tr class="passedeven"><td><a href="#m24">TC_06_Verify_Delete_Pay_Grade</a></td><td rowspan="1">1666032903545</td><td rowspan="1">9849</td></tr><tr class="passedodd"><td rowspan="1">orangehrm.admin.job.WorkShift_Operation</td><td><a href="#m25">TC_01_Verify_Add_Work_Shift</a></td><td rowspan="1">1666032932200</td><td rowspan="1">11147</td></tr><tr class="passedeven"><td rowspan="2">orangehrm.pim.Employee_Add</td><td><a href="#m26">TC_01_Verify_Add_Employee</a></td><td rowspan="1">1666033022166</td><td rowspan="1">20643</td></tr><tr class="passedeven"><td><a href="#m27">TC_02_Verify_Edit_Personal_Details</a></td><td rowspan="1">1666033042814</td><td rowspan="1">13481</td></tr></tbody>
</table>
<h2>Run on Chrome</h2><h3 id="m0">orangehrm.admin.organization.Location_Operation#Precondition_Login</h3><table class="result"><tr class="param"><th>Parameter #1</th></tr><tr class="param stripe"><td>chrome</td></tr><tr><th>Exception</th></tr><tr><td><div class="stacktrace">org.openqa.selenium.TimeoutException: Expected condition failed: waiting for element to be clickable: By.xpath: //span[text()=&apos;Admin&apos;]/parent::a (tried for 5 second(s) with 500 milliseconds interval)
	at org.openqa.selenium.support.ui.WebDriverWait.timeoutException(WebDriverWait.java:95)
	at org.openqa.selenium.support.ui.FluentWait.until(FluentWait.java:272)
	at commons.AbstractPage.waitToElementClickable(AbstractPage.java:107)
	at commons.AbstractPage.clickToLeftMenuByName(AbstractPage.java:180)
	at orangehrm.admin.organization.Location_Operation.Precondition_Login(Location_Operation.java:48)
Caused by: org.openqa.selenium.NoSuchElementException: no such element: Unable to locate element: {&quot;method&quot;:&quot;xpath&quot;,&quot;selector&quot;:&quot;//span[text()=&apos;Admin&apos;]/parent::a&quot;}
  (Session info: chrome=106.0.5249.119)
For documentation on this error, please visit: https://www.seleniumhq.org/exceptions/no_such_element.html
Build info: version: &apos;3.141.59&apos;, revision: &apos;e82be7d358&apos;, time: &apos;2018-11-14T08:17:03&apos;
System info: host: &apos;DESKTOP-OVC9B5E&apos;, ip: &apos;192.168.1.3&apos;, os.name: &apos;Windows 10&apos;, os.arch: &apos;amd64&apos;, os.version: &apos;10.0&apos;, java.version: &apos;17.0.1&apos;
Driver info: org.openqa.selenium.chrome.ChromeDriver
Capabilities {acceptInsecureCerts: false, browserName: chrome, browserVersion: 106.0.5249.119, chrome: {chromedriverVersion: 106.0.5249.61 (511755355844..., userDataDir: C:\Users\admin\AppData\Loca...}, goog:chromeOptions: {debuggerAddress: localhost:53296}, javascriptEnabled: true, networkConnectionEnabled: false, pageLoadStrategy: normal, platform: WINDOWS, platformName: WINDOWS, proxy: Proxy(), setWindowRect: true, strictFileInteractability: false, timeouts: {implicit: 0, pageLoad: 300000, script: 30000}, unhandledPromptBehavior: dismiss and notify, webauthn:extension:credBlob: true, webauthn:extension:largeBlob: true, webauthn:virtualAuthenticators: true}
Session ID: db1eba3a5067c327115e60a46db535e3
*** Element info: {Using=xpath, value=//span[text()=&apos;Admin&apos;]/parent::a}
	at org.openqa.selenium.remote.http.W3CHttpResponseCodec.createException(W3CHttpResponseCodec.java:187)
	at org.openqa.selenium.remote.http.W3CHttpResponseCodec.decode(W3CHttpResponseCodec.java:122)
	at org.openqa.selenium.remote.http.W3CHttpResponseCodec.decode(W3CHttpResponseCodec.java:49)
	at org.openqa.selenium.remote.HttpCommandExecutor.execute(HttpCommandExecutor.java:158)
	at org.openqa.selenium.remote.service.DriverCommandExecutor.execute(DriverCommandExecutor.java:83)
	at org.openqa.selenium.remote.RemoteWebDriver.execute(RemoteWebDriver.java:552)
	at org.openqa.selenium.remote.RemoteWebDriver.findElement(RemoteWebDriver.java:323)
	at org.openqa.selenium.remote.RemoteWebDriver.findElementByXPath(RemoteWebDriver.java:428)
	at org.openqa.selenium.By$ByXPath.findElement(By.java:353)
	at org.openqa.selenium.remote.RemoteWebDriver.findElement(RemoteWebDriver.java:315)
	at org.openqa.selenium.support.ui.ExpectedConditions$7.apply(ExpectedConditions.java:205)
	at org.openqa.selenium.support.ui.ExpectedConditions$7.apply(ExpectedConditions.java:201)
	at org.openqa.selenium.support.ui.ExpectedConditions$22.apply(ExpectedConditions.java:641)
	at org.openqa.selenium.support.ui.ExpectedConditions$22.apply(ExpectedConditions.java:638)
	at org.openqa.selenium.support.ui.FluentWait.until(FluentWait.java:249)
	... 29 more
... Removed 31 stack frames</div></td></tr></table><p class="totop"><a href="#summary">back to summary</a></p>
<h3 id="m1">orangehrm.admin.job.PayGrades_Operation#TC_02_Verify_Add_Currency</h3><table class="result"><tr><th>Messages</th></tr><tr><td><div class="messages"><br><a target="_blank" href="file:///G:\course-automation-test-framework\02-source_code\selenium-java-orangehrm\ReportNGScreenShots\TC_02_Verify_Add_Currency_18_10_2022_01_54_49.png"><img src="file:///G:\course-automation-test-framework\02-source_code\selenium-java-orangehrm\ReportNGScreenShots\TC_02_Verify_Add_Currency_18_10_2022_01_54_49.png" height='100' width='150'/> </a></br></div></td></tr><tr><th>Exception</th></tr><tr><td><div class="stacktrace">org.openqa.selenium.StaleElementReferenceException: stale element reference: element is not attached to the page document
  (Session info: chrome=106.0.5249.119)
For documentation on this error, please visit: https://www.seleniumhq.org/exceptions/stale_element_reference.html
Build info: version: &apos;3.141.59&apos;, revision: &apos;e82be7d358&apos;, time: &apos;2018-11-14T08:17:03&apos;
System info: host: &apos;DESKTOP-OVC9B5E&apos;, ip: &apos;192.168.1.3&apos;, os.name: &apos;Windows 10&apos;, os.arch: &apos;amd64&apos;, os.version: &apos;10.0&apos;, java.version: &apos;17.0.1&apos;
Driver info: org.openqa.selenium.chrome.ChromeDriver
Capabilities {acceptInsecureCerts: false, browserName: chrome, browserVersion: 106.0.5249.119, chrome: {chromedriverVersion: 106.0.5249.61 (511755355844..., userDataDir: C:\Users\admin\AppData\Loca...}, goog:chromeOptions: {debuggerAddress: localhost:53219}, javascriptEnabled: true, networkConnectionEnabled: false, pageLoadStrategy: normal, platform: WINDOWS, platformName: WINDOWS, proxy: Proxy(), setWindowRect: true, strictFileInteractability: false, timeouts: {implicit: 0, pageLoad: 300000, script: 30000}, unhandledPromptBehavior: dismiss and notify, webauthn:extension:credBlob: true, webauthn:extension:largeBlob: true, webauthn:virtualAuthenticators: true}
Session ID: b054c35d9ab1042ed7c60c79b5dfedcd
	at org.openqa.selenium.remote.http.W3CHttpResponseCodec.createException(W3CHttpResponseCodec.java:187)
	at org.openqa.selenium.remote.http.W3CHttpResponseCodec.decode(W3CHttpResponseCodec.java:122)
	at org.openqa.selenium.remote.http.W3CHttpResponseCodec.decode(W3CHttpResponseCodec.java:49)
	at org.openqa.selenium.remote.HttpCommandExecutor.execute(HttpCommandExecutor.java:158)
	at org.openqa.selenium.remote.service.DriverCommandExecutor.execute(DriverCommandExecutor.java:83)
	at org.openqa.selenium.remote.RemoteWebDriver.execute(RemoteWebDriver.java:552)
	at org.openqa.selenium.remote.RemoteWebElement.execute(RemoteWebElement.java:285)
	at org.openqa.selenium.remote.RemoteWebElement.getText(RemoteWebElement.java:166)
	at pageObjects.PayGradesPageObject.getAllDropdownValue(PayGradesPageObject.java:104)
	at pageObjects.PayGradesPageObject.getRandomCurrencyValue(PayGradesPageObject.java:168)
	at orangehrm.admin.job.PayGrades_Operation.TC_02_Verify_Add_Currency(PayGrades_Operation.java:104)
... Removed 30 stack frames</div></td></tr></table><p class="totop"><a href="#summary">back to summary</a></p>
<h3 id="m2">orangehrm.admin.job.PayGrades_Operation#TC_03_Verify_Edit_Currency</h3><table class="result"><tr><th>Messages</th></tr><tr><td><div class="messages"><br><a target="_blank" href="file:///G:\course-automation-test-framework\02-source_code\selenium-java-orangehrm\ReportNGScreenShots\TC_03_Verify_Edit_Currency_18_10_2022_01_54_50.png"><img src="file:///G:\course-automation-test-framework\02-source_code\selenium-java-orangehrm\ReportNGScreenShots\TC_03_Verify_Edit_Currency_18_10_2022_01_54_50.png" height='100' width='150'/> </a></br></div></td></tr><tr><th>Exception</th></tr><tr><td><div class="stacktrace">java.lang.NullPointerException: Cannot invoke &quot;String.substring(int)&quot; because &quot;this.currencyValue&quot; is null
	at orangehrm.admin.job.PayGrades_Operation.TC_03_Verify_Edit_Currency(PayGrades_Operation.java:133)
... Removed 25 stack frames</div></td></tr></table><p class="totop"><a href="#summary">back to summary</a></p>
<h3 id="m3">orangehrm.admin.job.PayGrades_Operation#TC_04_Verify_Delete_Currency</h3><table class="result"><tr><th>Messages</th></tr><tr><td><div class="messages"><br><a target="_blank" href="file:///G:\course-automation-test-framework\02-source_code\selenium-java-orangehrm\ReportNGScreenShots\TC_04_Verify_Delete_Currency_18_10_2022_01_54_51.png"><img src="file:///G:\course-automation-test-framework\02-source_code\selenium-java-orangehrm\ReportNGScreenShots\TC_04_Verify_Delete_Currency_18_10_2022_01_54_51.png" height='100' width='150'/> </a></br></div></td></tr><tr><th>Exception</th></tr><tr><td><div class="stacktrace">java.lang.NullPointerException: Cannot invoke &quot;String.substring(int)&quot; because &quot;this.currencyValue&quot; is null
	at orangehrm.admin.job.PayGrades_Operation.TC_04_Verify_Delete_Currency(PayGrades_Operation.java:156)
... Removed 25 stack frames</div></td></tr></table><p class="totop"><a href="#summary">back to summary</a></p>
<h3 id="m4">orangehrm.page.Admin_Page_Access_01#TC_01_Verify_Access_User_Page</h3><table class="result"><tr><th>Messages</th></tr><tr><td><div class="messages"><br><a target="_blank" href="file:///G:\course-automation-test-framework\02-source_code\selenium-java-orangehrm\ReportNGScreenShots\TC_01_Verify_Access_User_Page_18_10_2022_01_56_45.png"><img src="file:///G:\course-automation-test-framework\02-source_code\selenium-java-orangehrm\ReportNGScreenShots\TC_01_Verify_Access_User_Page_18_10_2022_01_56_45.png" height='100' width='150'/> </a></br></div></td></tr><tr><th>Exception</th></tr><tr><td><div class="stacktrace">org.openqa.selenium.TimeoutException: Expected condition failed: waiting for element to be clickable: By.xpath: //span[text()=&apos;Admin&apos;]/parent::a (tried for 5 second(s) with 500 milliseconds interval)
	at org.openqa.selenium.support.ui.WebDriverWait.timeoutException(WebDriverWait.java:95)
	at org.openqa.selenium.support.ui.FluentWait.until(FluentWait.java:272)
	at commons.AbstractPage.waitToElementClickable(AbstractPage.java:107)
	at commons.AbstractPage.clickToLeftMenuByName(AbstractPage.java:180)
	at orangehrm.page.Admin_Page_Access_01.TC_01_Verify_Access_User_Page(Admin_Page_Access_01.java:57)
Caused by: org.openqa.selenium.NoSuchElementException: no such element: Unable to locate element: {&quot;method&quot;:&quot;xpath&quot;,&quot;selector&quot;:&quot;//span[text()=&apos;Admin&apos;]/parent::a&quot;}
  (Session info: chrome=106.0.5249.119)
For documentation on this error, please visit: https://www.seleniumhq.org/exceptions/no_such_element.html
Build info: version: &apos;3.141.59&apos;, revision: &apos;e82be7d358&apos;, time: &apos;2018-11-14T08:17:03&apos;
System info: host: &apos;DESKTOP-OVC9B5E&apos;, ip: &apos;192.168.1.3&apos;, os.name: &apos;Windows 10&apos;, os.arch: &apos;amd64&apos;, os.version: &apos;10.0&apos;, java.version: &apos;17.0.1&apos;
Driver info: org.openqa.selenium.chrome.ChromeDriver
Capabilities {acceptInsecureCerts: false, browserName: chrome, browserVersion: 106.0.5249.119, chrome: {chromedriverVersion: 106.0.5249.61 (511755355844..., userDataDir: C:\Users\admin\AppData\Loca...}, goog:chromeOptions: {debuggerAddress: localhost:53316}, javascriptEnabled: true, networkConnectionEnabled: false, pageLoadStrategy: normal, platform: WINDOWS, platformName: WINDOWS, proxy: Proxy(), setWindowRect: true, strictFileInteractability: false, timeouts: {implicit: 0, pageLoad: 300000, script: 30000}, unhandledPromptBehavior: dismiss and notify, webauthn:extension:credBlob: true, webauthn:extension:largeBlob: true, webauthn:virtualAuthenticators: true}
Session ID: ff215575744e01bcc1b0bd39770fa845
*** Element info: {Using=xpath, value=//span[text()=&apos;Admin&apos;]/parent::a}
	at org.openqa.selenium.remote.http.W3CHttpResponseCodec.createException(W3CHttpResponseCodec.java:187)
	at org.openqa.selenium.remote.http.W3CHttpResponseCodec.decode(W3CHttpResponseCodec.java:122)
	at org.openqa.selenium.remote.http.W3CHttpResponseCodec.decode(W3CHttpResponseCodec.java:49)
	at org.openqa.selenium.remote.HttpCommandExecutor.execute(HttpCommandExecutor.java:158)
	at org.openqa.selenium.remote.service.DriverCommandExecutor.execute(DriverCommandExecutor.java:83)
	at org.openqa.selenium.remote.RemoteWebDriver.execute(RemoteWebDriver.java:552)
	at org.openqa.selenium.remote.RemoteWebDriver.findElement(RemoteWebDriver.java:323)
	at org.openqa.selenium.remote.RemoteWebDriver.findElementByXPath(RemoteWebDriver.java:428)
	at org.openqa.selenium.By$ByXPath.findElement(By.java:353)
	at org.openqa.selenium.remote.RemoteWebDriver.findElement(RemoteWebDriver.java:315)
	at org.openqa.selenium.support.ui.ExpectedConditions$7.apply(ExpectedConditions.java:205)
	at org.openqa.selenium.support.ui.ExpectedConditions$7.apply(ExpectedConditions.java:201)
	at org.openqa.selenium.support.ui.ExpectedConditions$22.apply(ExpectedConditions.java:641)
	at org.openqa.selenium.support.ui.ExpectedConditions$22.apply(ExpectedConditions.java:638)
	at org.openqa.selenium.support.ui.FluentWait.until(FluentWait.java:249)
	... 28 more
... Removed 30 stack frames</div></td></tr></table><p class="totop"><a href="#summary">back to summary</a></p>
<h3 id="m5">orangehrm.page.Admin_Page_Access_01#TC_02_Verify_Job_Titles_Page</h3><table class="result"><tr><th>Messages</th></tr><tr><td><div class="messages"><br><a target="_blank" href="file:///G:\course-automation-test-framework\02-source_code\selenium-java-orangehrm\ReportNGScreenShots\TC_02_Verify_Job_Titles_Page_18_10_2022_01_56_46.png"><img src="file:///G:\course-automation-test-framework\02-source_code\selenium-java-orangehrm\ReportNGScreenShots\TC_02_Verify_Job_Titles_Page_18_10_2022_01_56_46.png" height='100' width='150'/> </a></br></div></td></tr><tr><th>Exception</th></tr><tr><td><div class="stacktrace">java.lang.NullPointerException: Cannot invoke &quot;pageObjects.UserPageObject.clickToParentMenuByName(org.openqa.selenium.WebDriver, String)&quot; because &quot;this.userPage&quot; is null
	at orangehrm.page.Admin_Page_Access_01.TC_02_Verify_Job_Titles_Page(Admin_Page_Access_01.java:67)
... Removed 25 stack frames</div></td></tr></table><p class="totop"><a href="#summary">back to summary</a></p>
<h3 id="m6">orangehrm.page.Admin_Page_Access_01#TC_03_Verify_Job_Pay_Grades_Page</h3><table class="result"><tr><th>Messages</th></tr><tr><td><div class="messages"><br><a target="_blank" href="file:///G:\course-automation-test-framework\02-source_code\selenium-java-orangehrm\ReportNGScreenShots\TC_03_Verify_Job_Pay_Grades_Page_18_10_2022_01_56_47.png"><img src="file:///G:\course-automation-test-framework\02-source_code\selenium-java-orangehrm\ReportNGScreenShots\TC_03_Verify_Job_Pay_Grades_Page_18_10_2022_01_56_47.png" height='100' width='150'/> </a></br></div></td></tr><tr><th>Exception</th></tr><tr><td><div class="stacktrace">java.lang.NullPointerException: Cannot invoke &quot;pageObjects.JobTitlesPageObject.clickToParentMenuByName(org.openqa.selenium.WebDriver, String)&quot; because &quot;this.jobTitlesPage&quot; is null
	at orangehrm.page.Admin_Page_Access_01.TC_03_Verify_Job_Pay_Grades_Page(Admin_Page_Access_01.java:78)
... Removed 25 stack frames</div></td></tr></table><p class="totop"><a href="#summary">back to summary</a></p>
<h3 id="m7">orangehrm.page.Admin_Page_Access_01#TC_04_Verify_Job_Employee_Status_Page</h3><table class="result"><tr><th>Messages</th></tr><tr><td><div class="messages"><br><a target="_blank" href="file:///G:\course-automation-test-framework\02-source_code\selenium-java-orangehrm\ReportNGScreenShots\TC_04_Verify_Job_Employee_Status_Page_18_10_2022_01_56_47.png"><img src="file:///G:\course-automation-test-framework\02-source_code\selenium-java-orangehrm\ReportNGScreenShots\TC_04_Verify_Job_Employee_Status_Page_18_10_2022_01_56_47.png" height='100' width='150'/> </a></br></div></td></tr><tr><th>Exception</th></tr><tr><td><div class="stacktrace">java.lang.NullPointerException: Cannot invoke &quot;pageObjects.PayGradesPageObject.clickToParentMenuByName(org.openqa.selenium.WebDriver, String)&quot; because &quot;this.payGradesPage&quot; is null
	at orangehrm.page.Admin_Page_Access_01.TC_04_Verify_Job_Employee_Status_Page(Admin_Page_Access_01.java:89)
... Removed 25 stack frames</div></td></tr></table><p class="totop"><a href="#summary">back to summary</a></p>
<h3 id="m8">orangehrm.page.Admin_Page_Access_01#TC_05_Verify_Job_Job_Categories_Page</h3><table class="result"><tr><th>Messages</th></tr><tr><td><div class="messages"><br><a target="_blank" href="file:///G:\course-automation-test-framework\02-source_code\selenium-java-orangehrm\ReportNGScreenShots\TC_05_Verify_Job_Job_Categories_Page_18_10_2022_01_56_48.png"><img src="file:///G:\course-automation-test-framework\02-source_code\selenium-java-orangehrm\ReportNGScreenShots\TC_05_Verify_Job_Job_Categories_Page_18_10_2022_01_56_48.png" height='100' width='150'/> </a></br></div></td></tr><tr><th>Exception</th></tr><tr><td><div class="stacktrace">java.lang.NullPointerException: Cannot invoke &quot;pageObjects.EmploymentStatusPageObject.clickToParentMenuByName(org.openqa.selenium.WebDriver, String)&quot; because &quot;this.employmentStatusPage&quot; is null
	at orangehrm.page.Admin_Page_Access_01.TC_05_Verify_Job_Job_Categories_Page(Admin_Page_Access_01.java:100)
... Removed 25 stack frames</div></td></tr></table><p class="totop"><a href="#summary">back to summary</a></p>
<h3 id="m9">orangehrm.page.Admin_Page_Access_01#TC_06_Verify_Job_Work_Shifts_Page</h3><table class="result"><tr><th>Messages</th></tr><tr><td><div class="messages"><br><a target="_blank" href="file:///G:\course-automation-test-framework\02-source_code\selenium-java-orangehrm\ReportNGScreenShots\TC_06_Verify_Job_Work_Shifts_Page_18_10_2022_01_56_49.png"><img src="file:///G:\course-automation-test-framework\02-source_code\selenium-java-orangehrm\ReportNGScreenShots\TC_06_Verify_Job_Work_Shifts_Page_18_10_2022_01_56_49.png" height='100' width='150'/> </a></br></div></td></tr><tr><th>Exception</th></tr><tr><td><div class="stacktrace">java.lang.NullPointerException: Cannot invoke &quot;pageObjects.JobCategoriesPageObject.clickToParentMenuByName(org.openqa.selenium.WebDriver, String)&quot; because &quot;this.jobCategoriesPage&quot; is null
	at orangehrm.page.Admin_Page_Access_01.TC_06_Verify_Job_Work_Shifts_Page(Admin_Page_Access_01.java:111)
... Removed 25 stack frames</div></td></tr></table><p class="totop"><a href="#summary">back to summary</a></p>
<h3 id="m10">orangehrm.admin.organization.Location_Operation#afterClass</h3><table class="result"><tr><th class="invisible"/></tr></table><p class="totop"><a href="#summary">back to summary</a></p>
<h3 id="m11">orangehrm.admin.organization.Location_Operation#TC_04_Verify_Search_Existed_Location_By_Name</h3><table class="result"><tr><th>Exception</th></tr><tr><td><div class="stacktrace">org.openqa.selenium.TimeoutException: Expected condition failed: waiting for element to be clickable: By.xpath: //span[text()=&apos;Admin&apos;]/parent::a (tried for 5 second(s) with 500 milliseconds interval)
	at org.openqa.selenium.support.ui.WebDriverWait.timeoutException(WebDriverWait.java:95)
	at org.openqa.selenium.support.ui.FluentWait.until(FluentWait.java:272)
	at commons.AbstractPage.waitToElementClickable(AbstractPage.java:107)
	at commons.AbstractPage.clickToLeftMenuByName(AbstractPage.java:180)
	at orangehrm.admin.organization.Location_Operation.Precondition_Login(Location_Operation.java:48)
Caused by: org.openqa.selenium.NoSuchElementException: no such element: Unable to locate element: {&quot;method&quot;:&quot;xpath&quot;,&quot;selector&quot;:&quot;//span[text()=&apos;Admin&apos;]/parent::a&quot;}
  (Session info: chrome=106.0.5249.119)
For documentation on this error, please visit: https://www.seleniumhq.org/exceptions/no_such_element.html
Build info: version: &apos;3.141.59&apos;, revision: &apos;e82be7d358&apos;, time: &apos;2018-11-14T08:17:03&apos;
System info: host: &apos;DESKTOP-OVC9B5E&apos;, ip: &apos;192.168.1.3&apos;, os.name: &apos;Windows 10&apos;, os.arch: &apos;amd64&apos;, os.version: &apos;10.0&apos;, java.version: &apos;17.0.1&apos;
Driver info: org.openqa.selenium.chrome.ChromeDriver
Capabilities {acceptInsecureCerts: false, browserName: chrome, browserVersion: 106.0.5249.119, chrome: {chromedriverVersion: 106.0.5249.61 (511755355844..., userDataDir: C:\Users\admin\AppData\Loca...}, goog:chromeOptions: {debuggerAddress: localhost:53296}, javascriptEnabled: true, networkConnectionEnabled: false, pageLoadStrategy: normal, platform: WINDOWS, platformName: WINDOWS, proxy: Proxy(), setWindowRect: true, strictFileInteractability: false, timeouts: {implicit: 0, pageLoad: 300000, script: 30000}, unhandledPromptBehavior: dismiss and notify, webauthn:extension:credBlob: true, webauthn:extension:largeBlob: true, webauthn:virtualAuthenticators: true}
Session ID: db1eba3a5067c327115e60a46db535e3
*** Element info: {Using=xpath, value=//span[text()=&apos;Admin&apos;]/parent::a}
	at org.openqa.selenium.remote.http.W3CHttpResponseCodec.createException(W3CHttpResponseCodec.java:187)
	at org.openqa.selenium.remote.http.W3CHttpResponseCodec.decode(W3CHttpResponseCodec.java:122)
	at org.openqa.selenium.remote.http.W3CHttpResponseCodec.decode(W3CHttpResponseCodec.java:49)
	at org.openqa.selenium.remote.HttpCommandExecutor.execute(HttpCommandExecutor.java:158)
	at org.openqa.selenium.remote.service.DriverCommandExecutor.execute(DriverCommandExecutor.java:83)
	at org.openqa.selenium.remote.RemoteWebDriver.execute(RemoteWebDriver.java:552)
	at org.openqa.selenium.remote.RemoteWebDriver.findElement(RemoteWebDriver.java:323)
	at org.openqa.selenium.remote.RemoteWebDriver.findElementByXPath(RemoteWebDriver.java:428)
	at org.openqa.selenium.By$ByXPath.findElement(By.java:353)
	at org.openqa.selenium.remote.RemoteWebDriver.findElement(RemoteWebDriver.java:315)
	at org.openqa.selenium.support.ui.ExpectedConditions$7.apply(ExpectedConditions.java:205)
	at org.openqa.selenium.support.ui.ExpectedConditions$7.apply(ExpectedConditions.java:201)
	at org.openqa.selenium.support.ui.ExpectedConditions$22.apply(ExpectedConditions.java:641)
	at org.openqa.selenium.support.ui.ExpectedConditions$22.apply(ExpectedConditions.java:638)
	at org.openqa.selenium.support.ui.FluentWait.until(FluentWait.java:249)
	... 29 more
... Removed 31 stack frames</div></td></tr></table><p class="totop"><a href="#summary">back to summary</a></p>
<h3 id="m12">orangehrm.admin.job.JobTitle_Operation#TC_01_Verify_Add_Job_Title</h3><table class="result"><tr><th class="invisible"/></tr></table><p class="totop"><a href="#summary">back to summary</a></p>
<h3 id="m13">orangehrm.admin.job.JobTitle_Operation#TC_02_Verify_Edit_Job_Title</h3><table class="result"><tr><th class="invisible"/></tr></table><p class="totop"><a href="#summary">back to summary</a></p>
<h3 id="m14">orangehrm.admin.job.JobTitle_Operation#TC_03_Verify_Edit_Job_Specification_File</h3><table class="result"><tr><th class="invisible"/></tr></table><p class="totop"><a href="#summary">back to summary</a></p>
<h3 id="m15">orangehrm.admin.job.JobTitle_Operation#TC_04_Verify_Delete_Job_Specification_File</h3><table class="result"><tr><th class="invisible"/></tr></table><p class="totop"><a href="#summary">back to summary</a></p>
<h3 id="m16">orangehrm.admin.job.JobTitle_Operation#TC_05_Job_Title_Cannot_Be_Duplicated</h3><table class="result"><tr><th class="invisible"/></tr></table><p class="totop"><a href="#summary">back to summary</a></p>
<h3 id="m17">orangehrm.admin.job.JobTitle_Operation#TC_06_Verify_Delete_Operation</h3><table class="result"><tr><th class="invisible"/></tr></table><p class="totop"><a href="#summary">back to summary</a></p>
<h3 id="m18">orangehrm.admin.job.JobTitle_Validation#TC_01_Job_Title_Cannot_Be_Blank</h3><table class="result"><tr><th class="invisible"/></tr></table><p class="totop"><a href="#summary">back to summary</a></p>
<h3 id="m19">orangehrm.admin.job.JobTitle_Validation#TC_02_Job_Title_Cannot_More_Than_100_Characters</h3><table class="result"><tr><th class="invisible"/></tr></table><p class="totop"><a href="#summary">back to summary</a></p>
<h3 id="m20">orangehrm.admin.job.JobTitle_Validation#TC_03_File_Size_Cannot_More_Than_1MB</h3><table class="result"><tr><th class="invisible"/></tr></table><p class="totop"><a href="#summary">back to summary</a></p>
<h3 id="m21">orangehrm.admin.job.JobTitle_Validation#TC_04_File_Extension_Wrong_Format</h3><table class="result"><tr><th class="invisible"/></tr></table><p class="totop"><a href="#summary">back to summary</a></p>
<h3 id="m22">orangehrm.admin.job.PayGrades_Operation#TC_01_Verify_Add_Pay_Grade</h3><table class="result"><tr><th class="invisible"/></tr></table><p class="totop"><a href="#summary">back to summary</a></p>
<h3 id="m23">orangehrm.admin.job.PayGrades_Operation#TC_05_Verify_Edit_Pay_Grades</h3><table class="result"><tr><th class="invisible"/></tr></table><p class="totop"><a href="#summary">back to summary</a></p>
<h3 id="m24">orangehrm.admin.job.PayGrades_Operation#TC_06_Verify_Delete_Pay_Grade</h3><table class="result"><tr><th class="invisible"/></tr></table><p class="totop"><a href="#summary">back to summary</a></p>
<h3 id="m25">orangehrm.admin.job.WorkShift_Operation#TC_01_Verify_Add_Work_Shift</h3><table class="result"><tr><th class="invisible"/></tr></table><p class="totop"><a href="#summary">back to summary</a></p>
<h3 id="m26">orangehrm.pim.Employee_Add#TC_01_Verify_Add_Employee</h3><table class="result"><tr><th>Messages</th></tr><tr><td><div class="messages">[INFO ] [2022-10-18 01:57:02,280] TC01 - Step 01: Click Add Employee
<br><br/>[INFO ] [2022-10-18 01:57:07,814] TC01 - Step 02: Input valid info of employee 
<br><br/>[INFO ] [2022-10-18 01:57:09,311] TC01 - Step 03: Click Save button
<br><br/>[INFO ] [2022-10-18 01:57:14,615] TC01 - Step 04: Verify success message is displayed
<br><br/>[INFO ] [2022-10-18 01:57:19,555] TC01 - Step 05: Verify that employee information screen is displayed with correct info
<br></div></td></tr></table><p class="totop"><a href="#summary">back to summary</a></p>
<h3 id="m27">orangehrm.pim.Employee_Add#TC_02_Verify_Edit_Personal_Details</h3><table class="result"><tr><th>Messages</th></tr><tr><td><div class="messages">[INFO ] [2022-10-18 01:57:22,822] TC02 - Step 01: Set NickName
<br><br/>[INFO ] [2022-10-18 01:57:23,402] TC02 - Step 02: Set Other ID
<br><br/>[INFO ] [2022-10-18 01:57:23,939] TC02 - Step 03: Set Driver's License Number
<br><br/>[INFO ] [2022-10-18 01:57:24,545] TC02 - Step 04: Set License Expiry Date
<br><br/>[INFO ] [2022-10-18 01:57:24,987] TC02 - Step 05: Set SSN Number
<br><br/>[INFO ] [2022-10-18 01:57:25,646] TC02 - Step 06: Set SIN Number
<br><br/>[INFO ] [2022-10-18 01:57:26,148] TC02 - Step 07: Set Nationality
<br><br/>[INFO ] [2022-10-18 01:57:27,758] TC02 - Step 08: Set Marital Status
<br><br/>[INFO ] [2022-10-18 01:57:29,243] TC02 - Step 09: Set Date of Birth
<br><br/>[INFO ] [2022-10-18 01:57:29,650] TC02 - Step 10: Set Gender
<br><br/>[INFO ] [2022-10-18 01:57:29,957] TC02 - Step 11: Set Military Service
<br><br/>[INFO ] [2022-10-18 01:57:30,395] TC02 - Step 12: Set Smoker
<br><br/>[INFO ] [2022-10-18 01:57:30,576] TC02 - Step 13: Click Save
<br><br/>[INFO ] [2022-10-18 01:57:30,849] TC02 - Step 14: Verify message success displayed
<br><br/>[INFO ] [2022-10-18 01:57:31,799] TC02 - Step 15: Set Blood Type
<br><br/>[INFO ] [2022-10-18 01:57:32,398] TC02 - Step 16: Click Save
<br><br/>[INFO ] [2022-10-18 01:57:35,671] TC02 - Step 17: Verify message success displayed
<br></div></td></tr></table><p class="totop"><a href="#summary">back to summary</a></p>
</body>
</html>
