<?xml version="1.0" encoding="UTF-8"?>
<testng-results ignored="6" total="32" passed="16" failed="9" skipped="1">
  <reporter-output>
    <line>
      <![CDATA[<br><a target="_blank" href="file:///G:\course-automation-test-framework\02-source_code\selenium-java-orangehrm\ReportNGScreenShots\TC_02_Verify_Add_Currency_18_10_2022_01_54_49.png"><img src="file:///G:\course-automation-test-framework\02-source_code\selenium-java-orangehrm\ReportNGScreenShots\TC_02_Verify_Add_Currency_18_10_2022_01_54_49.png" height='100' width='150'/> </a></br>]]>
    </line>
    <line>
      <![CDATA[<br><a target="_blank" href="file:///G:\course-automation-test-framework\02-source_code\selenium-java-orangehrm\ReportNGScreenShots\TC_03_Verify_Edit_Currency_18_10_2022_01_54_50.png"><img src="file:///G:\course-automation-test-framework\02-source_code\selenium-java-orangehrm\ReportNGScreenShots\TC_03_Verify_Edit_Currency_18_10_2022_01_54_50.png" height='100' width='150'/> </a></br>]]>
    </line>
    <line>
      <![CDATA[<br><a target="_blank" href="file:///G:\course-automation-test-framework\02-source_code\selenium-java-orangehrm\ReportNGScreenShots\TC_04_Verify_Delete_Currency_18_10_2022_01_54_51.png"><img src="file:///G:\course-automation-test-framework\02-source_code\selenium-java-orangehrm\ReportNGScreenShots\TC_04_Verify_Delete_Currency_18_10_2022_01_54_51.png" height='100' width='150'/> </a></br>]]>
    </line>
    <line>
      <![CDATA[<br><a target="_blank" href="file:///G:\course-automation-test-framework\02-source_code\selenium-java-orangehrm\ReportNGScreenShots\TC_01_Verify_Access_User_Page_18_10_2022_01_56_45.png"><img src="file:///G:\course-automation-test-framework\02-source_code\selenium-java-orangehrm\ReportNGScreenShots\TC_01_Verify_Access_User_Page_18_10_2022_01_56_45.png" height='100' width='150'/> </a></br>]]>
    </line>
    <line>
      <![CDATA[<br><a target="_blank" href="file:///G:\course-automation-test-framework\02-source_code\selenium-java-orangehrm\ReportNGScreenShots\TC_02_Verify_Job_Titles_Page_18_10_2022_01_56_46.png"><img src="file:///G:\course-automation-test-framework\02-source_code\selenium-java-orangehrm\ReportNGScreenShots\TC_02_Verify_Job_Titles_Page_18_10_2022_01_56_46.png" height='100' width='150'/> </a></br>]]>
    </line>
    <line>
      <![CDATA[<br><a target="_blank" href="file:///G:\course-automation-test-framework\02-source_code\selenium-java-orangehrm\ReportNGScreenShots\TC_03_Verify_Job_Pay_Grades_Page_18_10_2022_01_56_47.png"><img src="file:///G:\course-automation-test-framework\02-source_code\selenium-java-orangehrm\ReportNGScreenShots\TC_03_Verify_Job_Pay_Grades_Page_18_10_2022_01_56_47.png" height='100' width='150'/> </a></br>]]>
    </line>
    <line>
      <![CDATA[<br><a target="_blank" href="file:///G:\course-automation-test-framework\02-source_code\selenium-java-orangehrm\ReportNGScreenShots\TC_04_Verify_Job_Employee_Status_Page_18_10_2022_01_56_47.png"><img src="file:///G:\course-automation-test-framework\02-source_code\selenium-java-orangehrm\ReportNGScreenShots\TC_04_Verify_Job_Employee_Status_Page_18_10_2022_01_56_47.png" height='100' width='150'/> </a></br>]]>
    </line>
    <line>
      <![CDATA[<br><a target="_blank" href="file:///G:\course-automation-test-framework\02-source_code\selenium-java-orangehrm\ReportNGScreenShots\TC_05_Verify_Job_Job_Categories_Page_18_10_2022_01_56_48.png"><img src="file:///G:\course-automation-test-framework\02-source_code\selenium-java-orangehrm\ReportNGScreenShots\TC_05_Verify_Job_Job_Categories_Page_18_10_2022_01_56_48.png" height='100' width='150'/> </a></br>]]>
    </line>
    <line>
      <![CDATA[<br><a target="_blank" href="file:///G:\course-automation-test-framework\02-source_code\selenium-java-orangehrm\ReportNGScreenShots\TC_06_Verify_Job_Work_Shifts_Page_18_10_2022_01_56_49.png"><img src="file:///G:\course-automation-test-framework\02-source_code\selenium-java-orangehrm\ReportNGScreenShots\TC_06_Verify_Job_Work_Shifts_Page_18_10_2022_01_56_49.png" height='100' width='150'/> </a></br>]]>
    </line>
    <line>
      <![CDATA[[INFO ] [2022-10-18 01:56:50,830] Pre-condition - Step 01: Open orangehrm site
<br>]]>
    </line>
    <line>
      <![CDATA[[INFO ] [2022-10-18 01:56:59,553] Pre-condition - Step 02: Input correct Username
<br>]]>
    </line>
    <line>
      <![CDATA[[INFO ] [2022-10-18 01:57:01,191] Pre-condition - Step 03: Input correct Password
<br>]]>
    </line>
    <line>
      <![CDATA[[INFO ] [2022-10-18 01:57:01,705] Pre-condition - Step 03: Click Login button
<br>]]>
    </line>
    <line>
      <![CDATA[[INFO ] [2022-10-18 01:57:02,280] TC01 - Step 01: Click Add Employee
<br>]]>
    </line>
    <line>
      <![CDATA[[INFO ] [2022-10-18 01:57:07,814] TC01 - Step 02: Input valid info of employee 
<br>]]>
    </line>
    <line>
      <![CDATA[[INFO ] [2022-10-18 01:57:09,311] TC01 - Step 03: Click Save button
<br>]]>
    </line>
    <line>
      <![CDATA[[INFO ] [2022-10-18 01:57:14,615] TC01 - Step 04: Verify success message is displayed
<br>]]>
    </line>
    <line>
      <![CDATA[[INFO ] [2022-10-18 01:57:19,555] TC01 - Step 05: Verify that employee information screen is displayed with correct info
<br>]]>
    </line>
    <line>
      <![CDATA[[INFO ] [2022-10-18 01:57:22,822] TC02 - Step 01: Set NickName
<br>]]>
    </line>
    <line>
      <![CDATA[[INFO ] [2022-10-18 01:57:23,402] TC02 - Step 02: Set Other ID
<br>]]>
    </line>
    <line>
      <![CDATA[[INFO ] [2022-10-18 01:57:23,939] TC02 - Step 03: Set Driver's License Number
<br>]]>
    </line>
    <line>
      <![CDATA[[INFO ] [2022-10-18 01:57:24,545] TC02 - Step 04: Set License Expiry Date
<br>]]>
    </line>
    <line>
      <![CDATA[[INFO ] [2022-10-18 01:57:24,987] TC02 - Step 05: Set SSN Number
<br>]]>
    </line>
    <line>
      <![CDATA[[INFO ] [2022-10-18 01:57:25,646] TC02 - Step 06: Set SIN Number
<br>]]>
    </line>
    <line>
      <![CDATA[[INFO ] [2022-10-18 01:57:26,148] TC02 - Step 07: Set Nationality
<br>]]>
    </line>
    <line>
      <![CDATA[[INFO ] [2022-10-18 01:57:27,758] TC02 - Step 08: Set Marital Status
<br>]]>
    </line>
    <line>
      <![CDATA[[INFO ] [2022-10-18 01:57:29,243] TC02 - Step 09: Set Date of Birth
<br>]]>
    </line>
    <line>
      <![CDATA[[INFO ] [2022-10-18 01:57:29,650] TC02 - Step 10: Set Gender
<br>]]>
    </line>
    <line>
      <![CDATA[[INFO ] [2022-10-18 01:57:29,957] TC02 - Step 11: Set Military Service
<br>]]>
    </line>
    <line>
      <![CDATA[[INFO ] [2022-10-18 01:57:30,395] TC02 - Step 12: Set Smoker
<br>]]>
    </line>
    <line>
      <![CDATA[[INFO ] [2022-10-18 01:57:30,576] TC02 - Step 13: Click Save
<br>]]>
    </line>
    <line>
      <![CDATA[[INFO ] [2022-10-18 01:57:30,849] TC02 - Step 14: Verify message success displayed
<br>]]>
    </line>
    <line>
      <![CDATA[[INFO ] [2022-10-18 01:57:31,799] TC02 - Step 15: Set Blood Type
<br>]]>
    </line>
    <line>
      <![CDATA[[INFO ] [2022-10-18 01:57:32,398] TC02 - Step 16: Click Save
<br>]]>
    </line>
    <line>
      <![CDATA[[INFO ] [2022-10-18 01:57:35,671] TC02 - Step 17: Verify message success displayed
<br>]]>
    </line>
  </reporter-output>
  <suite started-at="2022-10-17T18:51:23Z" name="Suite" finished-at="2022-10-17T18:57:36Z" duration-ms="372987">
    <groups>
    </groups>
    <test started-at="2022-10-17T18:51:23Z" name="Run on Chrome" finished-at="2022-10-17T18:57:36Z" duration-ms="372987">
      <class name="orangehrm.admin.job.JobTitle_Validation">
        <test-method is-config="true" signature="Precondition_Login(java.lang.String)[pri:0, instance:orangehrm.admin.job.JobTitle_Validation@5527b211]" started-at="2022-10-17T18:53:04Z" name="Precondition_Login" finished-at="2022-10-17T18:53:30Z" duration-ms="25271" status="PASS">
          <params>
            <param index="0">
              <value>
                <![CDATA[chrome]]>
              </value>
            </param>
          </params>
          <reporter-output>
          </reporter-output>
        </test-method> <!-- Precondition_Login -->
        <test-method signature="TC_01_Job_Title_Cannot_Be_Blank()[pri:0, instance:orangehrm.admin.job.JobTitle_Validation@5527b211]" started-at="2022-10-17T18:53:30Z" name="TC_01_Job_Title_Cannot_Be_Blank" finished-at="2022-10-17T18:53:33Z" duration-ms="2876" status="PASS">
          <reporter-output>
          </reporter-output>
        </test-method> <!-- TC_01_Job_Title_Cannot_Be_Blank -->
        <test-method signature="TC_02_Job_Title_Cannot_More_Than_100_Characters()[pri:0, instance:orangehrm.admin.job.JobTitle_Validation@5527b211]" started-at="2022-10-17T18:53:33Z" name="TC_02_Job_Title_Cannot_More_Than_100_Characters" finished-at="2022-10-17T18:53:39Z" duration-ms="6549" status="PASS">
          <reporter-output>
          </reporter-output>
        </test-method> <!-- TC_02_Job_Title_Cannot_More_Than_100_Characters -->
        <test-method signature="TC_03_File_Size_Cannot_More_Than_1MB()[pri:0, instance:orangehrm.admin.job.JobTitle_Validation@5527b211]" started-at="2022-10-17T18:53:39Z" name="TC_03_File_Size_Cannot_More_Than_1MB" finished-at="2022-10-17T18:53:49Z" duration-ms="9514" status="PASS">
          <reporter-output>
          </reporter-output>
        </test-method> <!-- TC_03_File_Size_Cannot_More_Than_1MB -->
        <test-method signature="TC_04_File_Extension_Wrong_Format()[pri:0, instance:orangehrm.admin.job.JobTitle_Validation@5527b211]" started-at="2022-10-17T18:53:49Z" name="TC_04_File_Extension_Wrong_Format" finished-at="2022-10-17T18:53:58Z" duration-ms="9473" status="PASS">
          <reporter-output>
          </reporter-output>
        </test-method> <!-- TC_04_File_Extension_Wrong_Format -->
        <test-method is-config="true" signature="afterClass()[pri:0, instance:orangehrm.admin.job.JobTitle_Validation@5527b211]" started-at="2022-10-17T18:53:58Z" name="afterClass" finished-at="2022-10-17T18:53:59Z" duration-ms="965" status="PASS">
          <reporter-output>
          </reporter-output>
        </test-method> <!-- afterClass -->
      </class> <!-- orangehrm.admin.job.JobTitle_Validation -->
      <class name="orangehrm.pim.Employee_Add">
        <test-method is-config="true" signature="Precondition_Login(java.lang.String)[pri:0, instance:orangehrm.pim.Employee_Add@1729ec00]" started-at="2022-10-17T18:56:50Z" name="Precondition_Login" finished-at="2022-10-17T18:57:02Z" duration-ms="11338" status="PASS">
          <params>
            <param index="0">
              <value>
                <![CDATA[chrome]]>
              </value>
            </param>
          </params>
          <reporter-output>
            <line>
              <![CDATA[[INFO ] [2022-10-18 01:56:50,830] Pre-condition - Step 01: Open orangehrm site
<br>]]>
            </line>
            <line>
              <![CDATA[[INFO ] [2022-10-18 01:56:59,553] Pre-condition - Step 02: Input correct Username
<br>]]>
            </line>
            <line>
              <![CDATA[[INFO ] [2022-10-18 01:57:01,191] Pre-condition - Step 03: Input correct Password
<br>]]>
            </line>
            <line>
              <![CDATA[[INFO ] [2022-10-18 01:57:01,705] Pre-condition - Step 03: Click Login button
<br>]]>
            </line>
          </reporter-output>
        </test-method> <!-- Precondition_Login -->
        <test-method signature="TC_01_Verify_Add_Employee()[pri:0, instance:orangehrm.pim.Employee_Add@1729ec00]" started-at="2022-10-17T18:57:02Z" name="TC_01_Verify_Add_Employee" finished-at="2022-10-17T18:57:22Z" duration-ms="20643" status="PASS">
          <reporter-output>
            <line>
              <![CDATA[[INFO ] [2022-10-18 01:57:02,280] TC01 - Step 01: Click Add Employee
<br>]]>
            </line>
            <line>
              <![CDATA[[INFO ] [2022-10-18 01:57:07,814] TC01 - Step 02: Input valid info of employee 
<br>]]>
            </line>
            <line>
              <![CDATA[[INFO ] [2022-10-18 01:57:09,311] TC01 - Step 03: Click Save button
<br>]]>
            </line>
            <line>
              <![CDATA[[INFO ] [2022-10-18 01:57:14,615] TC01 - Step 04: Verify success message is displayed
<br>]]>
            </line>
            <line>
              <![CDATA[[INFO ] [2022-10-18 01:57:19,555] TC01 - Step 05: Verify that employee information screen is displayed with correct info
<br>]]>
            </line>
          </reporter-output>
        </test-method> <!-- TC_01_Verify_Add_Employee -->
        <test-method signature="TC_02_Verify_Edit_Personal_Details()[pri:0, instance:orangehrm.pim.Employee_Add@1729ec00]" started-at="2022-10-17T18:57:22Z" name="TC_02_Verify_Edit_Personal_Details" finished-at="2022-10-17T18:57:36Z" duration-ms="13481" status="PASS">
          <reporter-output>
            <line>
              <![CDATA[[INFO ] [2022-10-18 01:57:22,822] TC02 - Step 01: Set NickName
<br>]]>
            </line>
            <line>
              <![CDATA[[INFO ] [2022-10-18 01:57:23,402] TC02 - Step 02: Set Other ID
<br>]]>
            </line>
            <line>
              <![CDATA[[INFO ] [2022-10-18 01:57:23,939] TC02 - Step 03: Set Driver's License Number
<br>]]>
            </line>
            <line>
              <![CDATA[[INFO ] [2022-10-18 01:57:24,545] TC02 - Step 04: Set License Expiry Date
<br>]]>
            </line>
            <line>
              <![CDATA[[INFO ] [2022-10-18 01:57:24,987] TC02 - Step 05: Set SSN Number
<br>]]>
            </line>
            <line>
              <![CDATA[[INFO ] [2022-10-18 01:57:25,646] TC02 - Step 06: Set SIN Number
<br>]]>
            </line>
            <line>
              <![CDATA[[INFO ] [2022-10-18 01:57:26,148] TC02 - Step 07: Set Nationality
<br>]]>
            </line>
            <line>
              <![CDATA[[INFO ] [2022-10-18 01:57:27,758] TC02 - Step 08: Set Marital Status
<br>]]>
            </line>
            <line>
              <![CDATA[[INFO ] [2022-10-18 01:57:29,243] TC02 - Step 09: Set Date of Birth
<br>]]>
            </line>
            <line>
              <![CDATA[[INFO ] [2022-10-18 01:57:29,650] TC02 - Step 10: Set Gender
<br>]]>
            </line>
            <line>
              <![CDATA[[INFO ] [2022-10-18 01:57:29,957] TC02 - Step 11: Set Military Service
<br>]]>
            </line>
            <line>
              <![CDATA[[INFO ] [2022-10-18 01:57:30,395] TC02 - Step 12: Set Smoker
<br>]]>
            </line>
            <line>
              <![CDATA[[INFO ] [2022-10-18 01:57:30,576] TC02 - Step 13: Click Save
<br>]]>
            </line>
            <line>
              <![CDATA[[INFO ] [2022-10-18 01:57:30,849] TC02 - Step 14: Verify message success displayed
<br>]]>
            </line>
            <line>
              <![CDATA[[INFO ] [2022-10-18 01:57:31,799] TC02 - Step 15: Set Blood Type
<br>]]>
            </line>
            <line>
              <![CDATA[[INFO ] [2022-10-18 01:57:32,398] TC02 - Step 16: Click Save
<br>]]>
            </line>
            <line>
              <![CDATA[[INFO ] [2022-10-18 01:57:35,671] TC02 - Step 17: Verify message success displayed
<br>]]>
            </line>
          </reporter-output>
        </test-method> <!-- TC_02_Verify_Edit_Personal_Details -->
        <test-method is-config="true" signature="afterClass()[pri:0, instance:orangehrm.pim.Employee_Add@1729ec00]" started-at="2022-10-17T18:57:36Z" name="afterClass" finished-at="2022-10-17T18:57:36Z" duration-ms="582" status="PASS">
          <reporter-output>
          </reporter-output>
        </test-method> <!-- afterClass -->
      </class> <!-- orangehrm.pim.Employee_Add -->
      <class name="orangehrm.admin.job.WorkShift_Operation">
        <test-method is-config="true" signature="Precondition_Login(java.lang.String)[pri:0, instance:orangehrm.admin.job.WorkShift_Operation@78010562]" started-at="2022-10-17T18:55:14Z" name="Precondition_Login" finished-at="2022-10-17T18:55:32Z" duration-ms="18092" status="PASS">
          <params>
            <param index="0">
              <value>
                <![CDATA[chrome]]>
              </value>
            </param>
          </params>
          <reporter-output>
          </reporter-output>
        </test-method> <!-- Precondition_Login -->
        <test-method signature="TC_01_Verify_Add_Work_Shift()[pri:0, instance:orangehrm.admin.job.WorkShift_Operation@78010562]" started-at="2022-10-17T18:55:32Z" name="TC_01_Verify_Add_Work_Shift" finished-at="2022-10-17T18:55:43Z" duration-ms="11147" status="PASS">
          <reporter-output>
          </reporter-output>
        </test-method> <!-- TC_01_Verify_Add_Work_Shift -->
        <test-method is-config="true" signature="afterClass()[pri:0, instance:orangehrm.admin.job.WorkShift_Operation@78010562]" started-at="2022-10-17T18:55:43Z" name="afterClass" finished-at="2022-10-17T18:55:43Z" duration-ms="460" status="PASS">
          <reporter-output>
          </reporter-output>
        </test-method> <!-- afterClass -->
      </class> <!-- orangehrm.admin.job.WorkShift_Operation -->
      <class name="orangehrm.admin.job.JobTitle_Operation">
        <test-method is-config="true" signature="deleteAllFilesInReportNGScreenshot()[pri:0, instance:orangehrm.admin.job.JobTitle_Operation@468dda3e]" started-at="2022-10-17T18:51:23Z" name="deleteAllFilesInReportNGScreenshot" finished-at="2022-10-17T18:51:23Z" duration-ms="118" status="PASS">
          <reporter-output>
          </reporter-output>
        </test-method> <!-- deleteAllFilesInReportNGScreenshot -->
        <test-method is-config="true" signature="Precondition_Login(java.lang.String)[pri:0, instance:orangehrm.admin.job.JobTitle_Operation@468dda3e]" started-at="2022-10-17T18:51:24Z" name="Precondition_Login" finished-at="2022-10-17T18:51:48Z" duration-ms="24352" status="PASS">
          <params>
            <param index="0">
              <value>
                <![CDATA[chrome]]>
              </value>
            </param>
          </params>
          <reporter-output>
          </reporter-output>
        </test-method> <!-- Precondition_Login -->
        <test-method signature="TC_01_Verify_Add_Job_Title()[pri:0, instance:orangehrm.admin.job.JobTitle_Operation@468dda3e]" started-at="2022-10-17T18:51:48Z" name="TC_01_Verify_Add_Job_Title" finished-at="2022-10-17T18:52:04Z" duration-ms="15789" status="PASS">
          <reporter-output>
          </reporter-output>
        </test-method> <!-- TC_01_Verify_Add_Job_Title -->
        <test-method signature="TC_02_Verify_Edit_Job_Title()[pri:0, instance:orangehrm.admin.job.JobTitle_Operation@468dda3e]" started-at="2022-10-17T18:52:04Z" name="TC_02_Verify_Edit_Job_Title" finished-at="2022-10-17T18:52:15Z" duration-ms="11358" status="PASS">
          <reporter-output>
          </reporter-output>
        </test-method> <!-- TC_02_Verify_Edit_Job_Title -->
        <test-method signature="TC_03_Verify_Edit_Job_Specification_File()[pri:0, instance:orangehrm.admin.job.JobTitle_Operation@468dda3e]" started-at="2022-10-17T18:52:15Z" name="TC_03_Verify_Edit_Job_Specification_File" finished-at="2022-10-17T18:52:30Z" duration-ms="14712" status="PASS">
          <reporter-output>
          </reporter-output>
        </test-method> <!-- TC_03_Verify_Edit_Job_Specification_File -->
        <test-method signature="TC_04_Verify_Delete_Job_Specification_File()[pri:0, instance:orangehrm.admin.job.JobTitle_Operation@468dda3e]" started-at="2022-10-17T18:52:30Z" name="TC_04_Verify_Delete_Job_Specification_File" finished-at="2022-10-17T18:52:47Z" duration-ms="16324" status="PASS">
          <reporter-output>
          </reporter-output>
        </test-method> <!-- TC_04_Verify_Delete_Job_Specification_File -->
        <test-method signature="TC_05_Job_Title_Cannot_Be_Duplicated()[pri:0, instance:orangehrm.admin.job.JobTitle_Operation@468dda3e]" started-at="2022-10-17T18:52:47Z" name="TC_05_Job_Title_Cannot_Be_Duplicated" finished-at="2022-10-17T18:52:53Z" duration-ms="6533" status="PASS">
          <reporter-output>
          </reporter-output>
        </test-method> <!-- TC_05_Job_Title_Cannot_Be_Duplicated -->
        <test-method signature="TC_06_Verify_Delete_Operation()[pri:0, instance:orangehrm.admin.job.JobTitle_Operation@468dda3e]" started-at="2022-10-17T18:52:53Z" name="TC_06_Verify_Delete_Operation" finished-at="2022-10-17T18:53:04Z" duration-ms="10674" status="PASS">
          <reporter-output>
          </reporter-output>
        </test-method> <!-- TC_06_Verify_Delete_Operation -->
        <test-method is-config="true" signature="afterClass()[pri:0, instance:orangehrm.admin.job.JobTitle_Operation@468dda3e]" started-at="2022-10-17T18:53:04Z" name="afterClass" finished-at="2022-10-17T18:53:04Z" duration-ms="536" status="PASS">
          <reporter-output>
          </reporter-output>
        </test-method> <!-- afterClass -->
      </class> <!-- orangehrm.admin.job.JobTitle_Operation -->
      <class name="orangehrm.admin.organization.Location_Operation">
        <test-method is-config="true" signature="Precondition_Login(java.lang.String)[pri:0, instance:orangehrm.admin.organization.Location_Operation@50756c76]" started-at="2022-10-17T18:55:43Z" name="Precondition_Login" finished-at="2022-10-17T18:56:07Z" duration-ms="24137" status="FAIL">
          <params>
            <param index="0">
              <value>
                <![CDATA[chrome]]>
              </value>
            </param>
          </params>
          <exception class="org.openqa.selenium.TimeoutException">
            <message>
              <![CDATA[Expected condition failed: waiting for element to be clickable: By.xpath: //span[text()='Admin']/parent::a (tried for 5 second(s) with 500 milliseconds interval)]]>
            </message>
            <full-stacktrace>
              <![CDATA[org.openqa.selenium.TimeoutException: Expected condition failed: waiting for element to be clickable: By.xpath: //span[text()='Admin']/parent::a (tried for 5 second(s) with 500 milliseconds interval)
at org.openqa.selenium.support.ui.WebDriverWait.timeoutException(WebDriverWait.java:95)
at org.openqa.selenium.support.ui.FluentWait.until(FluentWait.java:272)
at commons.AbstractPage.waitToElementClickable(AbstractPage.java:107)
at commons.AbstractPage.clickToLeftMenuByName(AbstractPage.java:180)
at orangehrm.admin.organization.Location_Operation.Precondition_Login(Location_Operation.java:48)
at java.base/jdk.internal.reflect.NativeMethodAccessorImpl.invoke0(Native Method)
at java.base/jdk.internal.reflect.NativeMethodAccessorImpl.invoke(NativeMethodAccessorImpl.java:77)
at java.base/jdk.internal.reflect.DelegatingMethodAccessorImpl.invoke(DelegatingMethodAccessorImpl.java:43)
at java.base/java.lang.reflect.Method.invoke(Method.java:568)
at org.testng.internal.MethodInvocationHelper.invokeMethod(MethodInvocationHelper.java:124)
at org.testng.internal.MethodInvocationHelper.invokeMethodConsideringTimeout(MethodInvocationHelper.java:59)
at org.testng.internal.Invoker.invokeConfigurationMethod(Invoker.java:458)
at org.testng.internal.Invoker.invokeConfigurations(Invoker.java:222)
at org.testng.internal.Invoker.invokeConfigurations(Invoker.java:142)
at org.testng.internal.TestMethodWorker.invokeBeforeClassMethods(TestMethodWorker.java:168)
at org.testng.internal.TestMethodWorker.run(TestMethodWorker.java:105)
at org.testng.TestRunner.privateRun(TestRunner.java:648)
at org.testng.TestRunner.run(TestRunner.java:505)
at org.testng.SuiteRunner.runTest(SuiteRunner.java:455)
at org.testng.SuiteRunner.runSequentially(SuiteRunner.java:450)
at org.testng.SuiteRunner.privateRun(SuiteRunner.java:415)
at org.testng.SuiteRunner.run(SuiteRunner.java:364)
at org.testng.SuiteRunnerWorker.runSuite(SuiteRunnerWorker.java:52)
at org.testng.SuiteRunnerWorker.run(SuiteRunnerWorker.java:84)
at org.testng.TestNG.runSuitesSequentially(TestNG.java:1208)
at org.testng.TestNG.runSuitesLocally(TestNG.java:1137)
at org.testng.TestNG.runSuites(TestNG.java:1049)
at org.testng.TestNG.run(TestNG.java:1017)
at org.testng.remote.AbstractRemoteTestNG.run(AbstractRemoteTestNG.java:115)
at org.testng.remote.RemoteTestNG.initAndRun(RemoteTestNG.java:251)
at org.testng.remote.RemoteTestNG.main(RemoteTestNG.java:77)
Caused by: org.openqa.selenium.NoSuchElementException: no such element: Unable to locate element: {"method":"xpath","selector":"//span[text()='Admin']/parent::a"}
  (Session info: chrome=106.0.5249.119)
For documentation on this error, please visit: https://www.seleniumhq.org/exceptions/no_such_element.html
Build info: version: '3.141.59', revision: 'e82be7d358', time: '2018-11-14T08:17:03'
System info: host: 'DESKTOP-OVC9B5E', ip: '192.168.1.3', os.name: 'Windows 10', os.arch: 'amd64', os.version: '10.0', java.version: '17.0.1'
Driver info: org.openqa.selenium.chrome.ChromeDriver
Capabilities {acceptInsecureCerts: false, browserName: chrome, browserVersion: 106.0.5249.119, chrome: {chromedriverVersion: 106.0.5249.61 (511755355844..., userDataDir: C:\Users\admin\AppData\Loca...}, goog:chromeOptions: {debuggerAddress: localhost:53296}, javascriptEnabled: true, networkConnectionEnabled: false, pageLoadStrategy: normal, platform: WINDOWS, platformName: WINDOWS, proxy: Proxy(), setWindowRect: true, strictFileInteractability: false, timeouts: {implicit: 0, pageLoad: 300000, script: 30000}, unhandledPromptBehavior: dismiss and notify, webauthn:extension:credBlob: true, webauthn:extension:largeBlob: true, webauthn:virtualAuthenticators: true}
Session ID: db1eba3a5067c327115e60a46db535e3
*** Element info: {Using=xpath, value=//span[text()='Admin']/parent::a}
at java.base/jdk.internal.reflect.NativeConstructorAccessorImpl.newInstance0(Native Method)
at java.base/jdk.internal.reflect.NativeConstructorAccessorImpl.newInstance(NativeConstructorAccessorImpl.java:77)
at java.base/jdk.internal.reflect.DelegatingConstructorAccessorImpl.newInstance(DelegatingConstructorAccessorImpl.java:45)
at java.base/java.lang.reflect.Constructor.newInstanceWithCaller(Constructor.java:499)
at java.base/java.lang.reflect.Constructor.newInstance(Constructor.java:480)
at org.openqa.selenium.remote.http.W3CHttpResponseCodec.createException(W3CHttpResponseCodec.java:187)
at org.openqa.selenium.remote.http.W3CHttpResponseCodec.decode(W3CHttpResponseCodec.java:122)
at org.openqa.selenium.remote.http.W3CHttpResponseCodec.decode(W3CHttpResponseCodec.java:49)
at org.openqa.selenium.remote.HttpCommandExecutor.execute(HttpCommandExecutor.java:158)
at org.openqa.selenium.remote.service.DriverCommandExecutor.execute(DriverCommandExecutor.java:83)
at org.openqa.selenium.remote.RemoteWebDriver.execute(RemoteWebDriver.java:552)
at org.openqa.selenium.remote.RemoteWebDriver.findElement(RemoteWebDriver.java:323)
at org.openqa.selenium.remote.RemoteWebDriver.findElementByXPath(RemoteWebDriver.java:428)
at org.openqa.selenium.By$ByXPath.findElement(By.java:353)
at org.openqa.selenium.remote.RemoteWebDriver.findElement(RemoteWebDriver.java:315)
at org.openqa.selenium.support.ui.ExpectedConditions$7.apply(ExpectedConditions.java:205)
at org.openqa.selenium.support.ui.ExpectedConditions$7.apply(ExpectedConditions.java:201)
at org.openqa.selenium.support.ui.ExpectedConditions$22.apply(ExpectedConditions.java:641)
at org.openqa.selenium.support.ui.ExpectedConditions$22.apply(ExpectedConditions.java:638)
at org.openqa.selenium.support.ui.FluentWait.until(FluentWait.java:249)
... 29 more
]]>
            </full-stacktrace>
          </exception> <!-- org.openqa.selenium.TimeoutException -->
          <reporter-output>
          </reporter-output>
        </test-method> <!-- Precondition_Login -->
        <test-method signature="TC_04_Verify_Search_Existed_Location_By_Name()[pri:0, instance:orangehrm.admin.organization.Location_Operation@50756c76]" started-at="2022-10-17T18:56:07Z" name="TC_04_Verify_Search_Existed_Location_By_Name" finished-at="2022-10-17T18:56:07Z" duration-ms="0" status="SKIP">
          <exception class="org.openqa.selenium.TimeoutException">
            <message>
              <![CDATA[Expected condition failed: waiting for element to be clickable: By.xpath: //span[text()='Admin']/parent::a (tried for 5 second(s) with 500 milliseconds interval)]]>
            </message>
            <full-stacktrace>
              <![CDATA[org.openqa.selenium.TimeoutException: Expected condition failed: waiting for element to be clickable: By.xpath: //span[text()='Admin']/parent::a (tried for 5 second(s) with 500 milliseconds interval)
at org.openqa.selenium.support.ui.WebDriverWait.timeoutException(WebDriverWait.java:95)
at org.openqa.selenium.support.ui.FluentWait.until(FluentWait.java:272)
at commons.AbstractPage.waitToElementClickable(AbstractPage.java:107)
at commons.AbstractPage.clickToLeftMenuByName(AbstractPage.java:180)
at orangehrm.admin.organization.Location_Operation.Precondition_Login(Location_Operation.java:48)
at java.base/jdk.internal.reflect.NativeMethodAccessorImpl.invoke0(Native Method)
at java.base/jdk.internal.reflect.NativeMethodAccessorImpl.invoke(NativeMethodAccessorImpl.java:77)
at java.base/jdk.internal.reflect.DelegatingMethodAccessorImpl.invoke(DelegatingMethodAccessorImpl.java:43)
at java.base/java.lang.reflect.Method.invoke(Method.java:568)
at org.testng.internal.MethodInvocationHelper.invokeMethod(MethodInvocationHelper.java:124)
at org.testng.internal.MethodInvocationHelper.invokeMethodConsideringTimeout(MethodInvocationHelper.java:59)
at org.testng.internal.Invoker.invokeConfigurationMethod(Invoker.java:458)
at org.testng.internal.Invoker.invokeConfigurations(Invoker.java:222)
at org.testng.internal.Invoker.invokeConfigurations(Invoker.java:142)
at org.testng.internal.TestMethodWorker.invokeBeforeClassMethods(TestMethodWorker.java:168)
at org.testng.internal.TestMethodWorker.run(TestMethodWorker.java:105)
at org.testng.TestRunner.privateRun(TestRunner.java:648)
at org.testng.TestRunner.run(TestRunner.java:505)
at org.testng.SuiteRunner.runTest(SuiteRunner.java:455)
at org.testng.SuiteRunner.runSequentially(SuiteRunner.java:450)
at org.testng.SuiteRunner.privateRun(SuiteRunner.java:415)
at org.testng.SuiteRunner.run(SuiteRunner.java:364)
at org.testng.SuiteRunnerWorker.runSuite(SuiteRunnerWorker.java:52)
at org.testng.SuiteRunnerWorker.run(SuiteRunnerWorker.java:84)
at org.testng.TestNG.runSuitesSequentially(TestNG.java:1208)
at org.testng.TestNG.runSuitesLocally(TestNG.java:1137)
at org.testng.TestNG.runSuites(TestNG.java:1049)
at org.testng.TestNG.run(TestNG.java:1017)
at org.testng.remote.AbstractRemoteTestNG.run(AbstractRemoteTestNG.java:115)
at org.testng.remote.RemoteTestNG.initAndRun(RemoteTestNG.java:251)
at org.testng.remote.RemoteTestNG.main(RemoteTestNG.java:77)
Caused by: org.openqa.selenium.NoSuchElementException: no such element: Unable to locate element: {"method":"xpath","selector":"//span[text()='Admin']/parent::a"}
  (Session info: chrome=106.0.5249.119)
For documentation on this error, please visit: https://www.seleniumhq.org/exceptions/no_such_element.html
Build info: version: '3.141.59', revision: 'e82be7d358', time: '2018-11-14T08:17:03'
System info: host: 'DESKTOP-OVC9B5E', ip: '192.168.1.3', os.name: 'Windows 10', os.arch: 'amd64', os.version: '10.0', java.version: '17.0.1'
Driver info: org.openqa.selenium.chrome.ChromeDriver
Capabilities {acceptInsecureCerts: false, browserName: chrome, browserVersion: 106.0.5249.119, chrome: {chromedriverVersion: 106.0.5249.61 (511755355844..., userDataDir: C:\Users\admin\AppData\Loca...}, goog:chromeOptions: {debuggerAddress: localhost:53296}, javascriptEnabled: true, networkConnectionEnabled: false, pageLoadStrategy: normal, platform: WINDOWS, platformName: WINDOWS, proxy: Proxy(), setWindowRect: true, strictFileInteractability: false, timeouts: {implicit: 0, pageLoad: 300000, script: 30000}, unhandledPromptBehavior: dismiss and notify, webauthn:extension:credBlob: true, webauthn:extension:largeBlob: true, webauthn:virtualAuthenticators: true}
Session ID: db1eba3a5067c327115e60a46db535e3
*** Element info: {Using=xpath, value=//span[text()='Admin']/parent::a}
at java.base/jdk.internal.reflect.NativeConstructorAccessorImpl.newInstance0(Native Method)
at java.base/jdk.internal.reflect.NativeConstructorAccessorImpl.newInstance(NativeConstructorAccessorImpl.java:77)
at java.base/jdk.internal.reflect.DelegatingConstructorAccessorImpl.newInstance(DelegatingConstructorAccessorImpl.java:45)
at java.base/java.lang.reflect.Constructor.newInstanceWithCaller(Constructor.java:499)
at java.base/java.lang.reflect.Constructor.newInstance(Constructor.java:480)
at org.openqa.selenium.remote.http.W3CHttpResponseCodec.createException(W3CHttpResponseCodec.java:187)
at org.openqa.selenium.remote.http.W3CHttpResponseCodec.decode(W3CHttpResponseCodec.java:122)
at org.openqa.selenium.remote.http.W3CHttpResponseCodec.decode(W3CHttpResponseCodec.java:49)
at org.openqa.selenium.remote.HttpCommandExecutor.execute(HttpCommandExecutor.java:158)
at org.openqa.selenium.remote.service.DriverCommandExecutor.execute(DriverCommandExecutor.java:83)
at org.openqa.selenium.remote.RemoteWebDriver.execute(RemoteWebDriver.java:552)
at org.openqa.selenium.remote.RemoteWebDriver.findElement(RemoteWebDriver.java:323)
at org.openqa.selenium.remote.RemoteWebDriver.findElementByXPath(RemoteWebDriver.java:428)
at org.openqa.selenium.By$ByXPath.findElement(By.java:353)
at org.openqa.selenium.remote.RemoteWebDriver.findElement(RemoteWebDriver.java:315)
at org.openqa.selenium.support.ui.ExpectedConditions$7.apply(ExpectedConditions.java:205)
at org.openqa.selenium.support.ui.ExpectedConditions$7.apply(ExpectedConditions.java:201)
at org.openqa.selenium.support.ui.ExpectedConditions$22.apply(ExpectedConditions.java:641)
at org.openqa.selenium.support.ui.ExpectedConditions$22.apply(ExpectedConditions.java:638)
at org.openqa.selenium.support.ui.FluentWait.until(FluentWait.java:249)
... 29 more
]]>
            </full-stacktrace>
          </exception> <!-- org.openqa.selenium.TimeoutException -->
          <reporter-output>
          </reporter-output>
        </test-method> <!-- TC_04_Verify_Search_Existed_Location_By_Name -->
        <test-method is-config="true" signature="afterClass()[pri:0, instance:orangehrm.admin.organization.Location_Operation@50756c76]" started-at="2022-10-17T18:56:07Z" name="afterClass" finished-at="2022-10-17T18:56:07Z" duration-ms="0" status="SKIP">
          <reporter-output>
          </reporter-output>
        </test-method> <!-- afterClass -->
      </class> <!-- orangehrm.admin.organization.Location_Operation -->
      <class name="orangehrm.admin.job.PayGrades_Operation">
        <test-method is-config="true" signature="beforeClass(java.lang.String)[pri:0, instance:orangehrm.admin.job.PayGrades_Operation@54cf7c6a]" started-at="2022-10-17T18:53:59Z" name="beforeClass" finished-at="2022-10-17T18:54:24Z" duration-ms="25232" status="PASS">
          <params>
            <param index="0">
              <value>
                <![CDATA[chrome]]>
              </value>
            </param>
          </params>
          <reporter-output>
          </reporter-output>
        </test-method> <!-- beforeClass -->
        <test-method signature="TC_01_Verify_Add_Pay_Grade()[pri:0, instance:orangehrm.admin.job.PayGrades_Operation@54cf7c6a]" started-at="2022-10-17T18:54:24Z" name="TC_01_Verify_Add_Pay_Grade" finished-at="2022-10-17T18:54:31Z" duration-ms="6867" status="PASS">
          <reporter-output>
          </reporter-output>
        </test-method> <!-- TC_01_Verify_Add_Pay_Grade -->
        <test-method signature="TC_02_Verify_Add_Currency()[pri:0, instance:orangehrm.admin.job.PayGrades_Operation@54cf7c6a]" started-at="2022-10-17T18:54:31Z" name="TC_02_Verify_Add_Currency" finished-at="2022-10-17T18:54:49Z" duration-ms="18089" status="FAIL">
          <exception class="org.openqa.selenium.StaleElementReferenceException">
            <message>
              <![CDATA[stale element reference: element is not attached to the page document
  (Session info: chrome=106.0.5249.119)
For documentation on this error, please visit: https://www.seleniumhq.org/exceptions/stale_element_reference.html
Build info: version: '3.141.59', revision: 'e82be7d358', time: '2018-11-14T08:17:03'
System info: host: 'DESKTOP-OVC9B5E', ip: '192.168.1.3', os.name: 'Windows 10', os.arch: 'amd64', os.version: '10.0', java.version: '17.0.1'
Driver info: org.openqa.selenium.chrome.ChromeDriver
Capabilities {acceptInsecureCerts: false, browserName: chrome, browserVersion: 106.0.5249.119, chrome: {chromedriverVersion: 106.0.5249.61 (511755355844..., userDataDir: C:\Users\admin\AppData\Loca...}, goog:chromeOptions: {debuggerAddress: localhost:53219}, javascriptEnabled: true, networkConnectionEnabled: false, pageLoadStrategy: normal, platform: WINDOWS, platformName: WINDOWS, proxy: Proxy(), setWindowRect: true, strictFileInteractability: false, timeouts: {implicit: 0, pageLoad: 300000, script: 30000}, unhandledPromptBehavior: dismiss and notify, webauthn:extension:credBlob: true, webauthn:extension:largeBlob: true, webauthn:virtualAuthenticators: true}
Session ID: b054c35d9ab1042ed7c60c79b5dfedcd]]>
            </message>
            <full-stacktrace>
              <![CDATA[org.openqa.selenium.StaleElementReferenceException: stale element reference: element is not attached to the page document
  (Session info: chrome=106.0.5249.119)
For documentation on this error, please visit: https://www.seleniumhq.org/exceptions/stale_element_reference.html
Build info: version: '3.141.59', revision: 'e82be7d358', time: '2018-11-14T08:17:03'
System info: host: 'DESKTOP-OVC9B5E', ip: '192.168.1.3', os.name: 'Windows 10', os.arch: 'amd64', os.version: '10.0', java.version: '17.0.1'
Driver info: org.openqa.selenium.chrome.ChromeDriver
Capabilities {acceptInsecureCerts: false, browserName: chrome, browserVersion: 106.0.5249.119, chrome: {chromedriverVersion: 106.0.5249.61 (511755355844..., userDataDir: C:\Users\admin\AppData\Loca...}, goog:chromeOptions: {debuggerAddress: localhost:53219}, javascriptEnabled: true, networkConnectionEnabled: false, pageLoadStrategy: normal, platform: WINDOWS, platformName: WINDOWS, proxy: Proxy(), setWindowRect: true, strictFileInteractability: false, timeouts: {implicit: 0, pageLoad: 300000, script: 30000}, unhandledPromptBehavior: dismiss and notify, webauthn:extension:credBlob: true, webauthn:extension:largeBlob: true, webauthn:virtualAuthenticators: true}
Session ID: b054c35d9ab1042ed7c60c79b5dfedcd
at java.base/jdk.internal.reflect.NativeConstructorAccessorImpl.newInstance0(Native Method)
at java.base/jdk.internal.reflect.NativeConstructorAccessorImpl.newInstance(NativeConstructorAccessorImpl.java:77)
at java.base/jdk.internal.reflect.DelegatingConstructorAccessorImpl.newInstance(DelegatingConstructorAccessorImpl.java:45)
at java.base/java.lang.reflect.Constructor.newInstanceWithCaller(Constructor.java:499)
at java.base/java.lang.reflect.Constructor.newInstance(Constructor.java:480)
at org.openqa.selenium.remote.http.W3CHttpResponseCodec.createException(W3CHttpResponseCodec.java:187)
at org.openqa.selenium.remote.http.W3CHttpResponseCodec.decode(W3CHttpResponseCodec.java:122)
at org.openqa.selenium.remote.http.W3CHttpResponseCodec.decode(W3CHttpResponseCodec.java:49)
at org.openqa.selenium.remote.HttpCommandExecutor.execute(HttpCommandExecutor.java:158)
at org.openqa.selenium.remote.service.DriverCommandExecutor.execute(DriverCommandExecutor.java:83)
at org.openqa.selenium.remote.RemoteWebDriver.execute(RemoteWebDriver.java:552)
at org.openqa.selenium.remote.RemoteWebElement.execute(RemoteWebElement.java:285)
at org.openqa.selenium.remote.RemoteWebElement.getText(RemoteWebElement.java:166)
at pageObjects.PayGradesPageObject.getAllDropdownValue(PayGradesPageObject.java:104)
at pageObjects.PayGradesPageObject.getRandomCurrencyValue(PayGradesPageObject.java:168)
at orangehrm.admin.job.PayGrades_Operation.TC_02_Verify_Add_Currency(PayGrades_Operation.java:104)
at java.base/jdk.internal.reflect.NativeMethodAccessorImpl.invoke0(Native Method)
at java.base/jdk.internal.reflect.NativeMethodAccessorImpl.invoke(NativeMethodAccessorImpl.java:77)
at java.base/jdk.internal.reflect.DelegatingMethodAccessorImpl.invoke(DelegatingMethodAccessorImpl.java:43)
at java.base/java.lang.reflect.Method.invoke(Method.java:568)
at org.testng.internal.MethodInvocationHelper.invokeMethod(MethodInvocationHelper.java:124)
at org.testng.internal.Invoker.invokeMethod(Invoker.java:583)
at org.testng.internal.Invoker.invokeTestMethod(Invoker.java:719)
at org.testng.internal.Invoker.invokeTestMethods(Invoker.java:989)
at org.testng.internal.TestMethodWorker.invokeTestMethods(TestMethodWorker.java:125)
at org.testng.internal.TestMethodWorker.run(TestMethodWorker.java:109)
at org.testng.TestRunner.privateRun(TestRunner.java:648)
at org.testng.TestRunner.run(TestRunner.java:505)
at org.testng.SuiteRunner.runTest(SuiteRunner.java:455)
at org.testng.SuiteRunner.runSequentially(SuiteRunner.java:450)
at org.testng.SuiteRunner.privateRun(SuiteRunner.java:415)
at org.testng.SuiteRunner.run(SuiteRunner.java:364)
at org.testng.SuiteRunnerWorker.runSuite(SuiteRunnerWorker.java:52)
at org.testng.SuiteRunnerWorker.run(SuiteRunnerWorker.java:84)
at org.testng.TestNG.runSuitesSequentially(TestNG.java:1208)
at org.testng.TestNG.runSuitesLocally(TestNG.java:1137)
at org.testng.TestNG.runSuites(TestNG.java:1049)
at org.testng.TestNG.run(TestNG.java:1017)
at org.testng.remote.AbstractRemoteTestNG.run(AbstractRemoteTestNG.java:115)
at org.testng.remote.RemoteTestNG.initAndRun(RemoteTestNG.java:251)
at org.testng.remote.RemoteTestNG.main(RemoteTestNG.java:77)
]]>
            </full-stacktrace>
          </exception> <!-- org.openqa.selenium.StaleElementReferenceException -->
          <reporter-output>
            <line>
              <![CDATA[<br><a target="_blank" href="file:///G:\course-automation-test-framework\02-source_code\selenium-java-orangehrm\ReportNGScreenShots\TC_02_Verify_Add_Currency_18_10_2022_01_54_49.png"><img src="file:///G:\course-automation-test-framework\02-source_code\selenium-java-orangehrm\ReportNGScreenShots\TC_02_Verify_Add_Currency_18_10_2022_01_54_49.png" height='100' width='150'/> </a></br>]]>
            </line>
          </reporter-output>
        </test-method> <!-- TC_02_Verify_Add_Currency -->
        <test-method signature="TC_03_Verify_Edit_Currency()[pri:0, instance:orangehrm.admin.job.PayGrades_Operation@54cf7c6a]" started-at="2022-10-17T18:54:50Z" name="TC_03_Verify_Edit_Currency" finished-at="2022-10-17T18:54:50Z" duration-ms="6" status="FAIL">
          <exception class="java.lang.NullPointerException">
            <message>
              <![CDATA[Cannot invoke "String.substring(int)" because "this.currencyValue" is null]]>
            </message>
            <full-stacktrace>
              <![CDATA[java.lang.NullPointerException: Cannot invoke "String.substring(int)" because "this.currencyValue" is null
at orangehrm.admin.job.PayGrades_Operation.TC_03_Verify_Edit_Currency(PayGrades_Operation.java:133)
at java.base/jdk.internal.reflect.NativeMethodAccessorImpl.invoke0(Native Method)
at java.base/jdk.internal.reflect.NativeMethodAccessorImpl.invoke(NativeMethodAccessorImpl.java:77)
at java.base/jdk.internal.reflect.DelegatingMethodAccessorImpl.invoke(DelegatingMethodAccessorImpl.java:43)
at java.base/java.lang.reflect.Method.invoke(Method.java:568)
at org.testng.internal.MethodInvocationHelper.invokeMethod(MethodInvocationHelper.java:124)
at org.testng.internal.Invoker.invokeMethod(Invoker.java:583)
at org.testng.internal.Invoker.invokeTestMethod(Invoker.java:719)
at org.testng.internal.Invoker.invokeTestMethods(Invoker.java:989)
at org.testng.internal.TestMethodWorker.invokeTestMethods(TestMethodWorker.java:125)
at org.testng.internal.TestMethodWorker.run(TestMethodWorker.java:109)
at org.testng.TestRunner.privateRun(TestRunner.java:648)
at org.testng.TestRunner.run(TestRunner.java:505)
at org.testng.SuiteRunner.runTest(SuiteRunner.java:455)
at org.testng.SuiteRunner.runSequentially(SuiteRunner.java:450)
at org.testng.SuiteRunner.privateRun(SuiteRunner.java:415)
at org.testng.SuiteRunner.run(SuiteRunner.java:364)
at org.testng.SuiteRunnerWorker.runSuite(SuiteRunnerWorker.java:52)
at org.testng.SuiteRunnerWorker.run(SuiteRunnerWorker.java:84)
at org.testng.TestNG.runSuitesSequentially(TestNG.java:1208)
at org.testng.TestNG.runSuitesLocally(TestNG.java:1137)
at org.testng.TestNG.runSuites(TestNG.java:1049)
at org.testng.TestNG.run(TestNG.java:1017)
at org.testng.remote.AbstractRemoteTestNG.run(AbstractRemoteTestNG.java:115)
at org.testng.remote.RemoteTestNG.initAndRun(RemoteTestNG.java:251)
at org.testng.remote.RemoteTestNG.main(RemoteTestNG.java:77)
]]>
            </full-stacktrace>
          </exception> <!-- java.lang.NullPointerException -->
          <reporter-output>
            <line>
              <![CDATA[<br><a target="_blank" href="file:///G:\course-automation-test-framework\02-source_code\selenium-java-orangehrm\ReportNGScreenShots\TC_03_Verify_Edit_Currency_18_10_2022_01_54_50.png"><img src="file:///G:\course-automation-test-framework\02-source_code\selenium-java-orangehrm\ReportNGScreenShots\TC_03_Verify_Edit_Currency_18_10_2022_01_54_50.png" height='100' width='150'/> </a></br>]]>
            </line>
          </reporter-output>
        </test-method> <!-- TC_03_Verify_Edit_Currency -->
        <test-method signature="TC_04_Verify_Delete_Currency()[pri:0, instance:orangehrm.admin.job.PayGrades_Operation@54cf7c6a]" started-at="2022-10-17T18:54:51Z" name="TC_04_Verify_Delete_Currency" finished-at="2022-10-17T18:54:51Z" duration-ms="5" status="FAIL">
          <exception class="java.lang.NullPointerException">
            <message>
              <![CDATA[Cannot invoke "String.substring(int)" because "this.currencyValue" is null]]>
            </message>
            <full-stacktrace>
              <![CDATA[java.lang.NullPointerException: Cannot invoke "String.substring(int)" because "this.currencyValue" is null
at orangehrm.admin.job.PayGrades_Operation.TC_04_Verify_Delete_Currency(PayGrades_Operation.java:156)
at java.base/jdk.internal.reflect.NativeMethodAccessorImpl.invoke0(Native Method)
at java.base/jdk.internal.reflect.NativeMethodAccessorImpl.invoke(NativeMethodAccessorImpl.java:77)
at java.base/jdk.internal.reflect.DelegatingMethodAccessorImpl.invoke(DelegatingMethodAccessorImpl.java:43)
at java.base/java.lang.reflect.Method.invoke(Method.java:568)
at org.testng.internal.MethodInvocationHelper.invokeMethod(MethodInvocationHelper.java:124)
at org.testng.internal.Invoker.invokeMethod(Invoker.java:583)
at org.testng.internal.Invoker.invokeTestMethod(Invoker.java:719)
at org.testng.internal.Invoker.invokeTestMethods(Invoker.java:989)
at org.testng.internal.TestMethodWorker.invokeTestMethods(TestMethodWorker.java:125)
at org.testng.internal.TestMethodWorker.run(TestMethodWorker.java:109)
at org.testng.TestRunner.privateRun(TestRunner.java:648)
at org.testng.TestRunner.run(TestRunner.java:505)
at org.testng.SuiteRunner.runTest(SuiteRunner.java:455)
at org.testng.SuiteRunner.runSequentially(SuiteRunner.java:450)
at org.testng.SuiteRunner.privateRun(SuiteRunner.java:415)
at org.testng.SuiteRunner.run(SuiteRunner.java:364)
at org.testng.SuiteRunnerWorker.runSuite(SuiteRunnerWorker.java:52)
at org.testng.SuiteRunnerWorker.run(SuiteRunnerWorker.java:84)
at org.testng.TestNG.runSuitesSequentially(TestNG.java:1208)
at org.testng.TestNG.runSuitesLocally(TestNG.java:1137)
at org.testng.TestNG.runSuites(TestNG.java:1049)
at org.testng.TestNG.run(TestNG.java:1017)
at org.testng.remote.AbstractRemoteTestNG.run(AbstractRemoteTestNG.java:115)
at org.testng.remote.RemoteTestNG.initAndRun(RemoteTestNG.java:251)
at org.testng.remote.RemoteTestNG.main(RemoteTestNG.java:77)
]]>
            </full-stacktrace>
          </exception> <!-- java.lang.NullPointerException -->
          <reporter-output>
            <line>
              <![CDATA[<br><a target="_blank" href="file:///G:\course-automation-test-framework\02-source_code\selenium-java-orangehrm\ReportNGScreenShots\TC_04_Verify_Delete_Currency_18_10_2022_01_54_51.png"><img src="file:///G:\course-automation-test-framework\02-source_code\selenium-java-orangehrm\ReportNGScreenShots\TC_04_Verify_Delete_Currency_18_10_2022_01_54_51.png" height='100' width='150'/> </a></br>]]>
            </line>
          </reporter-output>
        </test-method> <!-- TC_04_Verify_Delete_Currency -->
        <test-method signature="TC_05_Verify_Edit_Pay_Grades()[pri:0, instance:orangehrm.admin.job.PayGrades_Operation@54cf7c6a]" started-at="2022-10-17T18:54:51Z" name="TC_05_Verify_Edit_Pay_Grades" finished-at="2022-10-17T18:55:03Z" duration-ms="11613" status="PASS">
          <reporter-output>
          </reporter-output>
        </test-method> <!-- TC_05_Verify_Edit_Pay_Grades -->
        <test-method signature="TC_06_Verify_Delete_Pay_Grade()[pri:0, instance:orangehrm.admin.job.PayGrades_Operation@54cf7c6a]" started-at="2022-10-17T18:55:03Z" name="TC_06_Verify_Delete_Pay_Grade" finished-at="2022-10-17T18:55:13Z" duration-ms="9849" status="PASS">
          <reporter-output>
          </reporter-output>
        </test-method> <!-- TC_06_Verify_Delete_Pay_Grade -->
        <test-method is-config="true" signature="afterClass()[pri:0, instance:orangehrm.admin.job.PayGrades_Operation@54cf7c6a]" started-at="2022-10-17T18:55:13Z" name="afterClass" finished-at="2022-10-17T18:55:14Z" duration-ms="680" status="PASS">
          <reporter-output>
          </reporter-output>
        </test-method> <!-- afterClass -->
      </class> <!-- orangehrm.admin.job.PayGrades_Operation -->
      <class name="orangehrm.page.Admin_Page_Access_01">
        <test-method is-config="true" signature="Precondition_Login(java.lang.String)[pri:0, instance:orangehrm.page.Admin_Page_Access_01@38aafb53]" started-at="2022-10-17T18:56:07Z" name="Precondition_Login" finished-at="2022-10-17T18:56:33Z" duration-ms="25804" status="PASS">
          <params>
            <param index="0">
              <value>
                <![CDATA[chrome]]>
              </value>
            </param>
          </params>
          <reporter-output>
          </reporter-output>
        </test-method> <!-- Precondition_Login -->
        <test-method signature="TC_01_Verify_Access_User_Page()[pri:0, instance:orangehrm.page.Admin_Page_Access_01@38aafb53]" started-at="2022-10-17T18:56:33Z" name="TC_01_Verify_Access_User_Page" finished-at="2022-10-17T18:56:45Z" duration-ms="11772" status="FAIL">
          <exception class="org.openqa.selenium.TimeoutException">
            <message>
              <![CDATA[Expected condition failed: waiting for element to be clickable: By.xpath: //span[text()='Admin']/parent::a (tried for 5 second(s) with 500 milliseconds interval)]]>
            </message>
            <full-stacktrace>
              <![CDATA[org.openqa.selenium.TimeoutException: Expected condition failed: waiting for element to be clickable: By.xpath: //span[text()='Admin']/parent::a (tried for 5 second(s) with 500 milliseconds interval)
at org.openqa.selenium.support.ui.WebDriverWait.timeoutException(WebDriverWait.java:95)
at org.openqa.selenium.support.ui.FluentWait.until(FluentWait.java:272)
at commons.AbstractPage.waitToElementClickable(AbstractPage.java:107)
at commons.AbstractPage.clickToLeftMenuByName(AbstractPage.java:180)
at orangehrm.page.Admin_Page_Access_01.TC_01_Verify_Access_User_Page(Admin_Page_Access_01.java:57)
at java.base/jdk.internal.reflect.NativeMethodAccessorImpl.invoke0(Native Method)
at java.base/jdk.internal.reflect.NativeMethodAccessorImpl.invoke(NativeMethodAccessorImpl.java:77)
at java.base/jdk.internal.reflect.DelegatingMethodAccessorImpl.invoke(DelegatingMethodAccessorImpl.java:43)
at java.base/java.lang.reflect.Method.invoke(Method.java:568)
at org.testng.internal.MethodInvocationHelper.invokeMethod(MethodInvocationHelper.java:124)
at org.testng.internal.Invoker.invokeMethod(Invoker.java:583)
at org.testng.internal.Invoker.invokeTestMethod(Invoker.java:719)
at org.testng.internal.Invoker.invokeTestMethods(Invoker.java:989)
at org.testng.internal.TestMethodWorker.invokeTestMethods(TestMethodWorker.java:125)
at org.testng.internal.TestMethodWorker.run(TestMethodWorker.java:109)
at org.testng.TestRunner.privateRun(TestRunner.java:648)
at org.testng.TestRunner.run(TestRunner.java:505)
at org.testng.SuiteRunner.runTest(SuiteRunner.java:455)
at org.testng.SuiteRunner.runSequentially(SuiteRunner.java:450)
at org.testng.SuiteRunner.privateRun(SuiteRunner.java:415)
at org.testng.SuiteRunner.run(SuiteRunner.java:364)
at org.testng.SuiteRunnerWorker.runSuite(SuiteRunnerWorker.java:52)
at org.testng.SuiteRunnerWorker.run(SuiteRunnerWorker.java:84)
at org.testng.TestNG.runSuitesSequentially(TestNG.java:1208)
at org.testng.TestNG.runSuitesLocally(TestNG.java:1137)
at org.testng.TestNG.runSuites(TestNG.java:1049)
at org.testng.TestNG.run(TestNG.java:1017)
at org.testng.remote.AbstractRemoteTestNG.run(AbstractRemoteTestNG.java:115)
at org.testng.remote.RemoteTestNG.initAndRun(RemoteTestNG.java:251)
at org.testng.remote.RemoteTestNG.main(RemoteTestNG.java:77)
Caused by: org.openqa.selenium.NoSuchElementException: no such element: Unable to locate element: {"method":"xpath","selector":"//span[text()='Admin']/parent::a"}
  (Session info: chrome=106.0.5249.119)
For documentation on this error, please visit: https://www.seleniumhq.org/exceptions/no_such_element.html
Build info: version: '3.141.59', revision: 'e82be7d358', time: '2018-11-14T08:17:03'
System info: host: 'DESKTOP-OVC9B5E', ip: '192.168.1.3', os.name: 'Windows 10', os.arch: 'amd64', os.version: '10.0', java.version: '17.0.1'
Driver info: org.openqa.selenium.chrome.ChromeDriver
Capabilities {acceptInsecureCerts: false, browserName: chrome, browserVersion: 106.0.5249.119, chrome: {chromedriverVersion: 106.0.5249.61 (511755355844..., userDataDir: C:\Users\admin\AppData\Loca...}, goog:chromeOptions: {debuggerAddress: localhost:53316}, javascriptEnabled: true, networkConnectionEnabled: false, pageLoadStrategy: normal, platform: WINDOWS, platformName: WINDOWS, proxy: Proxy(), setWindowRect: true, strictFileInteractability: false, timeouts: {implicit: 0, pageLoad: 300000, script: 30000}, unhandledPromptBehavior: dismiss and notify, webauthn:extension:credBlob: true, webauthn:extension:largeBlob: true, webauthn:virtualAuthenticators: true}
Session ID: ff215575744e01bcc1b0bd39770fa845
*** Element info: {Using=xpath, value=//span[text()='Admin']/parent::a}
at java.base/jdk.internal.reflect.NativeConstructorAccessorImpl.newInstance0(Native Method)
at java.base/jdk.internal.reflect.NativeConstructorAccessorImpl.newInstance(NativeConstructorAccessorImpl.java:77)
at java.base/jdk.internal.reflect.DelegatingConstructorAccessorImpl.newInstance(DelegatingConstructorAccessorImpl.java:45)
at java.base/java.lang.reflect.Constructor.newInstanceWithCaller(Constructor.java:499)
at java.base/java.lang.reflect.Constructor.newInstance(Constructor.java:480)
at org.openqa.selenium.remote.http.W3CHttpResponseCodec.createException(W3CHttpResponseCodec.java:187)
at org.openqa.selenium.remote.http.W3CHttpResponseCodec.decode(W3CHttpResponseCodec.java:122)
at org.openqa.selenium.remote.http.W3CHttpResponseCodec.decode(W3CHttpResponseCodec.java:49)
at org.openqa.selenium.remote.HttpCommandExecutor.execute(HttpCommandExecutor.java:158)
at org.openqa.selenium.remote.service.DriverCommandExecutor.execute(DriverCommandExecutor.java:83)
at org.openqa.selenium.remote.RemoteWebDriver.execute(RemoteWebDriver.java:552)
at org.openqa.selenium.remote.RemoteWebDriver.findElement(RemoteWebDriver.java:323)
at org.openqa.selenium.remote.RemoteWebDriver.findElementByXPath(RemoteWebDriver.java:428)
at org.openqa.selenium.By$ByXPath.findElement(By.java:353)
at org.openqa.selenium.remote.RemoteWebDriver.findElement(RemoteWebDriver.java:315)
at org.openqa.selenium.support.ui.ExpectedConditions$7.apply(ExpectedConditions.java:205)
at org.openqa.selenium.support.ui.ExpectedConditions$7.apply(ExpectedConditions.java:201)
at org.openqa.selenium.support.ui.ExpectedConditions$22.apply(ExpectedConditions.java:641)
at org.openqa.selenium.support.ui.ExpectedConditions$22.apply(ExpectedConditions.java:638)
at org.openqa.selenium.support.ui.FluentWait.until(FluentWait.java:249)
... 28 more
]]>
            </full-stacktrace>
          </exception> <!-- org.openqa.selenium.TimeoutException -->
          <reporter-output>
            <line>
              <![CDATA[<br><a target="_blank" href="file:///G:\course-automation-test-framework\02-source_code\selenium-java-orangehrm\ReportNGScreenShots\TC_01_Verify_Access_User_Page_18_10_2022_01_56_45.png"><img src="file:///G:\course-automation-test-framework\02-source_code\selenium-java-orangehrm\ReportNGScreenShots\TC_01_Verify_Access_User_Page_18_10_2022_01_56_45.png" height='100' width='150'/> </a></br>]]>
            </line>
          </reporter-output>
        </test-method> <!-- TC_01_Verify_Access_User_Page -->
        <test-method signature="TC_02_Verify_Job_Titles_Page()[pri:0, instance:orangehrm.page.Admin_Page_Access_01@38aafb53]" started-at="2022-10-17T18:56:46Z" name="TC_02_Verify_Job_Titles_Page" finished-at="2022-10-17T18:56:46Z" duration-ms="7" status="FAIL">
          <exception class="java.lang.NullPointerException">
            <message>
              <![CDATA[Cannot invoke "pageObjects.UserPageObject.clickToParentMenuByName(org.openqa.selenium.WebDriver, String)" because "this.userPage" is null]]>
            </message>
            <full-stacktrace>
              <![CDATA[java.lang.NullPointerException: Cannot invoke "pageObjects.UserPageObject.clickToParentMenuByName(org.openqa.selenium.WebDriver, String)" because "this.userPage" is null
at orangehrm.page.Admin_Page_Access_01.TC_02_Verify_Job_Titles_Page(Admin_Page_Access_01.java:67)
at java.base/jdk.internal.reflect.NativeMethodAccessorImpl.invoke0(Native Method)
at java.base/jdk.internal.reflect.NativeMethodAccessorImpl.invoke(NativeMethodAccessorImpl.java:77)
at java.base/jdk.internal.reflect.DelegatingMethodAccessorImpl.invoke(DelegatingMethodAccessorImpl.java:43)
at java.base/java.lang.reflect.Method.invoke(Method.java:568)
at org.testng.internal.MethodInvocationHelper.invokeMethod(MethodInvocationHelper.java:124)
at org.testng.internal.Invoker.invokeMethod(Invoker.java:583)
at org.testng.internal.Invoker.invokeTestMethod(Invoker.java:719)
at org.testng.internal.Invoker.invokeTestMethods(Invoker.java:989)
at org.testng.internal.TestMethodWorker.invokeTestMethods(TestMethodWorker.java:125)
at org.testng.internal.TestMethodWorker.run(TestMethodWorker.java:109)
at org.testng.TestRunner.privateRun(TestRunner.java:648)
at org.testng.TestRunner.run(TestRunner.java:505)
at org.testng.SuiteRunner.runTest(SuiteRunner.java:455)
at org.testng.SuiteRunner.runSequentially(SuiteRunner.java:450)
at org.testng.SuiteRunner.privateRun(SuiteRunner.java:415)
at org.testng.SuiteRunner.run(SuiteRunner.java:364)
at org.testng.SuiteRunnerWorker.runSuite(SuiteRunnerWorker.java:52)
at org.testng.SuiteRunnerWorker.run(SuiteRunnerWorker.java:84)
at org.testng.TestNG.runSuitesSequentially(TestNG.java:1208)
at org.testng.TestNG.runSuitesLocally(TestNG.java:1137)
at org.testng.TestNG.runSuites(TestNG.java:1049)
at org.testng.TestNG.run(TestNG.java:1017)
at org.testng.remote.AbstractRemoteTestNG.run(AbstractRemoteTestNG.java:115)
at org.testng.remote.RemoteTestNG.initAndRun(RemoteTestNG.java:251)
at org.testng.remote.RemoteTestNG.main(RemoteTestNG.java:77)
]]>
            </full-stacktrace>
          </exception> <!-- java.lang.NullPointerException -->
          <reporter-output>
            <line>
              <![CDATA[<br><a target="_blank" href="file:///G:\course-automation-test-framework\02-source_code\selenium-java-orangehrm\ReportNGScreenShots\TC_02_Verify_Job_Titles_Page_18_10_2022_01_56_46.png"><img src="file:///G:\course-automation-test-framework\02-source_code\selenium-java-orangehrm\ReportNGScreenShots\TC_02_Verify_Job_Titles_Page_18_10_2022_01_56_46.png" height='100' width='150'/> </a></br>]]>
            </line>
          </reporter-output>
        </test-method> <!-- TC_02_Verify_Job_Titles_Page -->
        <test-method signature="TC_03_Verify_Job_Pay_Grades_Page()[pri:0, instance:orangehrm.page.Admin_Page_Access_01@38aafb53]" started-at="2022-10-17T18:56:47Z" name="TC_03_Verify_Job_Pay_Grades_Page" finished-at="2022-10-17T18:56:47Z" duration-ms="4" status="FAIL">
          <exception class="java.lang.NullPointerException">
            <message>
              <![CDATA[Cannot invoke "pageObjects.JobTitlesPageObject.clickToParentMenuByName(org.openqa.selenium.WebDriver, String)" because "this.jobTitlesPage" is null]]>
            </message>
            <full-stacktrace>
              <![CDATA[java.lang.NullPointerException: Cannot invoke "pageObjects.JobTitlesPageObject.clickToParentMenuByName(org.openqa.selenium.WebDriver, String)" because "this.jobTitlesPage" is null
at orangehrm.page.Admin_Page_Access_01.TC_03_Verify_Job_Pay_Grades_Page(Admin_Page_Access_01.java:78)
at java.base/jdk.internal.reflect.NativeMethodAccessorImpl.invoke0(Native Method)
at java.base/jdk.internal.reflect.NativeMethodAccessorImpl.invoke(NativeMethodAccessorImpl.java:77)
at java.base/jdk.internal.reflect.DelegatingMethodAccessorImpl.invoke(DelegatingMethodAccessorImpl.java:43)
at java.base/java.lang.reflect.Method.invoke(Method.java:568)
at org.testng.internal.MethodInvocationHelper.invokeMethod(MethodInvocationHelper.java:124)
at org.testng.internal.Invoker.invokeMethod(Invoker.java:583)
at org.testng.internal.Invoker.invokeTestMethod(Invoker.java:719)
at org.testng.internal.Invoker.invokeTestMethods(Invoker.java:989)
at org.testng.internal.TestMethodWorker.invokeTestMethods(TestMethodWorker.java:125)
at org.testng.internal.TestMethodWorker.run(TestMethodWorker.java:109)
at org.testng.TestRunner.privateRun(TestRunner.java:648)
at org.testng.TestRunner.run(TestRunner.java:505)
at org.testng.SuiteRunner.runTest(SuiteRunner.java:455)
at org.testng.SuiteRunner.runSequentially(SuiteRunner.java:450)
at org.testng.SuiteRunner.privateRun(SuiteRunner.java:415)
at org.testng.SuiteRunner.run(SuiteRunner.java:364)
at org.testng.SuiteRunnerWorker.runSuite(SuiteRunnerWorker.java:52)
at org.testng.SuiteRunnerWorker.run(SuiteRunnerWorker.java:84)
at org.testng.TestNG.runSuitesSequentially(TestNG.java:1208)
at org.testng.TestNG.runSuitesLocally(TestNG.java:1137)
at org.testng.TestNG.runSuites(TestNG.java:1049)
at org.testng.TestNG.run(TestNG.java:1017)
at org.testng.remote.AbstractRemoteTestNG.run(AbstractRemoteTestNG.java:115)
at org.testng.remote.RemoteTestNG.initAndRun(RemoteTestNG.java:251)
at org.testng.remote.RemoteTestNG.main(RemoteTestNG.java:77)
]]>
            </full-stacktrace>
          </exception> <!-- java.lang.NullPointerException -->
          <reporter-output>
            <line>
              <![CDATA[<br><a target="_blank" href="file:///G:\course-automation-test-framework\02-source_code\selenium-java-orangehrm\ReportNGScreenShots\TC_03_Verify_Job_Pay_Grades_Page_18_10_2022_01_56_47.png"><img src="file:///G:\course-automation-test-framework\02-source_code\selenium-java-orangehrm\ReportNGScreenShots\TC_03_Verify_Job_Pay_Grades_Page_18_10_2022_01_56_47.png" height='100' width='150'/> </a></br>]]>
            </line>
          </reporter-output>
        </test-method> <!-- TC_03_Verify_Job_Pay_Grades_Page -->
        <test-method signature="TC_04_Verify_Job_Employee_Status_Page()[pri:0, instance:orangehrm.page.Admin_Page_Access_01@38aafb53]" started-at="2022-10-17T18:56:47Z" name="TC_04_Verify_Job_Employee_Status_Page" finished-at="2022-10-17T18:56:47Z" duration-ms="5" status="FAIL">
          <exception class="java.lang.NullPointerException">
            <message>
              <![CDATA[Cannot invoke "pageObjects.PayGradesPageObject.clickToParentMenuByName(org.openqa.selenium.WebDriver, String)" because "this.payGradesPage" is null]]>
            </message>
            <full-stacktrace>
              <![CDATA[java.lang.NullPointerException: Cannot invoke "pageObjects.PayGradesPageObject.clickToParentMenuByName(org.openqa.selenium.WebDriver, String)" because "this.payGradesPage" is null
at orangehrm.page.Admin_Page_Access_01.TC_04_Verify_Job_Employee_Status_Page(Admin_Page_Access_01.java:89)
at java.base/jdk.internal.reflect.NativeMethodAccessorImpl.invoke0(Native Method)
at java.base/jdk.internal.reflect.NativeMethodAccessorImpl.invoke(NativeMethodAccessorImpl.java:77)
at java.base/jdk.internal.reflect.DelegatingMethodAccessorImpl.invoke(DelegatingMethodAccessorImpl.java:43)
at java.base/java.lang.reflect.Method.invoke(Method.java:568)
at org.testng.internal.MethodInvocationHelper.invokeMethod(MethodInvocationHelper.java:124)
at org.testng.internal.Invoker.invokeMethod(Invoker.java:583)
at org.testng.internal.Invoker.invokeTestMethod(Invoker.java:719)
at org.testng.internal.Invoker.invokeTestMethods(Invoker.java:989)
at org.testng.internal.TestMethodWorker.invokeTestMethods(TestMethodWorker.java:125)
at org.testng.internal.TestMethodWorker.run(TestMethodWorker.java:109)
at org.testng.TestRunner.privateRun(TestRunner.java:648)
at org.testng.TestRunner.run(TestRunner.java:505)
at org.testng.SuiteRunner.runTest(SuiteRunner.java:455)
at org.testng.SuiteRunner.runSequentially(SuiteRunner.java:450)
at org.testng.SuiteRunner.privateRun(SuiteRunner.java:415)
at org.testng.SuiteRunner.run(SuiteRunner.java:364)
at org.testng.SuiteRunnerWorker.runSuite(SuiteRunnerWorker.java:52)
at org.testng.SuiteRunnerWorker.run(SuiteRunnerWorker.java:84)
at org.testng.TestNG.runSuitesSequentially(TestNG.java:1208)
at org.testng.TestNG.runSuitesLocally(TestNG.java:1137)
at org.testng.TestNG.runSuites(TestNG.java:1049)
at org.testng.TestNG.run(TestNG.java:1017)
at org.testng.remote.AbstractRemoteTestNG.run(AbstractRemoteTestNG.java:115)
at org.testng.remote.RemoteTestNG.initAndRun(RemoteTestNG.java:251)
at org.testng.remote.RemoteTestNG.main(RemoteTestNG.java:77)
]]>
            </full-stacktrace>
          </exception> <!-- java.lang.NullPointerException -->
          <reporter-output>
            <line>
              <![CDATA[<br><a target="_blank" href="file:///G:\course-automation-test-framework\02-source_code\selenium-java-orangehrm\ReportNGScreenShots\TC_04_Verify_Job_Employee_Status_Page_18_10_2022_01_56_47.png"><img src="file:///G:\course-automation-test-framework\02-source_code\selenium-java-orangehrm\ReportNGScreenShots\TC_04_Verify_Job_Employee_Status_Page_18_10_2022_01_56_47.png" height='100' width='150'/> </a></br>]]>
            </line>
          </reporter-output>
        </test-method> <!-- TC_04_Verify_Job_Employee_Status_Page -->
        <test-method signature="TC_05_Verify_Job_Job_Categories_Page()[pri:0, instance:orangehrm.page.Admin_Page_Access_01@38aafb53]" started-at="2022-10-17T18:56:48Z" name="TC_05_Verify_Job_Job_Categories_Page" finished-at="2022-10-17T18:56:48Z" duration-ms="5" status="FAIL">
          <exception class="java.lang.NullPointerException">
            <message>
              <![CDATA[Cannot invoke "pageObjects.EmploymentStatusPageObject.clickToParentMenuByName(org.openqa.selenium.WebDriver, String)" because "this.employmentStatusPage" is null]]>
            </message>
            <full-stacktrace>
              <![CDATA[java.lang.NullPointerException: Cannot invoke "pageObjects.EmploymentStatusPageObject.clickToParentMenuByName(org.openqa.selenium.WebDriver, String)" because "this.employmentStatusPage" is null
at orangehrm.page.Admin_Page_Access_01.TC_05_Verify_Job_Job_Categories_Page(Admin_Page_Access_01.java:100)
at java.base/jdk.internal.reflect.NativeMethodAccessorImpl.invoke0(Native Method)
at java.base/jdk.internal.reflect.NativeMethodAccessorImpl.invoke(NativeMethodAccessorImpl.java:77)
at java.base/jdk.internal.reflect.DelegatingMethodAccessorImpl.invoke(DelegatingMethodAccessorImpl.java:43)
at java.base/java.lang.reflect.Method.invoke(Method.java:568)
at org.testng.internal.MethodInvocationHelper.invokeMethod(MethodInvocationHelper.java:124)
at org.testng.internal.Invoker.invokeMethod(Invoker.java:583)
at org.testng.internal.Invoker.invokeTestMethod(Invoker.java:719)
at org.testng.internal.Invoker.invokeTestMethods(Invoker.java:989)
at org.testng.internal.TestMethodWorker.invokeTestMethods(TestMethodWorker.java:125)
at org.testng.internal.TestMethodWorker.run(TestMethodWorker.java:109)
at org.testng.TestRunner.privateRun(TestRunner.java:648)
at org.testng.TestRunner.run(TestRunner.java:505)
at org.testng.SuiteRunner.runTest(SuiteRunner.java:455)
at org.testng.SuiteRunner.runSequentially(SuiteRunner.java:450)
at org.testng.SuiteRunner.privateRun(SuiteRunner.java:415)
at org.testng.SuiteRunner.run(SuiteRunner.java:364)
at org.testng.SuiteRunnerWorker.runSuite(SuiteRunnerWorker.java:52)
at org.testng.SuiteRunnerWorker.run(SuiteRunnerWorker.java:84)
at org.testng.TestNG.runSuitesSequentially(TestNG.java:1208)
at org.testng.TestNG.runSuitesLocally(TestNG.java:1137)
at org.testng.TestNG.runSuites(TestNG.java:1049)
at org.testng.TestNG.run(TestNG.java:1017)
at org.testng.remote.AbstractRemoteTestNG.run(AbstractRemoteTestNG.java:115)
at org.testng.remote.RemoteTestNG.initAndRun(RemoteTestNG.java:251)
at org.testng.remote.RemoteTestNG.main(RemoteTestNG.java:77)
]]>
            </full-stacktrace>
          </exception> <!-- java.lang.NullPointerException -->
          <reporter-output>
            <line>
              <![CDATA[<br><a target="_blank" href="file:///G:\course-automation-test-framework\02-source_code\selenium-java-orangehrm\ReportNGScreenShots\TC_05_Verify_Job_Job_Categories_Page_18_10_2022_01_56_48.png"><img src="file:///G:\course-automation-test-framework\02-source_code\selenium-java-orangehrm\ReportNGScreenShots\TC_05_Verify_Job_Job_Categories_Page_18_10_2022_01_56_48.png" height='100' width='150'/> </a></br>]]>
            </line>
          </reporter-output>
        </test-method> <!-- TC_05_Verify_Job_Job_Categories_Page -->
        <test-method signature="TC_06_Verify_Job_Work_Shifts_Page()[pri:0, instance:orangehrm.page.Admin_Page_Access_01@38aafb53]" started-at="2022-10-17T18:56:49Z" name="TC_06_Verify_Job_Work_Shifts_Page" finished-at="2022-10-17T18:56:49Z" duration-ms="5" status="FAIL">
          <exception class="java.lang.NullPointerException">
            <message>
              <![CDATA[Cannot invoke "pageObjects.JobCategoriesPageObject.clickToParentMenuByName(org.openqa.selenium.WebDriver, String)" because "this.jobCategoriesPage" is null]]>
            </message>
            <full-stacktrace>
              <![CDATA[java.lang.NullPointerException: Cannot invoke "pageObjects.JobCategoriesPageObject.clickToParentMenuByName(org.openqa.selenium.WebDriver, String)" because "this.jobCategoriesPage" is null
at orangehrm.page.Admin_Page_Access_01.TC_06_Verify_Job_Work_Shifts_Page(Admin_Page_Access_01.java:111)
at java.base/jdk.internal.reflect.NativeMethodAccessorImpl.invoke0(Native Method)
at java.base/jdk.internal.reflect.NativeMethodAccessorImpl.invoke(NativeMethodAccessorImpl.java:77)
at java.base/jdk.internal.reflect.DelegatingMethodAccessorImpl.invoke(DelegatingMethodAccessorImpl.java:43)
at java.base/java.lang.reflect.Method.invoke(Method.java:568)
at org.testng.internal.MethodInvocationHelper.invokeMethod(MethodInvocationHelper.java:124)
at org.testng.internal.Invoker.invokeMethod(Invoker.java:583)
at org.testng.internal.Invoker.invokeTestMethod(Invoker.java:719)
at org.testng.internal.Invoker.invokeTestMethods(Invoker.java:989)
at org.testng.internal.TestMethodWorker.invokeTestMethods(TestMethodWorker.java:125)
at org.testng.internal.TestMethodWorker.run(TestMethodWorker.java:109)
at org.testng.TestRunner.privateRun(TestRunner.java:648)
at org.testng.TestRunner.run(TestRunner.java:505)
at org.testng.SuiteRunner.runTest(SuiteRunner.java:455)
at org.testng.SuiteRunner.runSequentially(SuiteRunner.java:450)
at org.testng.SuiteRunner.privateRun(SuiteRunner.java:415)
at org.testng.SuiteRunner.run(SuiteRunner.java:364)
at org.testng.SuiteRunnerWorker.runSuite(SuiteRunnerWorker.java:52)
at org.testng.SuiteRunnerWorker.run(SuiteRunnerWorker.java:84)
at org.testng.TestNG.runSuitesSequentially(TestNG.java:1208)
at org.testng.TestNG.runSuitesLocally(TestNG.java:1137)
at org.testng.TestNG.runSuites(TestNG.java:1049)
at org.testng.TestNG.run(TestNG.java:1017)
at org.testng.remote.AbstractRemoteTestNG.run(AbstractRemoteTestNG.java:115)
at org.testng.remote.RemoteTestNG.initAndRun(RemoteTestNG.java:251)
at org.testng.remote.RemoteTestNG.main(RemoteTestNG.java:77)
]]>
            </full-stacktrace>
          </exception> <!-- java.lang.NullPointerException -->
          <reporter-output>
            <line>
              <![CDATA[<br><a target="_blank" href="file:///G:\course-automation-test-framework\02-source_code\selenium-java-orangehrm\ReportNGScreenShots\TC_06_Verify_Job_Work_Shifts_Page_18_10_2022_01_56_49.png"><img src="file:///G:\course-automation-test-framework\02-source_code\selenium-java-orangehrm\ReportNGScreenShots\TC_06_Verify_Job_Work_Shifts_Page_18_10_2022_01_56_49.png" height='100' width='150'/> </a></br>]]>
            </line>
          </reporter-output>
        </test-method> <!-- TC_06_Verify_Job_Work_Shifts_Page -->
        <test-method is-config="true" signature="afterClass()[pri:0, instance:orangehrm.page.Admin_Page_Access_01@38aafb53]" started-at="2022-10-17T18:56:50Z" name="afterClass" finished-at="2022-10-17T18:56:50Z" duration-ms="517" status="PASS">
          <reporter-output>
          </reporter-output>
        </test-method> <!-- afterClass -->
      </class> <!-- orangehrm.page.Admin_Page_Access_01 -->
    </test> <!-- Run on Chrome -->
  </suite> <!-- Suite -->
</testng-results>
